<?xml version="1.0" encoding="UTF-8"?>
<coverage generated="1763299637328" clover="3.2.0">
  <project timestamp="1763299637328" name="All files">
    <metrics statements="167" coveredstatements="167" conditionals="66" coveredconditionals="66" methods="15" coveredmethods="15" elements="248" coveredelements="248" complexity="0" loc="167" ncloc="167" packages="1" files="1" classes="1"/>
    <file name="AuthController.js" path="D:\User\Documents\KULIAH - S1 SISTEM INFORMASI\Semester 5\Proyek Pengembangan Sistem Informasi\SILAPOR-OOP\SILAPOR-PPSI\controllers\AuthController.js">
      <metrics statements="167" coveredstatements="167" conditionals="66" coveredconditionals="66" methods="15" coveredmethods="15"/>
      <line num="1" count="1" type="stmt"/>
      <line num="2" count="1" type="stmt"/>
      <line num="3" count="1" type="stmt"/>
      <line num="4" count="1" type="stmt"/>
      <line num="5" count="1" type="stmt"/>
      <line num="7" count="1" type="stmt"/>
      <line num="14" count="58" type="stmt"/>
      <line num="15" count="58" type="stmt"/>
      <line num="17" count="58" type="stmt"/>
      <line num="18" count="58" type="stmt"/>
      <line num="19" count="58" type="stmt"/>
      <line num="20" count="58" type="stmt"/>
      <line num="21" count="58" type="stmt"/>
      <line num="22" count="58" type="stmt"/>
      <line num="23" count="58" type="stmt"/>
      <line num="24" count="58" type="stmt"/>
      <line num="25" count="58" type="stmt"/>
      <line num="26" count="58" type="stmt"/>
      <line num="27" count="58" type="stmt"/>
      <line num="28" count="58" type="stmt"/>
      <line num="29" count="58" type="stmt"/>
      <line num="30" count="58" type="stmt"/>
      <line num="34" count="4" type="stmt"/>
      <line num="35" count="4" type="stmt"/>
      <line num="39" count="2" type="stmt"/>
      <line num="40" count="2" type="stmt"/>
      <line num="45" count="2" type="stmt"/>
      <line num="50" count="8" type="stmt"/>
      <line num="51" count="8" type="stmt"/>
      <line num="55" count="12" type="stmt"/>
      <line num="56" count="12" type="stmt"/>
      <line num="58" count="12" type="stmt"/>
      <line num="59" count="12" type="stmt"/>
      <line num="60" count="10" type="cond" truecount="2" falsecount="0"/>
      <line num="62" count="8" type="stmt"/>
      <line num="63" count="8" type="cond" truecount="2" falsecount="0"/>
      <line num="65" count="6" type="cond" truecount="2" falsecount="0"/>
      <line num="66" count="2" type="stmt"/>
      <line num="69" count="4" type="cond" truecount="2" falsecount="0"/>
      <line num="71" count="2" type="stmt"/>
      <line num="72" count="2" type="stmt"/>
      <line num="74" count="2" type="cond" truecount="2" falsecount="0"/>
      <line num="76" count="2" type="stmt"/>
      <line num="78" count="2" type="stmt"/>
      <line num="79" count="2" type="stmt"/>
      <line num="85" count="3" type="stmt"/>
      <line num="86" count="3" type="stmt"/>
      <line num="87" count="3" type="stmt"/>
      <line num="88" count="2" type="cond" truecount="2" falsecount="0"/>
      <line num="89" count="1" type="stmt"/>
      <line num="92" count="1" type="stmt"/>
      <line num="93" count="1" type="stmt"/>
      <line num="95" count="1" type="stmt"/>
      <line num="100" count="1" type="stmt"/>
      <line num="102" count="1" type="stmt"/>
      <line num="104" count="1" type="stmt"/>
      <line num="105" count="1" type="stmt"/>
      <line num="110" count="5" type="stmt"/>
      <line num="111" count="5" type="stmt"/>
      <line num="112" count="5" type="stmt"/>
      <line num="113" count="4" type="stmt"/>
      <line num="115" count="4" type="cond" truecount="2" falsecount="0"/>
      <line num="116" count="3" type="cond" truecount="2" falsecount="0"/>
      <line num="118" count="2" type="cond" truecount="4" falsecount="0"/>
      <line num="119" count="1" type="stmt"/>
      <line num="122" count="1" type="stmt"/>
      <line num="123" count="1" type="stmt"/>
      <line num="124" count="1" type="stmt"/>
      <line num="125" count="1" type="stmt"/>
      <line num="127" count="1" type="stmt"/>
      <line num="129" count="1" type="stmt"/>
      <line num="130" count="1" type="stmt"/>
      <line num="135" count="7" type="stmt"/>
      <line num="136" count="7" type="stmt"/>
      <line num="137" count="7" type="stmt"/>
      <line num="139" count="6" type="cond" truecount="2" falsecount="0"/>
      <line num="140" count="5" type="cond" truecount="2" falsecount="0"/>
      <line num="142" count="4" type="stmt"/>
      <line num="143" count="4" type="cond" truecount="2" falsecount="0"/>
      <line num="145" count="3" type="stmt"/>
      <line num="151" count="3" type="stmt"/>
      <line num="153" count="3" type="cond" truecount="2" falsecount="0"/>
      <line num="154" count="2" type="cond" truecount="2" falsecount="0"/>
      <line num="156" count="1" type="stmt"/>
      <line num="158" count="1" type="stmt"/>
      <line num="159" count="1" type="stmt"/>
      <line num="164" count="3" type="stmt"/>
      <line num="165" count="3" type="stmt"/>
      <line num="166" count="3" type="stmt"/>
      <line num="167" count="2" type="cond" truecount="2" falsecount="0"/>
      <line num="169" count="1" type="stmt"/>
      <line num="171" count="1" type="stmt"/>
      <line num="172" count="1" type="stmt"/>
      <line num="173" count="1" type="stmt"/>
      <line num="175" count="1" type="stmt"/>
      <line num="177" count="1" type="stmt"/>
      <line num="179" count="1" type="stmt"/>
      <line num="180" count="1" type="stmt"/>
      <line num="185" count="4" type="stmt"/>
      <line num="186" count="4" type="stmt"/>
      <line num="187" count="4" type="stmt"/>
      <line num="188" count="3" type="stmt"/>
      <line num="190" count="3" type="cond" truecount="2" falsecount="0"/>
      <line num="192" count="2" type="cond" truecount="4" falsecount="0"/>
      <line num="193" count="1" type="stmt"/>
      <line num="196" count="1" type="stmt"/>
      <line num="198" count="1" type="stmt"/>
      <line num="199" count="1" type="stmt"/>
      <line num="204" count="5" type="stmt"/>
      <line num="205" count="5" type="stmt"/>
      <line num="206" count="5" type="stmt"/>
      <line num="207" count="4" type="stmt"/>
      <line num="209" count="4" type="cond" truecount="2" falsecount="0"/>
      <line num="210" count="3" type="cond" truecount="4" falsecount="0"/>
      <line num="211" count="1" type="stmt"/>
      <line num="214" count="2" type="cond" truecount="2" falsecount="0"/>
      <line num="215" count="1" type="stmt"/>
      <line num="218" count="1" type="stmt"/>
      <line num="219" count="1" type="stmt"/>
      <line num="220" count="1" type="stmt"/>
      <line num="221" count="1" type="stmt"/>
      <line num="223" count="1" type="stmt"/>
      <line num="225" count="1" type="stmt"/>
      <line num="226" count="1" type="stmt"/>
      <line num="231" count="1" type="stmt"/>
      <line num="235" count="1" type="stmt"/>
      <line num="236" count="1" type="stmt"/>
      <line num="241" count="6" type="stmt"/>
      <line num="245" count="6" type="stmt"/>
      <line num="249" count="2" type="stmt"/>
      <line num="250" count="2" type="stmt"/>
      <line num="251" count="1" type="stmt"/>
      <line num="253" count="1" type="stmt"/>
      <line num="254" count="1" type="stmt"/>
      <line num="259" count="3" type="stmt"/>
      <line num="260" count="3" type="stmt"/>
      <line num="261" count="3" type="stmt"/>
      <line num="263" count="2" type="cond" truecount="2" falsecount="0"/>
      <line num="265" count="1" type="stmt"/>
      <line num="267" count="1" type="stmt"/>
      <line num="268" count="1" type="stmt"/>
      <line num="273" count="3" type="stmt"/>
      <line num="274" count="3" type="stmt"/>
      <line num="275" count="3" type="stmt"/>
      <line num="277" count="2" type="cond" truecount="2" falsecount="0"/>
      <line num="279" count="1" type="stmt"/>
      <line num="281" count="1" type="stmt"/>
      <line num="282" count="1" type="stmt"/>
      <line num="287" count="9" type="stmt"/>
      <line num="288" count="9" type="stmt"/>
      <line num="289" count="9" type="stmt"/>
      <line num="291" count="9" type="stmt"/>
      <line num="292" count="8" type="cond" truecount="2" falsecount="0"/>
      <line num="295" count="7" type="cond" truecount="2" falsecount="0"/>
      <line num="296" count="4" type="cond" truecount="4" falsecount="0"/>
      <line num="297" count="2" type="stmt"/>
      <line num="298" count="2" type="cond" truecount="2" falsecount="0"/>
      <line num="299" count="1" type="stmt"/>
      <line num="302" count="4" type="stmt"/>
      <line num="306" count="7" type="cond" truecount="2" falsecount="0"/>
      <line num="307" count="7" type="cond" truecount="2" falsecount="0"/>
      <line num="308" count="7" type="cond" truecount="2" falsecount="0"/>
      <line num="310" count="7" type="stmt"/>
      <line num="312" count="7" type="stmt"/>
      <line num="314" count="1" type="stmt"/>
      <line num="315" count="1" type="stmt"/>
      <line num="320" count="1" type="stmt"/>
    </file>
  </project>
</coverage>
