<?xml version="1.0" encoding="UTF-8"?>
<coverage generated="1763351277328" clover="3.2.0">
  <project timestamp="1763351277329" name="All files">
    <metrics statements="200" coveredstatements="200" conditionals="87" coveredconditionals="71" methods="20" coveredmethods="20" elements="307" coveredelements="291" complexity="0" loc="200" ncloc="200" packages="1" files="1" classes="1"/>
    <file name="ReportController.js" path="D:\User\Documents\KULIAH - S1 SISTEM INFORMASI\Semester 5\Proyek Pengembangan Sistem Informasi\SILAPOR-OOP\SILAPOR-PPSI\controllers\ReportController.js">
      <metrics statements="200" coveredstatements="200" conditionals="87" coveredconditionals="71" methods="20" coveredmethods="20"/>
      <line num="3" count="1" type="stmt"/>
      <line num="4" count="1" type="stmt"/>
      <line num="5" count="1" type="stmt"/>
      <line num="6" count="1" type="stmt"/>
      <line num="13" count="136" type="stmt"/>
      <line num="14" count="136" type="stmt"/>
      <line num="15" count="136" type="stmt"/>
      <line num="16" count="136" type="stmt"/>
      <line num="19" count="136" type="stmt"/>
      <line num="20" count="136" type="stmt"/>
      <line num="21" count="136" type="stmt"/>
      <line num="22" count="136" type="stmt"/>
      <line num="23" count="136" type="stmt"/>
      <line num="24" count="136" type="stmt"/>
      <line num="25" count="136" type="stmt"/>
      <line num="26" count="136" type="stmt"/>
      <line num="27" count="136" type="stmt"/>
      <line num="28" count="136" type="stmt"/>
      <line num="29" count="136" type="stmt"/>
      <line num="30" count="136" type="stmt"/>
      <line num="31" count="136" type="stmt"/>
      <line num="32" count="136" type="stmt"/>
      <line num="33" count="136" type="stmt"/>
      <line num="34" count="136" type="stmt"/>
      <line num="35" count="136" type="stmt"/>
      <line num="36" count="136" type="stmt"/>
      <line num="37" count="136" type="stmt"/>
      <line num="47" count="11" type="stmt"/>
      <line num="63" count="6" type="stmt"/>
      <line num="64" count="6" type="stmt"/>
      <line num="67" count="6" type="cond" truecount="7" falsecount="0"/>
      <line num="68" count="2" type="stmt"/>
      <line num="69" count="2" type="stmt"/>
      <line num="72" count="4" type="cond" truecount="2" falsecount="0"/>
      <line num="74" count="4" type="stmt"/>
      <line num="86" count="4" type="stmt"/>
      <line num="87" count="4" type="stmt"/>
      <line num="90" count="2" type="cond" truecount="2" falsecount="0"/>
      <line num="91" count="1" type="stmt"/>
      <line num="92" count="1" type="stmt"/>
      <line num="93" count="1" type="stmt"/>
      <line num="95" count="1" type="stmt"/>
      <line num="98" count="2" type="stmt"/>
      <line num="99" count="2" type="stmt"/>
      <line num="100" count="2" type="stmt"/>
      <line num="106" count="7" type="stmt"/>
      <line num="107" count="7" type="stmt"/>
      <line num="108" count="7" type="stmt"/>
      <line num="109" count="7" type="cond" truecount="2" falsecount="0"/>
      <line num="111" count="7" type="stmt"/>
      <line num="112" count="7" type="stmt"/>
      <line num="113" count="7" type="cond" truecount="2" falsecount="0"/>
      <line num="115" count="7" type="stmt"/>
      <line num="117" count="5" type="cond" truecount="2" falsecount="0"/>
      <line num="120" count="3" type="cond" truecount="4" falsecount="0"/>
      <line num="121" count="1" type="stmt"/>
      <line num="124" count="2" type="cond" truecount="1" falsecount="1"/>
      <line num="125" count="2" type="cond" truecount="1" falsecount="1"/>
      <line num="126" count="2" type="cond" truecount="1" falsecount="1"/>
      <line num="128" count="2" type="cond" truecount="1" falsecount="1"/>
      <line num="129" count="2" type="cond" truecount="1" falsecount="1"/>
      <line num="130" count="2" type="stmt"/>
      <line num="133" count="2" type="stmt"/>
      <line num="134" count="2" type="stmt"/>
      <line num="136" count="2" type="stmt"/>
      <line num="137" count="2" type="stmt"/>
      <line num="138" count="2" type="stmt"/>
      <line num="144" count="6" type="stmt"/>
      <line num="145" count="6" type="stmt"/>
      <line num="147" count="6" type="stmt"/>
      <line num="148" count="6" type="stmt"/>
      <line num="149" count="6" type="cond" truecount="2" falsecount="0"/>
      <line num="151" count="6" type="stmt"/>
      <line num="153" count="4" type="cond" truecount="2" falsecount="0"/>
      <line num="155" count="2" type="cond" truecount="1" falsecount="1"/>
      <line num="157" count="2" type="stmt"/>
      <line num="158" count="2" type="stmt"/>
      <line num="160" count="2" type="stmt"/>
      <line num="161" count="2" type="stmt"/>
      <line num="167" count="12" type="cond" truecount="2" falsecount="0"/>
      <line num="168" count="12" type="stmt"/>
      <line num="170" count="12" type="cond" truecount="7" falsecount="0"/>
      <line num="171" count="2" type="stmt"/>
      <line num="174" count="10" type="stmt"/>
      <line num="175" count="10" type="stmt"/>
      <line num="177" count="8" type="cond" truecount="2" falsecount="0"/>
      <line num="179" count="6" type="stmt"/>
      <line num="180" count="6" type="stmt"/>
      <line num="182" count="6" type="stmt"/>
      <line num="183" count="6" type="cond" truecount="2" falsecount="0"/>
      <line num="186" count="4" type="cond" truecount="2" falsecount="0"/>
      <line num="187" count="2" type="stmt"/>
      <line num="191" count="2" type="stmt"/>
      <line num="192" count="2" type="stmt"/>
      <line num="193" count="2" type="stmt"/>
      <line num="194" count="2" type="stmt"/>
      <line num="195" count="2" type="stmt"/>
      <line num="196" count="2" type="cond" truecount="1" falsecount="1"/>
      <line num="197" count="2" type="stmt"/>
      <line num="200" count="2" type="cond" truecount="2" falsecount="0"/>
      <line num="201" count="2" type="stmt"/>
      <line num="203" count="2" type="stmt"/>
      <line num="204" count="2" type="stmt"/>
      <line num="205" count="2" type="stmt"/>
      <line num="211" count="8" type="stmt"/>
      <line num="212" count="8" type="cond" truecount="2" falsecount="0"/>
      <line num="214" count="8" type="stmt"/>
      <line num="215" count="8" type="stmt"/>
      <line num="216" count="6" type="cond" truecount="2" falsecount="0"/>
      <line num="219" count="4" type="stmt"/>
      <line num="222" count="4" type="cond" truecount="1" falsecount="1"/>
      <line num="223" count="4" type="cond" truecount="1" falsecount="1"/>
      <line num="224" count="4" type="cond" truecount="1" falsecount="1"/>
      <line num="227" count="4" type="cond" truecount="2" falsecount="0"/>
      <line num="228" count="2" type="stmt"/>
      <line num="232" count="4" type="stmt"/>
      <line num="233" count="4" type="stmt"/>
      <line num="235" count="4" type="stmt"/>
      <line num="237" count="4" type="stmt"/>
      <line num="239" count="2" type="stmt"/>
      <line num="240" count="2" type="stmt"/>
      <line num="249" count="2" type="stmt"/>
      <line num="250" count="2" type="stmt"/>
      <line num="252" count="1" type="stmt"/>
      <line num="257" count="2" type="stmt"/>
      <line num="258" count="2" type="stmt"/>
      <line num="260" count="1" type="stmt"/>
      <line num="266" count="3" type="stmt"/>
      <line num="270" count="3" type="stmt"/>
      <line num="275" count="2" type="stmt"/>
      <line num="276" count="2" type="stmt"/>
      <line num="277" count="2" type="stmt"/>
      <line num="281" count="2" type="stmt"/>
      <line num="282" count="1" type="stmt"/>
      <line num="284" count="1" type="stmt"/>
      <line num="286" count="1" type="stmt"/>
      <line num="287" count="1" type="stmt"/>
      <line num="292" count="3" type="stmt"/>
      <line num="293" count="3" type="stmt"/>
      <line num="296" count="3" type="stmt"/>
      <line num="297" count="3" type="stmt"/>
      <line num="299" count="2" type="stmt"/>
      <line num="301" count="1" type="stmt"/>
      <line num="302" count="1" type="stmt"/>
      <line num="307" count="4" type="stmt"/>
      <line num="309" count="4" type="stmt"/>
      <line num="310" count="4" type="cond" truecount="4" falsecount="0"/>
      <line num="312" count="3" type="stmt"/>
      <line num="314" count="1" type="stmt"/>
      <line num="315" count="1" type="stmt"/>
      <line num="320" count="2" type="stmt"/>
      <line num="322" count="2" type="stmt"/>
      <line num="323" count="2" type="stmt"/>
      <line num="325" count="1" type="stmt"/>
      <line num="327" count="1" type="stmt"/>
      <line num="328" count="1" type="stmt"/>
      <line num="333" count="6" type="stmt"/>
      <line num="335" count="6" type="stmt"/>
      <line num="336" count="5" type="stmt"/>
      <line num="341" count="4" type="stmt"/>
      <line num="343" count="3" type="stmt"/>
      <line num="345" count="3" type="stmt"/>
      <line num="346" count="3" type="stmt"/>
      <line num="353" count="3" type="stmt"/>
      <line num="357" count="4" type="stmt"/>
      <line num="362" count="3" type="stmt"/>
      <line num="366" count="3" type="stmt"/>
      <line num="371" count="4" type="stmt"/>
      <line num="372" count="4" type="stmt"/>
      <line num="374" count="4" type="stmt"/>
      <line num="375" count="4" type="stmt"/>
      <line num="376" count="3" type="cond" truecount="2" falsecount="0"/>
      <line num="378" count="2" type="cond" truecount="2" falsecount="0"/>
      <line num="380" count="1" type="stmt"/>
      <line num="382" count="1" type="stmt"/>
      <line num="383" count="1" type="stmt"/>
      <line num="385" count="1" type="stmt"/>
      <line num="387" count="1" type="stmt"/>
      <line num="389" count="1" type="stmt"/>
      <line num="390" count="1" type="stmt"/>
      <line num="396" count="6" type="stmt"/>
      <line num="401" count="6" type="stmt"/>
      <line num="405" count="4" type="stmt"/>
      <line num="406" count="4" type="stmt"/>
      <line num="408" count="4" type="stmt"/>
      <line num="409" count="4" type="stmt"/>
      <line num="411" count="3" type="cond" truecount="2" falsecount="0"/>
      <line num="413" count="2" type="stmt"/>
      <line num="414" count="2" type="stmt"/>
      <line num="415" count="2" type="stmt"/>
      <line num="417" count="2" type="stmt"/>
      <line num="418" count="2" type="cond" truecount="2" falsecount="0"/>
      <line num="419" count="1" type="stmt"/>
      <line num="420" count="1" type="stmt"/>
      <line num="423" count="2" type="stmt"/>
      <line num="425" count="1" type="stmt"/>
      <line num="426" count="1" type="stmt"/>
      <line num="432" count="4" type="stmt"/>
      <line num="436" count="4" type="stmt"/>
      <line num="440" count="1" type="stmt"/>
    </file>
  </project>
</coverage>
