{"D:\\User\\Documents\\KULIAH - S1 SISTEM INFORMASI\\Semester 5\\Proyek Pengembangan Sistem Informasi\\SILAPOR-OOP\\SILAPOR-PPSI\\controllers\\AuthController.js": {"path":"D:\\User\\Documents\\KULIAH - S1 SISTEM INFORMASI\\Semester 5\\Proyek Pengembangan Sistem Informasi\\SILAPOR-OOP\\SILAPOR-PPSI\\controllers\\AuthController.js","statementMap":{"0":{"start":{"line":1,"column":15},"end":{"line":1,"column":34}},"1":{"start":{"line":2,"column":12},"end":{"line":2,"column":35}},"2":{"start":{"line":3,"column":15},"end":{"line":3,"column":32}},"3":{"start":{"line":4,"column":11},"end":{"line":4,"column":24}},"4":{"start":{"line":5,"column":13},"end":{"line":5,"column":28}},"5":{"start":{"line":7,"column":21},"end":{"line":7,"column":56}},"6":{"start":{"line":14,"column":8},"end":{"line":14,"column":32}},"7":{"start":{"line":15,"column":8},"end":{"line":15,"column":47}},"8":{"start":{"line":17,"column":8},"end":{"line":17,"column":49}},"9":{"start":{"line":18,"column":8},"end":{"line":18,"column":55}},"10":{"start":{"line":19,"column":8},"end":{"line":19,"column":43}},"11":{"start":{"line":20,"column":8},"end":{"line":20,"column":61}},"12":{"start":{"line":21,"column":8},"end":{"line":21,"column":75}},"13":{"start":{"line":22,"column":8},"end":{"line":22,"column":59}},"14":{"start":{"line":23,"column":8},"end":{"line":23,"column":77}},"15":{"start":{"line":24,"column":8},"end":{"line":24,"column":87}},"16":{"start":{"line":25,"column":8},"end":{"line":25,"column":61}},"17":{"start":{"line":26,"column":8},"end":{"line":26,"column":71}},"18":{"start":{"line":27,"column":8},"end":{"line":27,"column":45}},"19":{"start":{"line":28,"column":8},"end":{"line":28,"column":55}},"20":{"start":{"line":29,"column":8},"end":{"line":29,"column":63}},"21":{"start":{"line":30,"column":8},"end":{"line":30,"column":59}},"22":{"start":{"line":34,"column":21},"end":{"line":34,"column":45}},"23":{"start":{"line":35,"column":8},"end":{"line":35,"column":43}},"24":{"start":{"line":39,"column":25},"end":{"line":39,"column":63}},"25":{"start":{"line":40,"column":22},"end":{"line":44,"column":9}},"26":{"start":{"line":45,"column":8},"end":{"line":45,"column":35}},"27":{"start":{"line":50,"column":31},"end":{"line":50,"column":81}},"28":{"start":{"line":51,"column":8},"end":{"line":51,"column":45}},"29":{"start":{"line":55,"column":61},"end":{"line":55,"column":69}},"30":{"start":{"line":56,"column":26},"end":{"line":56,"column":40}},"31":{"start":{"line":58,"column":8},"end":{"line":80,"column":9}},"32":{"start":{"line":59,"column":25},"end":{"line":59,"column":81}},"33":{"start":{"line":60,"column":12},"end":{"line":60,"column":75}},"34":{"start":{"line":60,"column":23},"end":{"line":60,"column":75}},"35":{"start":{"line":62,"column":31},"end":{"line":62,"column":80}},"36":{"start":{"line":63,"column":12},"end":{"line":63,"column":92}},"37":{"start":{"line":63,"column":29},"end":{"line":63,"column":92}},"38":{"start":{"line":65,"column":12},"end":{"line":67,"column":13}},"39":{"start":{"line":66,"column":16},"end":{"line":66,"column":128}},"40":{"start":{"line":69,"column":12},"end":{"line":69,"column":122}},"41":{"start":{"line":69,"column":47},"end":{"line":69,"column":122}},"42":{"start":{"line":71,"column":12},"end":{"line":71,"column":63}},"43":{"start":{"line":72,"column":12},"end":{"line":72,"column":30}},"44":{"start":{"line":74,"column":31},"end":{"line":74,"column":104}},"45":{"start":{"line":76,"column":12},"end":{"line":76,"column":101}},"46":{"start":{"line":78,"column":12},"end":{"line":78,"column":57}},"47":{"start":{"line":79,"column":12},"end":{"line":79,"column":56}},"48":{"start":{"line":85,"column":62},"end":{"line":85,"column":70}},"49":{"start":{"line":86,"column":8},"end":{"line":106,"column":9}},"50":{"start":{"line":87,"column":33},"end":{"line":87,"column":78}},"51":{"start":{"line":88,"column":12},"end":{"line":90,"column":13}},"52":{"start":{"line":89,"column":16},"end":{"line":89,"column":95}},"53":{"start":{"line":92,"column":35},"end":{"line":92,"column":69}},"54":{"start":{"line":93,"column":40},"end":{"line":93,"column":78}},"55":{"start":{"line":95,"column":28},"end":{"line":98,"column":14}},"56":{"start":{"line":100,"column":12},"end":{"line":100,"column":74}},"57":{"start":{"line":102,"column":12},"end":{"line":102,"column":113}},"58":{"start":{"line":104,"column":12},"end":{"line":104,"column":39}},"59":{"start":{"line":105,"column":12},"end":{"line":105,"column":49}},"60":{"start":{"line":110,"column":26},"end":{"line":110,"column":35}},"61":{"start":{"line":111,"column":8},"end":{"line":131,"column":9}},"62":{"start":{"line":112,"column":28},"end":{"line":112,"column":75}},"63":{"start":{"line":113,"column":25},"end":{"line":113,"column":85}},"64":{"start":{"line":115,"column":12},"end":{"line":115,"column":75}},"65":{"start":{"line":115,"column":23},"end":{"line":115,"column":75}},"66":{"start":{"line":116,"column":12},"end":{"line":116,"column":112}},"67":{"start":{"line":116,"column":33},"end":{"line":116,"column":112}},"68":{"start":{"line":118,"column":12},"end":{"line":120,"column":13}},"69":{"start":{"line":119,"column":16},"end":{"line":119,"column":85}},"70":{"start":{"line":122,"column":12},"end":{"line":122,"column":35}},"71":{"start":{"line":123,"column":12},"end":{"line":123,"column":45}},"72":{"start":{"line":124,"column":12},"end":{"line":124,"column":41}},"73":{"start":{"line":125,"column":12},"end":{"line":125,"column":30}},"74":{"start":{"line":127,"column":12},"end":{"line":127,"column":102}},"75":{"start":{"line":129,"column":12},"end":{"line":129,"column":54}},"76":{"start":{"line":130,"column":12},"end":{"line":130,"column":83}},"77":{"start":{"line":135,"column":36},"end":{"line":135,"column":44}},"78":{"start":{"line":136,"column":8},"end":{"line":160,"column":9}},"79":{"start":{"line":137,"column":25},"end":{"line":137,"column":70}},"80":{"start":{"line":139,"column":12},"end":{"line":139,"column":102}},"81":{"start":{"line":139,"column":23},"end":{"line":139,"column":102}},"82":{"start":{"line":140,"column":12},"end":{"line":140,"column":136}},"83":{"start":{"line":140,"column":34},"end":{"line":140,"column":136}},"84":{"start":{"line":142,"column":36},"end":{"line":142,"column":81}},"85":{"start":{"line":143,"column":12},"end":{"line":143,"column":114}},"86":{"start":{"line":143,"column":34},"end":{"line":143,"column":114}},"87":{"start":{"line":145,"column":26},"end":{"line":149,"column":13}},"88":{"start":{"line":151,"column":12},"end":{"line":151,"column":59}},"89":{"start":{"line":153,"column":12},"end":{"line":153,"column":77}},"90":{"start":{"line":153,"column":38},"end":{"line":153,"column":77}},"91":{"start":{"line":154,"column":12},"end":{"line":154,"column":79}},"92":{"start":{"line":154,"column":39},"end":{"line":154,"column":79}},"93":{"start":{"line":156,"column":12},"end":{"line":156,"column":63}},"94":{"start":{"line":158,"column":12},"end":{"line":158,"column":55}},"95":{"start":{"line":159,"column":12},"end":{"line":159,"column":71}},"96":{"start":{"line":164,"column":26},"end":{"line":164,"column":34}},"97":{"start":{"line":165,"column":8},"end":{"line":181,"column":9}},"98":{"start":{"line":166,"column":25},"end":{"line":166,"column":70}},"99":{"start":{"line":167,"column":12},"end":{"line":167,"column":96}},"100":{"start":{"line":167,"column":23},"end":{"line":167,"column":96}},"101":{"start":{"line":169,"column":40},"end":{"line":169,"column":78}},"102":{"start":{"line":171,"column":12},"end":{"line":171,"column":47}},"103":{"start":{"line":172,"column":12},"end":{"line":172,"column":48}},"104":{"start":{"line":173,"column":12},"end":{"line":173,"column":30}},"105":{"start":{"line":175,"column":12},"end":{"line":175,"column":72}},"106":{"start":{"line":177,"column":12},"end":{"line":177,"column":113}},"107":{"start":{"line":179,"column":12},"end":{"line":179,"column":57}},"108":{"start":{"line":180,"column":12},"end":{"line":180,"column":49}},"109":{"start":{"line":185,"column":26},"end":{"line":185,"column":35}},"110":{"start":{"line":186,"column":8},"end":{"line":200,"column":9}},"111":{"start":{"line":187,"column":28},"end":{"line":187,"column":75}},"112":{"start":{"line":188,"column":25},"end":{"line":188,"column":85}},"113":{"start":{"line":190,"column":12},"end":{"line":190,"column":75}},"114":{"start":{"line":190,"column":23},"end":{"line":190,"column":75}},"115":{"start":{"line":192,"column":12},"end":{"line":194,"column":13}},"116":{"start":{"line":193,"column":16},"end":{"line":193,"column":85}},"117":{"start":{"line":196,"column":12},"end":{"line":196,"column":58}},"118":{"start":{"line":198,"column":12},"end":{"line":198,"column":62}},"119":{"start":{"line":199,"column":12},"end":{"line":199,"column":83}},"120":{"start":{"line":204,"column":36},"end":{"line":204,"column":44}},"121":{"start":{"line":205,"column":8},"end":{"line":227,"column":9}},"122":{"start":{"line":206,"column":28},"end":{"line":206,"column":75}},"123":{"start":{"line":207,"column":25},"end":{"line":207,"column":85}},"124":{"start":{"line":209,"column":12},"end":{"line":209,"column":75}},"125":{"start":{"line":209,"column":23},"end":{"line":209,"column":75}},"126":{"start":{"line":210,"column":12},"end":{"line":212,"column":13}},"127":{"start":{"line":211,"column":16},"end":{"line":211,"column":85}},"128":{"start":{"line":214,"column":12},"end":{"line":216,"column":13}},"129":{"start":{"line":215,"column":16},"end":{"line":215,"column":142}},"130":{"start":{"line":218,"column":12},"end":{"line":218,"column":63}},"131":{"start":{"line":219,"column":12},"end":{"line":219,"column":47}},"132":{"start":{"line":220,"column":12},"end":{"line":220,"column":43}},"133":{"start":{"line":221,"column":12},"end":{"line":221,"column":30}},"134":{"start":{"line":223,"column":12},"end":{"line":223,"column":105}},"135":{"start":{"line":225,"column":12},"end":{"line":225,"column":56}},"136":{"start":{"line":226,"column":12},"end":{"line":226,"column":83}},"137":{"start":{"line":231,"column":8},"end":{"line":231,"column":37}},"138":{"start":{"line":235,"column":21},"end":{"line":235,"column":82}},"139":{"start":{"line":236,"column":8},"end":{"line":236,"column":57}},"140":{"start":{"line":241,"column":8},"end":{"line":241,"column":78}},"141":{"start":{"line":245,"column":8},"end":{"line":245,"column":88}},"142":{"start":{"line":249,"column":8},"end":{"line":255,"column":9}},"143":{"start":{"line":250,"column":12},"end":{"line":250,"column":37}},"144":{"start":{"line":251,"column":12},"end":{"line":251,"column":37}},"145":{"start":{"line":253,"column":12},"end":{"line":253,"column":56}},"146":{"start":{"line":254,"column":12},"end":{"line":254,"column":78}},"147":{"start":{"line":259,"column":8},"end":{"line":269,"column":9}},"148":{"start":{"line":260,"column":30},"end":{"line":260,"column":44}},"149":{"start":{"line":261,"column":25},"end":{"line":261,"column":81}},"150":{"start":{"line":263,"column":12},"end":{"line":263,"column":75}},"151":{"start":{"line":263,"column":23},"end":{"line":263,"column":75}},"152":{"start":{"line":265,"column":12},"end":{"line":265,"column":44}},"153":{"start":{"line":267,"column":12},"end":{"line":267,"column":53}},"154":{"start":{"line":268,"column":12},"end":{"line":268,"column":64}},"155":{"start":{"line":273,"column":8},"end":{"line":283,"column":9}},"156":{"start":{"line":274,"column":30},"end":{"line":274,"column":44}},"157":{"start":{"line":275,"column":25},"end":{"line":275,"column":81}},"158":{"start":{"line":277,"column":12},"end":{"line":277,"column":75}},"159":{"start":{"line":277,"column":23},"end":{"line":277,"column":75}},"160":{"start":{"line":279,"column":12},"end":{"line":279,"column":48}},"161":{"start":{"line":281,"column":12},"end":{"line":281,"column":57}},"162":{"start":{"line":282,"column":12},"end":{"line":282,"column":59}},"163":{"start":{"line":287,"column":8},"end":{"line":316,"column":9}},"164":{"start":{"line":288,"column":30},"end":{"line":288,"column":44}},"165":{"start":{"line":289,"column":49},"end":{"line":289,"column":57}},"166":{"start":{"line":291,"column":25},"end":{"line":291,"column":81}},"167":{"start":{"line":292,"column":12},"end":{"line":292,"column":75}},"168":{"start":{"line":292,"column":23},"end":{"line":292,"column":75}},"169":{"start":{"line":295,"column":12},"end":{"line":303,"column":13}},"170":{"start":{"line":296,"column":16},"end":{"line":301,"column":17}},"171":{"start":{"line":297,"column":36},"end":{"line":297,"column":76}},"172":{"start":{"line":298,"column":20},"end":{"line":300,"column":21}},"173":{"start":{"line":299,"column":24},"end":{"line":299,"column":47}},"174":{"start":{"line":302,"column":16},"end":{"line":302,"column":46}},"175":{"start":{"line":306,"column":12},"end":{"line":306,"column":42}},"176":{"start":{"line":307,"column":12},"end":{"line":307,"column":48}},"177":{"start":{"line":308,"column":12},"end":{"line":308,"column":60}},"178":{"start":{"line":310,"column":12},"end":{"line":310,"column":30}},"179":{"start":{"line":312,"column":12},"end":{"line":312,"column":44}},"180":{"start":{"line":314,"column":12},"end":{"line":314,"column":58}},"181":{"start":{"line":315,"column":12},"end":{"line":315,"column":81}},"182":{"start":{"line":320,"column":0},"end":{"line":320,"column":32}}},"fnMap":{"0":{"name":"(anonymous_0)","decl":{"start":{"line":13,"column":4},"end":{"line":13,"column":5}},"loc":{"start":{"line":13,"column":24},"end":{"line":31,"column":5}},"line":13},"1":{"name":"(anonymous_1)","decl":{"start":{"line":84,"column":4},"end":{"line":84,"column":5}},"loc":{"start":{"line":84,"column":29},"end":{"line":107,"column":5}},"line":84},"2":{"name":"(anonymous_2)","decl":{"start":{"line":109,"column":4},"end":{"line":109,"column":5}},"loc":{"start":{"line":109,"column":32},"end":{"line":132,"column":5}},"line":109},"3":{"name":"(anonymous_3)","decl":{"start":{"line":134,"column":4},"end":{"line":134,"column":5}},"loc":{"start":{"line":134,"column":26},"end":{"line":161,"column":5}},"line":134},"4":{"name":"(anonymous_4)","decl":{"start":{"line":163,"column":4},"end":{"line":163,"column":5}},"loc":{"start":{"line":163,"column":35},"end":{"line":182,"column":5}},"line":163},"5":{"name":"(anonymous_5)","decl":{"start":{"line":184,"column":4},"end":{"line":184,"column":5}},"loc":{"start":{"line":184,"column":42},"end":{"line":201,"column":5}},"line":184},"6":{"name":"(anonymous_6)","decl":{"start":{"line":203,"column":4},"end":{"line":203,"column":5}},"loc":{"start":{"line":203,"column":34},"end":{"line":228,"column":5}},"line":203},"7":{"name":"(anonymous_7)","decl":{"start":{"line":230,"column":4},"end":{"line":230,"column":5}},"loc":{"start":{"line":230,"column":43},"end":{"line":232,"column":5}},"line":230},"8":{"name":"(anonymous_8)","decl":{"start":{"line":234,"column":4},"end":{"line":234,"column":5}},"loc":{"start":{"line":234,"column":48},"end":{"line":237,"column":5}},"line":234},"9":{"name":"(anonymous_9)","decl":{"start":{"line":240,"column":4},"end":{"line":240,"column":5}},"loc":{"start":{"line":240,"column":35},"end":{"line":242,"column":5}},"line":240},"10":{"name":"(anonymous_10)","decl":{"start":{"line":244,"column":4},"end":{"line":244,"column":5}},"loc":{"start":{"line":244,"column":40},"end":{"line":246,"column":5}},"line":244},"11":{"name":"(anonymous_11)","decl":{"start":{"line":248,"column":4},"end":{"line":248,"column":5}},"loc":{"start":{"line":248,"column":27},"end":{"line":256,"column":5}},"line":248},"12":{"name":"(anonymous_12)","decl":{"start":{"line":258,"column":4},"end":{"line":258,"column":5}},"loc":{"start":{"line":258,"column":32},"end":{"line":270,"column":5}},"line":258},"13":{"name":"(anonymous_13)","decl":{"start":{"line":272,"column":4},"end":{"line":272,"column":5}},"loc":{"start":{"line":272,"column":36},"end":{"line":284,"column":5}},"line":272},"14":{"name":"(anonymous_14)","decl":{"start":{"line":286,"column":4},"end":{"line":286,"column":5}},"loc":{"start":{"line":286,"column":34},"end":{"line":317,"column":5}},"line":286}},"branchMap":{"0":{"loc":{"start":{"line":60,"column":12},"end":{"line":60,"column":75}},"type":"if","locations":[{"start":{"line":60,"column":12},"end":{"line":60,"column":75}},{"start":{},"end":{}}],"line":60},"1":{"loc":{"start":{"line":63,"column":12},"end":{"line":63,"column":92}},"type":"if","locations":[{"start":{"line":63,"column":12},"end":{"line":63,"column":92}},{"start":{},"end":{}}],"line":63},"2":{"loc":{"start":{"line":65,"column":12},"end":{"line":67,"column":13}},"type":"if","locations":[{"start":{"line":65,"column":12},"end":{"line":67,"column":13}},{"start":{},"end":{}}],"line":65},"3":{"loc":{"start":{"line":69,"column":12},"end":{"line":69,"column":122}},"type":"if","locations":[{"start":{"line":69,"column":12},"end":{"line":69,"column":122}},{"start":{},"end":{}}],"line":69},"4":{"loc":{"start":{"line":74,"column":31},"end":{"line":74,"column":104}},"type":"cond-expr","locations":[{"start":{"line":74,"column":41},"end":{"line":74,"column":97}},{"start":{"line":74,"column":100},"end":{"line":74,"column":104}}],"line":74},"5":{"loc":{"start":{"line":88,"column":12},"end":{"line":90,"column":13}},"type":"if","locations":[{"start":{"line":88,"column":12},"end":{"line":90,"column":13}},{"start":{},"end":{}}],"line":88},"6":{"loc":{"start":{"line":115,"column":12},"end":{"line":115,"column":75}},"type":"if","locations":[{"start":{"line":115,"column":12},"end":{"line":115,"column":75}},{"start":{},"end":{}}],"line":115},"7":{"loc":{"start":{"line":116,"column":12},"end":{"line":116,"column":112}},"type":"if","locations":[{"start":{"line":116,"column":12},"end":{"line":116,"column":112}},{"start":{},"end":{}}],"line":116},"8":{"loc":{"start":{"line":118,"column":12},"end":{"line":120,"column":13}},"type":"if","locations":[{"start":{"line":118,"column":12},"end":{"line":120,"column":13}},{"start":{},"end":{}}],"line":118},"9":{"loc":{"start":{"line":118,"column":16},"end":{"line":118,"column":87}},"type":"binary-expr","locations":[{"start":{"line":118,"column":16},"end":{"line":118,"column":41}},{"start":{"line":118,"column":45},"end":{"line":118,"column":87}}],"line":118},"10":{"loc":{"start":{"line":139,"column":12},"end":{"line":139,"column":102}},"type":"if","locations":[{"start":{"line":139,"column":12},"end":{"line":139,"column":102}},{"start":{},"end":{}}],"line":139},"11":{"loc":{"start":{"line":140,"column":12},"end":{"line":140,"column":136}},"type":"if","locations":[{"start":{"line":140,"column":12},"end":{"line":140,"column":136}},{"start":{},"end":{}}],"line":140},"12":{"loc":{"start":{"line":143,"column":12},"end":{"line":143,"column":114}},"type":"if","locations":[{"start":{"line":143,"column":12},"end":{"line":143,"column":114}},{"start":{},"end":{}}],"line":143},"13":{"loc":{"start":{"line":153,"column":12},"end":{"line":153,"column":77}},"type":"if","locations":[{"start":{"line":153,"column":12},"end":{"line":153,"column":77}},{"start":{},"end":{}}],"line":153},"14":{"loc":{"start":{"line":154,"column":12},"end":{"line":154,"column":79}},"type":"if","locations":[{"start":{"line":154,"column":12},"end":{"line":154,"column":79}},{"start":{},"end":{}}],"line":154},"15":{"loc":{"start":{"line":167,"column":12},"end":{"line":167,"column":96}},"type":"if","locations":[{"start":{"line":167,"column":12},"end":{"line":167,"column":96}},{"start":{},"end":{}}],"line":167},"16":{"loc":{"start":{"line":190,"column":12},"end":{"line":190,"column":75}},"type":"if","locations":[{"start":{"line":190,"column":12},"end":{"line":190,"column":75}},{"start":{},"end":{}}],"line":190},"17":{"loc":{"start":{"line":192,"column":12},"end":{"line":194,"column":13}},"type":"if","locations":[{"start":{"line":192,"column":12},"end":{"line":194,"column":13}},{"start":{},"end":{}}],"line":192},"18":{"loc":{"start":{"line":192,"column":16},"end":{"line":192,"column":91}},"type":"binary-expr","locations":[{"start":{"line":192,"column":16},"end":{"line":192,"column":43}},{"start":{"line":192,"column":47},"end":{"line":192,"column":91}}],"line":192},"19":{"loc":{"start":{"line":209,"column":12},"end":{"line":209,"column":75}},"type":"if","locations":[{"start":{"line":209,"column":12},"end":{"line":209,"column":75}},{"start":{},"end":{}}],"line":209},"20":{"loc":{"start":{"line":210,"column":12},"end":{"line":212,"column":13}},"type":"if","locations":[{"start":{"line":210,"column":12},"end":{"line":212,"column":13}},{"start":{},"end":{}}],"line":210},"21":{"loc":{"start":{"line":210,"column":16},"end":{"line":210,"column":91}},"type":"binary-expr","locations":[{"start":{"line":210,"column":16},"end":{"line":210,"column":43}},{"start":{"line":210,"column":47},"end":{"line":210,"column":91}}],"line":210},"22":{"loc":{"start":{"line":214,"column":12},"end":{"line":216,"column":13}},"type":"if","locations":[{"start":{"line":214,"column":12},"end":{"line":216,"column":13}},{"start":{},"end":{}}],"line":214},"23":{"loc":{"start":{"line":263,"column":12},"end":{"line":263,"column":75}},"type":"if","locations":[{"start":{"line":263,"column":12},"end":{"line":263,"column":75}},{"start":{},"end":{}}],"line":263},"24":{"loc":{"start":{"line":277,"column":12},"end":{"line":277,"column":75}},"type":"if","locations":[{"start":{"line":277,"column":12},"end":{"line":277,"column":75}},{"start":{},"end":{}}],"line":277},"25":{"loc":{"start":{"line":292,"column":12},"end":{"line":292,"column":75}},"type":"if","locations":[{"start":{"line":292,"column":12},"end":{"line":292,"column":75}},{"start":{},"end":{}}],"line":292},"26":{"loc":{"start":{"line":295,"column":12},"end":{"line":303,"column":13}},"type":"if","locations":[{"start":{"line":295,"column":12},"end":{"line":303,"column":13}},{"start":{},"end":{}}],"line":295},"27":{"loc":{"start":{"line":296,"column":16},"end":{"line":301,"column":17}},"type":"if","locations":[{"start":{"line":296,"column":16},"end":{"line":301,"column":17}},{"start":{},"end":{}}],"line":296},"28":{"loc":{"start":{"line":296,"column":20},"end":{"line":296,"column":60}},"type":"binary-expr","locations":[{"start":{"line":296,"column":20},"end":{"line":296,"column":29}},{"start":{"line":296,"column":33},"end":{"line":296,"column":60}}],"line":296},"29":{"loc":{"start":{"line":298,"column":20},"end":{"line":300,"column":21}},"type":"if","locations":[{"start":{"line":298,"column":20},"end":{"line":300,"column":21}},{"start":{},"end":{}}],"line":298},"30":{"loc":{"start":{"line":306,"column":24},"end":{"line":306,"column":41}},"type":"binary-expr","locations":[{"start":{"line":306,"column":24},"end":{"line":306,"column":28}},{"start":{"line":306,"column":32},"end":{"line":306,"column":41}}],"line":306},"31":{"loc":{"start":{"line":307,"column":26},"end":{"line":307,"column":47}},"type":"binary-expr","locations":[{"start":{"line":307,"column":26},"end":{"line":307,"column":32}},{"start":{"line":307,"column":36},"end":{"line":307,"column":47}}],"line":307},"32":{"loc":{"start":{"line":308,"column":30},"end":{"line":308,"column":59}},"type":"binary-expr","locations":[{"start":{"line":308,"column":30},"end":{"line":308,"column":40}},{"start":{"line":308,"column":44},"end":{"line":308,"column":59}}],"line":308}},"s":{"0":1,"1":1,"2":1,"3":1,"4":1,"5":1,"6":58,"7":58,"8":58,"9":58,"10":58,"11":58,"12":58,"13":58,"14":58,"15":58,"16":58,"17":58,"18":58,"19":58,"20":58,"21":58,"22":4,"23":4,"24":2,"25":2,"26":2,"27":8,"28":8,"29":12,"30":12,"31":12,"32":12,"33":10,"34":2,"35":8,"36":8,"37":2,"38":6,"39":2,"40":4,"41":2,"42":2,"43":2,"44":2,"45":2,"46":2,"47":2,"48":3,"49":3,"50":3,"51":2,"52":1,"53":1,"54":1,"55":1,"56":1,"57":1,"58":1,"59":1,"60":5,"61":5,"62":5,"63":4,"64":4,"65":1,"66":3,"67":1,"68":2,"69":1,"70":1,"71":1,"72":1,"73":1,"74":1,"75":1,"76":1,"77":7,"78":7,"79":7,"80":6,"81":1,"82":5,"83":1,"84":4,"85":4,"86":1,"87":3,"88":3,"89":3,"90":1,"91":2,"92":1,"93":1,"94":1,"95":1,"96":3,"97":3,"98":3,"99":2,"100":1,"101":1,"102":1,"103":1,"104":1,"105":1,"106":1,"107":1,"108":1,"109":4,"110":4,"111":4,"112":3,"113":3,"114":1,"115":2,"116":1,"117":1,"118":1,"119":1,"120":5,"121":5,"122":5,"123":4,"124":4,"125":1,"126":3,"127":1,"128":2,"129":1,"130":1,"131":1,"132":1,"133":1,"134":1,"135":1,"136":1,"137":1,"138":1,"139":1,"140":6,"141":6,"142":2,"143":2,"144":1,"145":1,"146":1,"147":3,"148":3,"149":3,"150":2,"151":1,"152":1,"153":1,"154":1,"155":3,"156":3,"157":3,"158":2,"159":1,"160":1,"161":1,"162":1,"163":9,"164":9,"165":9,"166":9,"167":8,"168":1,"169":7,"170":4,"171":2,"172":2,"173":1,"174":4,"175":7,"176":7,"177":7,"178":7,"179":7,"180":1,"181":1,"182":1},"f":{"0":58,"1":3,"2":5,"3":7,"4":3,"5":4,"6":5,"7":1,"8":1,"9":6,"10":6,"11":2,"12":3,"13":3,"14":9},"b":{"0":[2,8],"1":[2,6],"2":[2,4],"3":[2,2],"4":[1,1],"5":[1,1],"6":[1,3],"7":[1,2],"8":[1,1],"9":[2,2],"10":[1,5],"11":[1,4],"12":[1,3],"13":[1,2],"14":[1,1],"15":[1,1],"16":[1,2],"17":[1,1],"18":[2,2],"19":[1,3],"20":[1,2],"21":[3,3],"22":[1,1],"23":[1,1],"24":[1,1],"25":[1,7],"26":[4,3],"27":[2,2],"28":[4,4],"29":[1,1],"30":[7,1],"31":[7,2],"32":[7,2]},"_coverageSchema":"1a1c01bbd47fc00a2c39e90264f33305004495a9","hash":"f8d519da9868bd91309429baa001e2f14601bdfc"}
}
