{"D:\\User\\Documents\\KULIAH - S1 SISTEM INFORMASI\\Semester 5\\Proyek Pengembangan Sistem Informasi\\SILAPOR-OOP\\SILAPOR-PPSI\\controllers\\AuthController.js": {"path":"D:\\User\\Documents\\KULIAH - S1 SISTEM INFORMASI\\Semester 5\\Proyek Pengembangan Sistem Informasi\\SILAPOR-OOP\\SILAPOR-PPSI\\controllers\\AuthController.js","statementMap":{"0":{"start":{"line":1,"column":15},"end":{"line":1,"column":34}},"1":{"start":{"line":2,"column":12},"end":{"line":2,"column":35}},"2":{"start":{"line":3,"column":15},"end":{"line":3,"column":32}},"3":{"start":{"line":4,"column":11},"end":{"line":4,"column":24}},"4":{"start":{"line":5,"column":13},"end":{"line":5,"column":28}},"5":{"start":{"line":7,"column":21},"end":{"line":7,"column":56}},"6":{"start":{"line":14,"column":8},"end":{"line":14,"column":32}},"7":{"start":{"line":15,"column":8},"end":{"line":15,"column":47}},"8":{"start":{"line":17,"column":8},"end":{"line":17,"column":49}},"9":{"start":{"line":18,"column":8},"end":{"line":18,"column":55}},"10":{"start":{"line":19,"column":8},"end":{"line":19,"column":43}},"11":{"start":{"line":20,"column":8},"end":{"line":20,"column":61}},"12":{"start":{"line":21,"column":8},"end":{"line":21,"column":75}},"13":{"start":{"line":22,"column":8},"end":{"line":22,"column":59}},"14":{"start":{"line":23,"column":8},"end":{"line":23,"column":77}},"15":{"start":{"line":24,"column":8},"end":{"line":24,"column":87}},"16":{"start":{"line":25,"column":8},"end":{"line":25,"column":61}},"17":{"start":{"line":26,"column":8},"end":{"line":26,"column":71}},"18":{"start":{"line":27,"column":8},"end":{"line":27,"column":45}},"19":{"start":{"line":28,"column":8},"end":{"line":28,"column":55}},"20":{"start":{"line":29,"column":8},"end":{"line":29,"column":63}},"21":{"start":{"line":30,"column":8},"end":{"line":30,"column":59}},"22":{"start":{"line":34,"column":21},"end":{"line":34,"column":45}},"23":{"start":{"line":35,"column":8},"end":{"line":35,"column":43}},"24":{"start":{"line":39,"column":25},"end":{"line":39,"column":63}},"25":{"start":{"line":40,"column":22},"end":{"line":44,"column":9}},"26":{"start":{"line":45,"column":8},"end":{"line":45,"column":35}},"27":{"start":{"line":50,"column":31},"end":{"line":50,"column":81}},"28":{"start":{"line":51,"column":8},"end":{"line":51,"column":45}},"29":{"start":{"line":55,"column":61},"end":{"line":55,"column":69}},"30":{"start":{"line":56,"column":26},"end":{"line":56,"column":40}},"31":{"start":{"line":58,"column":8},"end":{"line":80,"column":9}},"32":{"start":{"line":59,"column":25},"end":{"line":59,"column":81}},"33":{"start":{"line":60,"column":12},"end":{"line":60,"column":75}},"34":{"start":{"line":60,"column":23},"end":{"line":60,"column":75}},"35":{"start":{"line":62,"column":31},"end":{"line":62,"column":80}},"36":{"start":{"line":63,"column":12},"end":{"line":63,"column":92}},"37":{"start":{"line":63,"column":29},"end":{"line":63,"column":92}},"38":{"start":{"line":65,"column":12},"end":{"line":67,"column":13}},"39":{"start":{"line":66,"column":16},"end":{"line":66,"column":128}},"40":{"start":{"line":69,"column":12},"end":{"line":69,"column":122}},"41":{"start":{"line":69,"column":47},"end":{"line":69,"column":122}},"42":{"start":{"line":71,"column":12},"end":{"line":71,"column":63}},"43":{"start":{"line":72,"column":12},"end":{"line":72,"column":30}},"44":{"start":{"line":74,"column":31},"end":{"line":74,"column":104}},"45":{"start":{"line":76,"column":12},"end":{"line":76,"column":101}},"46":{"start":{"line":78,"column":12},"end":{"line":78,"column":57}},"47":{"start":{"line":79,"column":12},"end":{"line":79,"column":56}},"48":{"start":{"line":85,"column":62},"end":{"line":85,"column":70}},"49":{"start":{"line":86,"column":8},"end":{"line":106,"column":9}},"50":{"start":{"line":87,"column":33},"end":{"line":87,"column":78}},"51":{"start":{"line":88,"column":12},"end":{"line":90,"column":13}},"52":{"start":{"line":89,"column":16},"end":{"line":89,"column":95}},"53":{"start":{"line":92,"column":35},"end":{"line":92,"column":69}},"54":{"start":{"line":93,"column":40},"end":{"line":93,"column":78}},"55":{"start":{"line":95,"column":28},"end":{"line":98,"column":14}},"56":{"start":{"line":100,"column":12},"end":{"line":100,"column":74}},"57":{"start":{"line":102,"column":12},"end":{"line":102,"column":113}},"58":{"start":{"line":104,"column":12},"end":{"line":104,"column":39}},"59":{"start":{"line":105,"column":12},"end":{"line":105,"column":49}},"60":{"start":{"line":110,"column":26},"end":{"line":110,"column":35}},"61":{"start":{"line":111,"column":8},"end":{"line":131,"column":9}},"62":{"start":{"line":112,"column":28},"end":{"line":112,"column":75}},"63":{"start":{"line":113,"column":25},"end":{"line":113,"column":85}},"64":{"start":{"line":115,"column":12},"end":{"line":115,"column":75}},"65":{"start":{"line":115,"column":23},"end":{"line":115,"column":75}},"66":{"start":{"line":116,"column":12},"end":{"line":116,"column":112}},"67":{"start":{"line":116,"column":33},"end":{"line":116,"column":112}},"68":{"start":{"line":118,"column":12},"end":{"line":120,"column":13}},"69":{"start":{"line":119,"column":16},"end":{"line":119,"column":85}},"70":{"start":{"line":122,"column":12},"end":{"line":122,"column":35}},"71":{"start":{"line":123,"column":12},"end":{"line":123,"column":45}},"72":{"start":{"line":124,"column":12},"end":{"line":124,"column":41}},"73":{"start":{"line":125,"column":12},"end":{"line":125,"column":30}},"74":{"start":{"line":127,"column":12},"end":{"line":127,"column":102}},"75":{"start":{"line":129,"column":12},"end":{"line":129,"column":54}},"76":{"start":{"line":130,"column":12},"end":{"line":130,"column":83}},"77":{"start":{"line":135,"column":36},"end":{"line":135,"column":44}},"78":{"start":{"line":136,"column":8},"end":{"line":160,"column":9}},"79":{"start":{"line":137,"column":25},"end":{"line":137,"column":70}},"80":{"start":{"line":139,"column":12},"end":{"line":139,"column":102}},"81":{"start":{"line":139,"column":23},"end":{"line":139,"column":102}},"82":{"start":{"line":140,"column":12},"end":{"line":140,"column":136}},"83":{"start":{"line":140,"column":34},"end":{"line":140,"column":136}},"84":{"start":{"line":142,"column":36},"end":{"line":142,"column":81}},"85":{"start":{"line":143,"column":12},"end":{"line":143,"column":114}},"86":{"start":{"line":143,"column":34},"end":{"line":143,"column":114}},"87":{"start":{"line":145,"column":26},"end":{"line":149,"column":13}},"88":{"start":{"line":151,"column":12},"end":{"line":151,"column":59}},"89":{"start":{"line":153,"column":12},"end":{"line":153,"column":77}},"90":{"start":{"line":153,"column":38},"end":{"line":153,"column":77}},"91":{"start":{"line":154,"column":12},"end":{"line":154,"column":79}},"92":{"start":{"line":154,"column":39},"end":{"line":154,"column":79}},"93":{"start":{"line":156,"column":12},"end":{"line":156,"column":63}},"94":{"start":{"line":158,"column":12},"end":{"line":158,"column":55}},"95":{"start":{"line":159,"column":12},"end":{"line":159,"column":71}},"96":{"start":{"line":164,"column":26},"end":{"line":164,"column":34}},"97":{"start":{"line":165,"column":8},"end":{"line":181,"column":9}},"98":{"start":{"line":166,"column":25},"end":{"line":166,"column":70}},"99":{"start":{"line":167,"column":12},"end":{"line":167,"column":96}},"100":{"start":{"line":167,"column":23},"end":{"line":167,"column":96}},"101":{"start":{"line":169,"column":40},"end":{"line":169,"column":78}},"102":{"start":{"line":171,"column":12},"end":{"line":171,"column":47}},"103":{"start":{"line":172,"column":12},"end":{"line":172,"column":48}},"104":{"start":{"line":173,"column":12},"end":{"line":173,"column":30}},"105":{"start":{"line":175,"column":12},"end":{"line":175,"column":72}},"106":{"start":{"line":177,"column":12},"end":{"line":177,"column":113}},"107":{"start":{"line":179,"column":12},"end":{"line":179,"column":57}},"108":{"start":{"line":180,"column":12},"end":{"line":180,"column":49}},"109":{"start":{"line":185,"column":26},"end":{"line":185,"column":35}},"110":{"start":{"line":186,"column":8},"end":{"line":200,"column":9}},"111":{"start":{"line":187,"column":28},"end":{"line":187,"column":75}},"112":{"start":{"line":188,"column":25},"end":{"line":188,"column":85}},"113":{"start":{"line":190,"column":12},"end":{"line":190,"column":75}},"114":{"start":{"line":190,"column":23},"end":{"line":190,"column":75}},"115":{"start":{"line":192,"column":12},"end":{"line":194,"column":13}},"116":{"start":{"line":193,"column":16},"end":{"line":193,"column":85}},"117":{"start":{"line":196,"column":12},"end":{"line":196,"column":58}},"118":{"start":{"line":198,"column":12},"end":{"line":198,"column":62}},"119":{"start":{"line":199,"column":12},"end":{"line":199,"column":83}},"120":{"start":{"line":204,"column":36},"end":{"line":204,"column":44}},"121":{"start":{"line":205,"column":8},"end":{"line":227,"column":9}},"122":{"start":{"line":206,"column":28},"end":{"line":206,"column":75}},"123":{"start":{"line":207,"column":25},"end":{"line":207,"column":85}},"124":{"start":{"line":209,"column":12},"end":{"line":209,"column":75}},"125":{"start":{"line":209,"column":23},"end":{"line":209,"column":75}},"126":{"start":{"line":210,"column":12},"end":{"line":212,"column":13}},"127":{"start":{"line":211,"column":16},"end":{"line":211,"column":85}},"128":{"start":{"line":214,"column":12},"end":{"line":216,"column":13}},"129":{"start":{"line":215,"column":16},"end":{"line":215,"column":142}},"130":{"start":{"line":218,"column":12},"end":{"line":218,"column":63}},"131":{"start":{"line":219,"column":12},"end":{"line":219,"column":47}},"132":{"start":{"line":220,"column":12},"end":{"line":220,"column":43}},"133":{"start":{"line":221,"column":12},"end":{"line":221,"column":30}},"134":{"start":{"line":223,"column":12},"end":{"line":223,"column":105}},"135":{"start":{"line":225,"column":12},"end":{"line":225,"column":56}},"136":{"start":{"line":226,"column":12},"end":{"line":226,"column":83}},"137":{"start":{"line":231,"column":8},"end":{"line":231,"column":37}},"138":{"start":{"line":235,"column":21},"end":{"line":235,"column":82}},"139":{"start":{"line":236,"column":8},"end":{"line":236,"column":57}},"140":{"start":{"line":241,"column":8},"end":{"line":241,"column":78}},"141":{"start":{"line":245,"column":8},"end":{"line":245,"column":88}},"142":{"start":{"line":249,"column":8},"end":{"line":255,"column":9}},"143":{"start":{"line":250,"column":12},"end":{"line":250,"column":37}},"144":{"start":{"line":251,"column":12},"end":{"line":251,"column":37}},"145":{"start":{"line":253,"column":12},"end":{"line":253,"column":56}},"146":{"start":{"line":254,"column":12},"end":{"line":254,"column":78}},"147":{"start":{"line":259,"column":8},"end":{"line":269,"column":9}},"148":{"start":{"line":260,"column":30},"end":{"line":260,"column":44}},"149":{"start":{"line":261,"column":25},"end":{"line":261,"column":81}},"150":{"start":{"line":263,"column":12},"end":{"line":263,"column":75}},"151":{"start":{"line":263,"column":23},"end":{"line":263,"column":75}},"152":{"start":{"line":265,"column":12},"end":{"line":265,"column":44}},"153":{"start":{"line":267,"column":12},"end":{"line":267,"column":53}},"154":{"start":{"line":268,"column":12},"end":{"line":268,"column":64}},"155":{"start":{"line":273,"column":8},"end":{"line":283,"column":9}},"156":{"start":{"line":274,"column":30},"end":{"line":274,"column":44}},"157":{"start":{"line":275,"column":25},"end":{"line":275,"column":81}},"158":{"start":{"line":277,"column":12},"end":{"line":277,"column":75}},"159":{"start":{"line":277,"column":23},"end":{"line":277,"column":75}},"160":{"start":{"line":279,"column":12},"end":{"line":279,"column":48}},"161":{"start":{"line":281,"column":12},"end":{"line":281,"column":57}},"162":{"start":{"line":282,"column":12},"end":{"line":282,"column":59}},"163":{"start":{"line":287,"column":8},"end":{"line":316,"column":9}},"164":{"start":{"line":288,"column":30},"end":{"line":288,"column":44}},"165":{"start":{"line":289,"column":49},"end":{"line":289,"column":57}},"166":{"start":{"line":291,"column":25},"end":{"line":291,"column":81}},"167":{"start":{"line":292,"column":12},"end":{"line":292,"column":75}},"168":{"start":{"line":292,"column":23},"end":{"line":292,"column":75}},"169":{"start":{"line":295,"column":12},"end":{"line":303,"column":13}},"170":{"start":{"line":296,"column":16},"end":{"line":301,"column":17}},"171":{"start":{"line":297,"column":36},"end":{"line":297,"column":76}},"172":{"start":{"line":298,"column":20},"end":{"line":300,"column":21}},"173":{"start":{"line":299,"column":24},"end":{"line":299,"column":47}},"174":{"start":{"line":302,"column":16},"end":{"line":302,"column":46}},"175":{"start":{"line":306,"column":12},"end":{"line":306,"column":42}},"176":{"start":{"line":307,"column":12},"end":{"line":307,"column":48}},"177":{"start":{"line":308,"column":12},"end":{"line":308,"column":60}},"178":{"start":{"line":310,"column":12},"end":{"line":310,"column":30}},"179":{"start":{"line":312,"column":12},"end":{"line":312,"column":44}},"180":{"start":{"line":314,"column":12},"end":{"line":314,"column":58}},"181":{"start":{"line":315,"column":12},"end":{"line":315,"column":81}},"182":{"start":{"line":320,"column":0},"end":{"line":320,"column":32}}},"fnMap":{"0":{"name":"(anonymous_0)","decl":{"start":{"line":13,"column":4},"end":{"line":13,"column":5}},"loc":{"start":{"line":13,"column":24},"end":{"line":31,"column":5}},"line":13},"1":{"name":"(anonymous_1)","decl":{"start":{"line":84,"column":4},"end":{"line":84,"column":5}},"loc":{"start":{"line":84,"column":29},"end":{"line":107,"column":5}},"line":84},"2":{"name":"(anonymous_2)","decl":{"start":{"line":109,"column":4},"end":{"line":109,"column":5}},"loc":{"start":{"line":109,"column":32},"end":{"line":132,"column":5}},"line":109},"3":{"name":"(anonymous_3)","decl":{"start":{"line":134,"column":4},"end":{"line":134,"column":5}},"loc":{"start":{"line":134,"column":26},"end":{"line":161,"column":5}},"line":134},"4":{"name":"(anonymous_4)","decl":{"start":{"line":163,"column":4},"end":{"line":163,"column":5}},"loc":{"start":{"line":163,"column":35},"end":{"line":182,"column":5}},"line":163},"5":{"name":"(anonymous_5)","decl":{"start":{"line":184,"column":4},"end":{"line":184,"column":5}},"loc":{"start":{"line":184,"column":42},"end":{"line":201,"column":5}},"line":184},"6":{"name":"(anonymous_6)","decl":{"start":{"line":203,"column":4},"end":{"line":203,"column":5}},"loc":{"start":{"line":203,"column":34},"end":{"line":228,"column":5}},"line":203},"7":{"name":"(anonymous_7)","decl":{"start":{"line":230,"column":4},"end":{"line":230,"column":5}},"loc":{"start":{"line":230,"column":43},"end":{"line":232,"column":5}},"line":230},"8":{"name":"(anonymous_8)","decl":{"start":{"line":234,"column":4},"end":{"line":234,"column":5}},"loc":{"start":{"line":234,"column":48},"end":{"line":237,"column":5}},"line":234},"9":{"name":"(anonymous_9)","decl":{"start":{"line":240,"column":4},"end":{"line":240,"column":5}},"loc":{"start":{"line":240,"column":35},"end":{"line":242,"column":5}},"line":240},"10":{"name":"(anonymous_10)","decl":{"start":{"line":244,"column":4},"end":{"line":244,"column":5}},"loc":{"start":{"line":244,"column":40},"end":{"line":246,"column":5}},"line":244},"11":{"name":"(anonymous_11)","decl":{"start":{"line":248,"column":4},"end":{"line":248,"column":5}},"loc":{"start":{"line":248,"column":27},"end":{"line":256,"column":5}},"line":248},"12":{"name":"(anonymous_12)","decl":{"start":{"line":258,"column":4},"end":{"line":258,"column":5}},"loc":{"start":{"line":258,"column":32},"end":{"line":270,"column":5}},"line":258},"13":{"name":"(anonymous_13)","decl":{"start":{"line":272,"column":4},"end":{"line":272,"column":5}},"loc":{"start":{"line":272,"column":36},"end":{"line":284,"column":5}},"line":272},"14":{"name":"(anonymous_14)","decl":{"start":{"line":286,"column":4},"end":{"line":286,"column":5}},"loc":{"start":{"line":286,"column":34},"end":{"line":317,"column":5}},"line":286}},"branchMap":{"0":{"loc":{"start":{"line":60,"column":12},"end":{"line":60,"column":75}},"type":"if","locations":[{"start":{"line":60,"column":12},"end":{"line":60,"column":75}},{"start":{},"end":{}}],"line":60},"1":{"loc":{"start":{"line":63,"column":12},"end":{"line":63,"column":92}},"type":"if","locations":[{"start":{"line":63,"column":12},"end":{"line":63,"column":92}},{"start":{},"end":{}}],"line":63},"2":{"loc":{"start":{"line":65,"column":12},"end":{"line":67,"column":13}},"type":"if","locations":[{"start":{"line":65,"column":12},"end":{"line":67,"column":13}},{"start":{},"end":{}}],"line":65},"3":{"loc":{"start":{"line":69,"column":12},"end":{"line":69,"column":122}},"type":"if","locations":[{"start":{"line":69,"column":12},"end":{"line":69,"column":122}},{"start":{},"end":{}}],"line":69},"4":{"loc":{"start":{"line":74,"column":31},"end":{"line":74,"column":104}},"type":"cond-expr","locations":[{"start":{"line":74,"column":41},"end":{"line":74,"column":97}},{"start":{"line":74,"column":100},"end":{"line":74,"column":104}}],"line":74},"5":{"loc":{"start":{"line":88,"column":12},"end":{"line":90,"column":13}},"type":"if","locations":[{"start":{"line":88,"column":12},"end":{"line":90,"column":13}},{"start":{},"end":{}}],"line":88},"6":{"loc":{"start":{"line":115,"column":12},"end":{"line":115,"column":75}},"type":"if","locations":[{"start":{"line":115,"column":12},"end":{"line":115,"column":75}},{"start":{},"end":{}}],"line":115},"7":{"loc":{"start":{"line":116,"column":12},"end":{"line":116,"column":112}},"type":"if","locations":[{"start":{"line":116,"column":12},"end":{"line":116,"column":112}},{"start":{},"end":{}}],"line":116},"8":{"loc":{"start":{"line":118,"column":12},"end":{"line":120,"column":13}},"type":"if","locations":[{"start":{"line":118,"column":12},"end":{"line":120,"column":13}},{"start":{},"end":{}}],"line":118},"9":{"loc":{"start":{"line":118,"column":16},"end":{"line":118,"column":87}},"type":"binary-expr","locations":[{"start":{"line":118,"column":16},"end":{"line":118,"column":41}},{"start":{"line":118,"column":45},"end":{"line":118,"column":87}}],"line":118},"10":{"loc":{"start":{"line":139,"column":12},"end":{"line":139,"column":102}},"type":"if","locations":[{"start":{"line":139,"column":12},"end":{"line":139,"column":102}},{"start":{},"end":{}}],"line":139},"11":{"loc":{"start":{"line":140,"column":12},"end":{"line":140,"column":136}},"type":"if","locations":[{"start":{"line":140,"column":12},"end":{"line":140,"column":136}},{"start":{},"end":{}}],"line":140},"12":{"loc":{"start":{"line":143,"column":12},"end":{"line":143,"column":114}},"type":"if","locations":[{"start":{"line":143,"column":12},"end":{"line":143,"column":114}},{"start":{},"end":{}}],"line":143},"13":{"loc":{"start":{"line":153,"column":12},"end":{"line":153,"column":77}},"type":"if","locations":[{"start":{"line":153,"column":12},"end":{"line":153,"column":77}},{"start":{},"end":{}}],"line":153},"14":{"loc":{"start":{"line":154,"column":12},"end":{"line":154,"column":79}},"type":"if","locations":[{"start":{"line":154,"column":12},"end":{"line":154,"column":79}},{"start":{},"end":{}}],"line":154},"15":{"loc":{"start":{"line":167,"column":12},"end":{"line":167,"column":96}},"type":"if","locations":[{"start":{"line":167,"column":12},"end":{"line":167,"column":96}},{"start":{},"end":{}}],"line":167},"16":{"loc":{"start":{"line":190,"column":12},"end":{"line":190,"column":75}},"type":"if","locations":[{"start":{"line":190,"column":12},"end":{"line":190,"column":75}},{"start":{},"end":{}}],"line":190},"17":{"loc":{"start":{"line":192,"column":12},"end":{"line":194,"column":13}},"type":"if","locations":[{"start":{"line":192,"column":12},"end":{"line":194,"column":13}},{"start":{},"end":{}}],"line":192},"18":{"loc":{"start":{"line":192,"column":16},"end":{"line":192,"column":91}},"type":"binary-expr","locations":[{"start":{"line":192,"column":16},"end":{"line":192,"column":43}},{"start":{"line":192,"column":47},"end":{"line":192,"column":91}}],"line":192},"19":{"loc":{"start":{"line":209,"column":12},"end":{"line":209,"column":75}},"type":"if","locations":[{"start":{"line":209,"column":12},"end":{"line":209,"column":75}},{"start":{},"end":{}}],"line":209},"20":{"loc":{"start":{"line":210,"column":12},"end":{"line":212,"column":13}},"type":"if","locations":[{"start":{"line":210,"column":12},"end":{"line":212,"column":13}},{"start":{},"end":{}}],"line":210},"21":{"loc":{"start":{"line":210,"column":16},"end":{"line":210,"column":91}},"type":"binary-expr","locations":[{"start":{"line":210,"column":16},"end":{"line":210,"column":43}},{"start":{"line":210,"column":47},"end":{"line":210,"column":91}}],"line":210},"22":{"loc":{"start":{"line":214,"column":12},"end":{"line":216,"column":13}},"type":"if","locations":[{"start":{"line":214,"column":12},"end":{"line":216,"column":13}},{"start":{},"end":{}}],"line":214},"23":{"loc":{"start":{"line":263,"column":12},"end":{"line":263,"column":75}},"type":"if","locations":[{"start":{"line":263,"column":12},"end":{"line":263,"column":75}},{"start":{},"end":{}}],"line":263},"24":{"loc":{"start":{"line":277,"column":12},"end":{"line":277,"column":75}},"type":"if","locations":[{"start":{"line":277,"column":12},"end":{"line":277,"column":75}},{"start":{},"end":{}}],"line":277},"25":{"loc":{"start":{"line":292,"column":12},"end":{"line":292,"column":75}},"type":"if","locations":[{"start":{"line":292,"column":12},"end":{"line":292,"column":75}},{"start":{},"end":{}}],"line":292},"26":{"loc":{"start":{"line":295,"column":12},"end":{"line":303,"column":13}},"type":"if","locations":[{"start":{"line":295,"column":12},"end":{"line":303,"column":13}},{"start":{},"end":{}}],"line":295},"27":{"loc":{"start":{"line":296,"column":16},"end":{"line":301,"column":17}},"type":"if","locations":[{"start":{"line":296,"column":16},"end":{"line":301,"column":17}},{"start":{},"end":{}}],"line":296},"28":{"loc":{"start":{"line":296,"column":20},"end":{"line":296,"column":60}},"type":"binary-expr","locations":[{"start":{"line":296,"column":20},"end":{"line":296,"column":29}},{"start":{"line":296,"column":33},"end":{"line":296,"column":60}}],"line":296},"29":{"loc":{"start":{"line":298,"column":20},"end":{"line":300,"column":21}},"type":"if","locations":[{"start":{"line":298,"column":20},"end":{"line":300,"column":21}},{"start":{},"end":{}}],"line":298},"30":{"loc":{"start":{"line":306,"column":24},"end":{"line":306,"column":41}},"type":"binary-expr","locations":[{"start":{"line":306,"column":24},"end":{"line":306,"column":28}},{"start":{"line":306,"column":32},"end":{"line":306,"column":41}}],"line":306},"31":{"loc":{"start":{"line":307,"column":26},"end":{"line":307,"column":47}},"type":"binary-expr","locations":[{"start":{"line":307,"column":26},"end":{"line":307,"column":32}},{"start":{"line":307,"column":36},"end":{"line":307,"column":47}}],"line":307},"32":{"loc":{"start":{"line":308,"column":30},"end":{"line":308,"column":59}},"type":"binary-expr","locations":[{"start":{"line":308,"column":30},"end":{"line":308,"column":40}},{"start":{"line":308,"column":44},"end":{"line":308,"column":59}}],"line":308}},"s":{"0":1,"1":1,"2":1,"3":1,"4":1,"5":1,"6":58,"7":58,"8":58,"9":58,"10":58,"11":58,"12":58,"13":58,"14":58,"15":58,"16":58,"17":58,"18":58,"19":58,"20":58,"21":58,"22":4,"23":4,"24":2,"25":2,"26":2,"27":8,"28":8,"29":12,"30":12,"31":12,"32":12,"33":10,"34":2,"35":8,"36":8,"37":2,"38":6,"39":2,"40":4,"41":2,"42":2,"43":2,"44":2,"45":2,"46":2,"47":2,"48":3,"49":3,"50":3,"51":2,"52":1,"53":1,"54":1,"55":1,"56":1,"57":1,"58":1,"59":1,"60":5,"61":5,"62":5,"63":4,"64":4,"65":1,"66":3,"67":1,"68":2,"69":1,"70":1,"71":1,"72":1,"73":1,"74":1,"75":1,"76":1,"77":7,"78":7,"79":7,"80":6,"81":1,"82":5,"83":1,"84":4,"85":4,"86":1,"87":3,"88":3,"89":3,"90":1,"91":2,"92":1,"93":1,"94":1,"95":1,"96":3,"97":3,"98":3,"99":2,"100":1,"101":1,"102":1,"103":1,"104":1,"105":1,"106":1,"107":1,"108":1,"109":4,"110":4,"111":4,"112":3,"113":3,"114":1,"115":2,"116":1,"117":1,"118":1,"119":1,"120":5,"121":5,"122":5,"123":4,"124":4,"125":1,"126":3,"127":1,"128":2,"129":1,"130":1,"131":1,"132":1,"133":1,"134":1,"135":1,"136":1,"137":1,"138":1,"139":1,"140":6,"141":6,"142":2,"143":2,"144":1,"145":1,"146":1,"147":3,"148":3,"149":3,"150":2,"151":1,"152":1,"153":1,"154":1,"155":3,"156":3,"157":3,"158":2,"159":1,"160":1,"161":1,"162":1,"163":9,"164":9,"165":9,"166":9,"167":8,"168":1,"169":7,"170":4,"171":2,"172":2,"173":1,"174":4,"175":7,"176":7,"177":7,"178":7,"179":7,"180":1,"181":1,"182":1},"f":{"0":58,"1":3,"2":5,"3":7,"4":3,"5":4,"6":5,"7":1,"8":1,"9":6,"10":6,"11":2,"12":3,"13":3,"14":9},"b":{"0":[2,8],"1":[2,6],"2":[2,4],"3":[2,2],"4":[1,1],"5":[1,1],"6":[1,3],"7":[1,2],"8":[1,1],"9":[2,2],"10":[1,5],"11":[1,4],"12":[1,3],"13":[1,2],"14":[1,1],"15":[1,1],"16":[1,2],"17":[1,1],"18":[2,2],"19":[1,3],"20":[1,2],"21":[3,3],"22":[1,1],"23":[1,1],"24":[1,1],"25":[1,7],"26":[4,3],"27":[2,2],"28":[4,4],"29":[1,1],"30":[7,1],"31":[7,2],"32":[7,2]},"_coverageSchema":"1a1c01bbd47fc00a2c39e90264f33305004495a9","hash":"f8d519da9868bd91309429baa001e2f14601bdfc"}
,"D:\\User\\Documents\\KULIAH - S1 SISTEM INFORMASI\\Semester 5\\Proyek Pengembangan Sistem Informasi\\SILAPOR-OOP\\SILAPOR-PPSI\\controllers\\ClaimController.js": {"path":"D:\\User\\Documents\\KULIAH - S1 SISTEM INFORMASI\\Semester 5\\Proyek Pengembangan Sistem Informasi\\SILAPOR-OOP\\SILAPOR-PPSI\\controllers\\ClaimController.js","statementMap":{"0":{"start":{"line":6,"column":8},"end":{"line":6,"column":34}},"1":{"start":{"line":7,"column":8},"end":{"line":7,"column":38}},"2":{"start":{"line":8,"column":8},"end":{"line":8,"column":32}},"3":{"start":{"line":10,"column":8},"end":{"line":10,"column":55}},"4":{"start":{"line":11,"column":8},"end":{"line":11,"column":65}},"5":{"start":{"line":12,"column":8},"end":{"line":12,"column":55}},"6":{"start":{"line":13,"column":8},"end":{"line":13,"column":65}},"7":{"start":{"line":25,"column":23},"end":{"line":35,"column":10}},"8":{"start":{"line":38,"column":24},"end":{"line":42,"column":10}},"9":{"start":{"line":39,"column":28},"end":{"line":39,"column":50}},"10":{"start":{"line":40,"column":12},"end":{"line":40,"column":43}},"11":{"start":{"line":41,"column":12},"end":{"line":41,"column":27}},"12":{"start":{"line":44,"column":8},"end":{"line":44,"column":23}},"13":{"start":{"line":54,"column":8},"end":{"line":56,"column":11}},"14":{"start":{"line":59,"column":8},"end":{"line":62,"column":10}},"15":{"start":{"line":69,"column":8},"end":{"line":78,"column":9}},"16":{"start":{"line":70,"column":30},"end":{"line":70,"column":44}},"17":{"start":{"line":71,"column":28},"end":{"line":71,"column":71}},"18":{"start":{"line":72,"column":25},"end":{"line":72,"column":81}},"19":{"start":{"line":74,"column":12},"end":{"line":74,"column":60}},"20":{"start":{"line":76,"column":12},"end":{"line":76,"column":53}},"21":{"start":{"line":77,"column":12},"end":{"line":77,"column":75}},"22":{"start":{"line":82,"column":8},"end":{"line":92,"column":9}},"23":{"start":{"line":84,"column":30},"end":{"line":84,"column":44}},"24":{"start":{"line":85,"column":28},"end":{"line":85,"column":71}},"25":{"start":{"line":86,"column":29},"end":{"line":86,"column":85}},"26":{"start":{"line":88,"column":12},"end":{"line":88,"column":70}},"27":{"start":{"line":90,"column":12},"end":{"line":90,"column":58}},"28":{"start":{"line":91,"column":12},"end":{"line":91,"column":81}},"29":{"start":{"line":96,"column":8},"end":{"line":106,"column":9}},"30":{"start":{"line":97,"column":30},"end":{"line":97,"column":51}},"31":{"start":{"line":98,"column":30},"end":{"line":98,"column":44}},"32":{"start":{"line":100,"column":12},"end":{"line":100,"column":65}},"33":{"start":{"line":102,"column":12},"end":{"line":102,"column":48}},"34":{"start":{"line":104,"column":12},"end":{"line":104,"column":53}},"35":{"start":{"line":105,"column":12},"end":{"line":105,"column":54}},"36":{"start":{"line":110,"column":8},"end":{"line":120,"column":9}},"37":{"start":{"line":111,"column":30},"end":{"line":111,"column":51}},"38":{"start":{"line":112,"column":30},"end":{"line":112,"column":44}},"39":{"start":{"line":114,"column":12},"end":{"line":114,"column":65}},"40":{"start":{"line":116,"column":12},"end":{"line":116,"column":44}},"41":{"start":{"line":118,"column":12},"end":{"line":118,"column":58}},"42":{"start":{"line":119,"column":12},"end":{"line":119,"column":60}},"43":{"start":{"line":124,"column":0},"end":{"line":124,"column":33}}},"fnMap":{"0":{"name":"(anonymous_0)","decl":{"start":{"line":5,"column":4},"end":{"line":5,"column":5}},"loc":{"start":{"line":5,"column":24},"end":{"line":14,"column":5}},"line":5},"1":{"name":"(anonymous_1)","decl":{"start":{"line":38,"column":35},"end":{"line":38,"column":36}},"loc":{"start":{"line":38,"column":46},"end":{"line":42,"column":9}},"line":38},"2":{"name":"(anonymous_2)","decl":{"start":{"line":68,"column":4},"end":{"line":68,"column":5}},"loc":{"start":{"line":68,"column":32},"end":{"line":79,"column":5}},"line":68},"3":{"name":"(anonymous_3)","decl":{"start":{"line":81,"column":4},"end":{"line":81,"column":5}},"loc":{"start":{"line":81,"column":37},"end":{"line":93,"column":5}},"line":81},"4":{"name":"(anonymous_4)","decl":{"start":{"line":95,"column":4},"end":{"line":95,"column":5}},"loc":{"start":{"line":95,"column":32},"end":{"line":107,"column":5}},"line":95},"5":{"name":"(anonymous_5)","decl":{"start":{"line":109,"column":4},"end":{"line":109,"column":5}},"loc":{"start":{"line":109,"column":37},"end":{"line":121,"column":5}},"line":109}},"branchMap":{},"s":{"0":13,"1":13,"2":13,"3":13,"4":13,"5":13,"6":13,"7":5,"8":3,"9":3,"10":3,"11":3,"12":3,"13":6,"14":4,"15":3,"16":3,"17":3,"18":2,"19":2,"20":1,"21":1,"22":2,"23":2,"24":2,"25":1,"26":1,"27":1,"28":1,"29":3,"30":3,"31":3,"32":3,"33":2,"34":1,"35":1,"36":3,"37":3,"38":3,"39":3,"40":2,"41":1,"42":1,"43":1},"f":{"0":13,"1":3,"2":3,"3":2,"4":3,"5":3},"b":{},"_coverageSchema":"1a1c01bbd47fc00a2c39e90264f33305004495a9","hash":"538107c0a3f42b9d83399f86f7dfecb113062903"}
,"D:\\User\\Documents\\KULIAH - S1 SISTEM INFORMASI\\Semester 5\\Proyek Pengembangan Sistem Informasi\\SILAPOR-OOP\\SILAPOR-PPSI\\controllers\\HistoryController.js": {"path":"D:\\User\\Documents\\KULIAH - S1 SISTEM INFORMASI\\Semester 5\\Proyek Pengembangan Sistem Informasi\\SILAPOR-OOP\\SILAPOR-PPSI\\controllers\\HistoryController.js","statementMap":{"0":{"start":{"line":1,"column":15},"end":{"line":1,"column":35}},"1":{"start":{"line":2,"column":24},"end":{"line":2,"column":62}},"2":{"start":{"line":9,"column":8},"end":{"line":9,"column":38}},"3":{"start":{"line":10,"column":8},"end":{"line":10,"column":32}},"4":{"start":{"line":11,"column":8},"end":{"line":11,"column":53}},"5":{"start":{"line":13,"column":8},"end":{"line":13,"column":61}},"6":{"start":{"line":14,"column":8},"end":{"line":14,"column":71}},"7":{"start":{"line":15,"column":8},"end":{"line":15,"column":73}},"8":{"start":{"line":16,"column":8},"end":{"line":16,"column":83}},"9":{"start":{"line":17,"column":8},"end":{"line":17,"column":67}},"10":{"start":{"line":18,"column":8},"end":{"line":18,"column":77}},"11":{"start":{"line":23,"column":44},"end":{"line":23,"column":49}},"12":{"start":{"line":24,"column":28},"end":{"line":24,"column":46}},"13":{"start":{"line":26,"column":8},"end":{"line":26,"column":65}},"14":{"start":{"line":26,"column":25},"end":{"line":26,"column":65}},"15":{"start":{"line":27,"column":8},"end":{"line":27,"column":83}},"16":{"start":{"line":27,"column":24},"end":{"line":27,"column":83}},"17":{"start":{"line":29,"column":24},"end":{"line":32,"column":10}},"18":{"start":{"line":33,"column":8},"end":{"line":33,"column":23}},"19":{"start":{"line":37,"column":28},"end":{"line":37,"column":62}},"20":{"start":{"line":38,"column":8},"end":{"line":38,"column":45}},"21":{"start":{"line":38,"column":19},"end":{"line":38,"column":45}},"22":{"start":{"line":40,"column":23},"end":{"line":48,"column":10}},"23":{"start":{"line":49,"column":8},"end":{"line":49,"column":22}},"24":{"start":{"line":53,"column":4},"end":{"line":79,"column":5}},"25":{"start":{"line":55,"column":21},"end":{"line":55,"column":82}},"26":{"start":{"line":56,"column":8},"end":{"line":56,"column":71}},"27":{"start":{"line":56,"column":19},"end":{"line":56,"column":71}},"28":{"start":{"line":58,"column":24},"end":{"line":67,"column":10}},"29":{"start":{"line":69,"column":8},"end":{"line":74,"column":11}},"30":{"start":{"line":77,"column":8},"end":{"line":77,"column":52}},"31":{"start":{"line":78,"column":8},"end":{"line":78,"column":73}},"32":{"start":{"line":84,"column":8},"end":{"line":97,"column":9}},"33":{"start":{"line":85,"column":28},"end":{"line":85,"column":69}},"34":{"start":{"line":86,"column":25},"end":{"line":86,"column":86}},"35":{"start":{"line":88,"column":12},"end":{"line":93,"column":15}},"36":{"start":{"line":95,"column":12},"end":{"line":95,"column":61}},"37":{"start":{"line":96,"column":12},"end":{"line":96,"column":83}},"38":{"start":{"line":101,"column":8},"end":{"line":115,"column":9}},"39":{"start":{"line":102,"column":27},"end":{"line":102,"column":83}},"40":{"start":{"line":103,"column":25},"end":{"line":103,"column":86}},"41":{"start":{"line":105,"column":12},"end":{"line":105,"column":117}},"42":{"start":{"line":105,"column":25},"end":{"line":105,"column":117}},"43":{"start":{"line":107,"column":12},"end":{"line":111,"column":15}},"44":{"start":{"line":113,"column":12},"end":{"line":113,"column":66}},"45":{"start":{"line":114,"column":12},"end":{"line":114,"column":114}},"46":{"start":{"line":119,"column":8},"end":{"line":133,"column":9}},"47":{"start":{"line":120,"column":27},"end":{"line":120,"column":67}},"48":{"start":{"line":121,"column":25},"end":{"line":121,"column":86}},"49":{"start":{"line":123,"column":12},"end":{"line":123,"column":117}},"50":{"start":{"line":123,"column":25},"end":{"line":123,"column":117}},"51":{"start":{"line":125,"column":12},"end":{"line":129,"column":15}},"52":{"start":{"line":131,"column":12},"end":{"line":131,"column":66}},"53":{"start":{"line":132,"column":12},"end":{"line":132,"column":120}},"54":{"start":{"line":137,"column":8},"end":{"line":152,"column":9}},"55":{"start":{"line":138,"column":23},"end":{"line":138,"column":36}},"56":{"start":{"line":139,"column":28},"end":{"line":139,"column":73}},"57":{"start":{"line":141,"column":12},"end":{"line":141,"column":109}},"58":{"start":{"line":141,"column":26},"end":{"line":141,"column":109}},"59":{"start":{"line":143,"column":46},"end":{"line":143,"column":93}},"60":{"start":{"line":145,"column":12},"end":{"line":148,"column":15}},"61":{"start":{"line":146,"column":16},"end":{"line":146,"column":84}},"62":{"start":{"line":146,"column":33},"end":{"line":146,"column":84}},"63":{"start":{"line":147,"column":16},"end":{"line":147,"column":68}},"64":{"start":{"line":150,"column":12},"end":{"line":150,"column":75}},"65":{"start":{"line":151,"column":12},"end":{"line":151,"column":88}},"66":{"start":{"line":156,"column":8},"end":{"line":172,"column":9}},"67":{"start":{"line":157,"column":23},"end":{"line":157,"column":36}},"68":{"start":{"line":159,"column":28},"end":{"line":159,"column":57}},"69":{"start":{"line":161,"column":12},"end":{"line":161,"column":87}},"70":{"start":{"line":161,"column":26},"end":{"line":161,"column":87}},"71":{"start":{"line":163,"column":46},"end":{"line":163,"column":93}},"72":{"start":{"line":165,"column":12},"end":{"line":168,"column":15}},"73":{"start":{"line":166,"column":16},"end":{"line":166,"column":84}},"74":{"start":{"line":166,"column":33},"end":{"line":166,"column":84}},"75":{"start":{"line":167,"column":16},"end":{"line":167,"column":68}},"76":{"start":{"line":170,"column":12},"end":{"line":170,"column":81}},"77":{"start":{"line":171,"column":12},"end":{"line":171,"column":88}},"78":{"start":{"line":176,"column":0},"end":{"line":176,"column":35}}},"fnMap":{"0":{"name":"(anonymous_0)","decl":{"start":{"line":8,"column":4},"end":{"line":8,"column":5}},"loc":{"start":{"line":8,"column":24},"end":{"line":19,"column":5}},"line":8},"1":{"name":"(anonymous_1)","decl":{"start":{"line":52,"column":4},"end":{"line":52,"column":5}},"loc":{"start":{"line":52,"column":35},"end":{"line":80,"column":1}},"line":52},"2":{"name":"(anonymous_2)","decl":{"start":{"line":83,"column":4},"end":{"line":83,"column":5}},"loc":{"start":{"line":83,"column":40},"end":{"line":98,"column":5}},"line":83},"3":{"name":"(anonymous_3)","decl":{"start":{"line":100,"column":4},"end":{"line":100,"column":5}},"loc":{"start":{"line":100,"column":41},"end":{"line":116,"column":5}},"line":100},"4":{"name":"(anonymous_4)","decl":{"start":{"line":118,"column":4},"end":{"line":118,"column":5}},"loc":{"start":{"line":118,"column":46},"end":{"line":134,"column":5}},"line":118},"5":{"name":"(anonymous_5)","decl":{"start":{"line":136,"column":4},"end":{"line":136,"column":5}},"loc":{"start":{"line":136,"column":38},"end":{"line":153,"column":5}},"line":136},"6":{"name":"(anonymous_6)","decl":{"start":{"line":145,"column":57},"end":{"line":145,"column":58}},"loc":{"start":{"line":145,"column":74},"end":{"line":148,"column":13}},"line":145},"7":{"name":"(anonymous_7)","decl":{"start":{"line":155,"column":4},"end":{"line":155,"column":5}},"loc":{"start":{"line":155,"column":43},"end":{"line":173,"column":5}},"line":155},"8":{"name":"(anonymous_8)","decl":{"start":{"line":165,"column":57},"end":{"line":165,"column":58}},"loc":{"start":{"line":165,"column":74},"end":{"line":168,"column":13}},"line":165}},"branchMap":{"0":{"loc":{"start":{"line":26,"column":8},"end":{"line":26,"column":65}},"type":"if","locations":[{"start":{"line":26,"column":8},"end":{"line":26,"column":65}},{"start":{},"end":{}}],"line":26},"1":{"loc":{"start":{"line":27,"column":8},"end":{"line":27,"column":83}},"type":"if","locations":[{"start":{"line":27,"column":8},"end":{"line":27,"column":83}},{"start":{},"end":{}}],"line":27},"2":{"loc":{"start":{"line":36,"column":29},"end":{"line":36,"column":41}},"type":"default-arg","locations":[{"start":{"line":36,"column":37},"end":{"line":36,"column":41}}],"line":36},"3":{"loc":{"start":{"line":38,"column":8},"end":{"line":38,"column":45}},"type":"if","locations":[{"start":{"line":38,"column":8},"end":{"line":38,"column":45}},{"start":{},"end":{}}],"line":38},"4":{"loc":{"start":{"line":56,"column":8},"end":{"line":56,"column":71}},"type":"if","locations":[{"start":{"line":56,"column":8},"end":{"line":56,"column":71}},{"start":{},"end":{}}],"line":56},"5":{"loc":{"start":{"line":62,"column":20},"end":{"line":62,"column":85}},"type":"binary-expr","locations":[{"start":{"line":62,"column":20},"end":{"line":62,"column":41}},{"start":{"line":62,"column":45},"end":{"line":62,"column":85}}],"line":62},"6":{"loc":{"start":{"line":63,"column":20},"end":{"line":63,"column":103}},"type":"binary-expr","locations":[{"start":{"line":63,"column":20},"end":{"line":63,"column":40}},{"start":{"line":63,"column":44},"end":{"line":63,"column":103}}],"line":63},"7":{"loc":{"start":{"line":105,"column":12},"end":{"line":105,"column":117}},"type":"if","locations":[{"start":{"line":105,"column":12},"end":{"line":105,"column":117}},{"start":{},"end":{}}],"line":105},"8":{"loc":{"start":{"line":123,"column":12},"end":{"line":123,"column":117}},"type":"if","locations":[{"start":{"line":123,"column":12},"end":{"line":123,"column":117}},{"start":{},"end":{}}],"line":123},"9":{"loc":{"start":{"line":141,"column":12},"end":{"line":141,"column":109}},"type":"if","locations":[{"start":{"line":141,"column":12},"end":{"line":141,"column":109}},{"start":{},"end":{}}],"line":141},"10":{"loc":{"start":{"line":146,"column":16},"end":{"line":146,"column":84}},"type":"if","locations":[{"start":{"line":146,"column":16},"end":{"line":146,"column":84}},{"start":{},"end":{}}],"line":146},"11":{"loc":{"start":{"line":151,"column":33},"end":{"line":151,"column":86}},"type":"binary-expr","locations":[{"start":{"line":151,"column":33},"end":{"line":151,"column":46}},{"start":{"line":151,"column":50},"end":{"line":151,"column":86}}],"line":151},"12":{"loc":{"start":{"line":161,"column":12},"end":{"line":161,"column":87}},"type":"if","locations":[{"start":{"line":161,"column":12},"end":{"line":161,"column":87}},{"start":{},"end":{}}],"line":161},"13":{"loc":{"start":{"line":166,"column":16},"end":{"line":166,"column":84}},"type":"if","locations":[{"start":{"line":166,"column":16},"end":{"line":166,"column":84}},{"start":{},"end":{}}],"line":166},"14":{"loc":{"start":{"line":171,"column":33},"end":{"line":171,"column":86}},"type":"binary-expr","locations":[{"start":{"line":171,"column":33},"end":{"line":171,"column":46}},{"start":{"line":171,"column":50},"end":{"line":171,"column":86}}],"line":171}},"s":{"0":1,"1":1,"2":22,"3":22,"4":22,"5":22,"6":22,"7":22,"8":22,"9":22,"10":22,"11":1,"12":1,"13":1,"14":0,"15":1,"16":0,"17":1,"18":0,"19":12,"20":12,"21":6,"22":12,"23":8,"24":6,"25":6,"26":5,"27":1,"28":4,"29":4,"30":1,"31":1,"32":1,"33":1,"34":0,"35":0,"36":1,"37":1,"38":3,"39":3,"40":2,"41":2,"42":1,"43":1,"44":1,"45":1,"46":3,"47":3,"48":2,"49":2,"50":1,"51":1,"52":1,"53":1,"54":3,"55":3,"56":3,"57":2,"58":1,"59":1,"60":1,"61":1,"62":0,"63":1,"64":1,"65":1,"66":3,"67":3,"68":3,"69":2,"70":1,"71":1,"72":1,"73":1,"74":0,"75":1,"76":1,"77":1,"78":1},"f":{"0":22,"1":6,"2":1,"3":3,"4":3,"5":3,"6":1,"7":3,"8":1},"b":{"0":[0,1],"1":[0,1],"2":[6],"3":[6,6],"4":[1,4],"5":[4,2],"6":[4,2],"7":[1,1],"8":[1,1],"9":[1,1],"10":[0,1],"11":[1,0],"12":[1,1],"13":[0,1],"14":[1,0]},"_coverageSchema":"1a1c01bbd47fc00a2c39e90264f33305004495a9","hash":"7cbfb6916e973bc8f45ab5f56050b0e0e50e815a"}
,"D:\\User\\Documents\\KULIAH - S1 SISTEM INFORMASI\\Semester 5\\Proyek Pengembangan Sistem Informasi\\SILAPOR-OOP\\SILAPOR-PPSI\\controllers\\LandingController.js": {"path":"D:\\User\\Documents\\KULIAH - S1 SISTEM INFORMASI\\Semester 5\\Proyek Pengembangan Sistem Informasi\\SILAPOR-OOP\\SILAPOR-PPSI\\controllers\\LandingController.js","statementMap":{"0":{"start":{"line":8,"column":8},"end":{"line":8,"column":38}},"1":{"start":{"line":9,"column":8},"end":{"line":9,"column":32}},"2":{"start":{"line":12,"column":8},"end":{"line":12,"column":61}},"3":{"start":{"line":18,"column":8},"end":{"line":23,"column":11}},"4":{"start":{"line":27,"column":37},"end":{"line":29,"column":10}},"5":{"start":{"line":31,"column":32},"end":{"line":33,"column":10}},"6":{"start":{"line":36,"column":36},"end":{"line":36,"column":38}},"7":{"start":{"line":38,"column":8},"end":{"line":42,"column":10}},"8":{"start":{"line":48,"column":8},"end":{"line":71,"column":9}},"9":{"start":{"line":50,"column":36},"end":{"line":50,"column":78}},"10":{"start":{"line":51,"column":38},"end":{"line":51,"column":82}},"11":{"start":{"line":54,"column":31},"end":{"line":54,"column":60}},"12":{"start":{"line":58,"column":25},"end":{"line":58,"column":104}},"13":{"start":{"line":61,"column":12},"end":{"line":67,"column":15}},"14":{"start":{"line":69,"column":12},"end":{"line":69,"column":68}},"15":{"start":{"line":70,"column":12},"end":{"line":70,"column":66}},"16":{"start":{"line":75,"column":0},"end":{"line":75,"column":35}}},"fnMap":{"0":{"name":"(anonymous_0)","decl":{"start":{"line":7,"column":4},"end":{"line":7,"column":5}},"loc":{"start":{"line":7,"column":24},"end":{"line":13,"column":5}},"line":7},"1":{"name":"(anonymous_1)","decl":{"start":{"line":47,"column":4},"end":{"line":47,"column":5}},"loc":{"start":{"line":47,"column":35},"end":{"line":72,"column":5}},"line":47}},"branchMap":{"0":{"loc":{"start":{"line":58,"column":25},"end":{"line":58,"column":104}},"type":"cond-expr","locations":[{"start":{"line":58,"column":36},"end":{"line":58,"column":97}},{"start":{"line":58,"column":100},"end":{"line":58,"column":104}}],"line":58}},"s":{"0":12,"1":12,"2":12,"3":19,"4":9,"5":8,"6":8,"7":8,"8":10,"9":10,"10":9,"11":9,"12":8,"13":7,"14":3,"15":3,"16":1},"f":{"0":12,"1":10},"b":{"0":[2,6]},"_coverageSchema":"1a1c01bbd47fc00a2c39e90264f33305004495a9","hash":"5de72553f94bb0fa9e6eaba893c0f3881c7b661e"}
,"D:\\User\\Documents\\KULIAH - S1 SISTEM INFORMASI\\Semester 5\\Proyek Pengembangan Sistem Informasi\\SILAPOR-OOP\\SILAPOR-PPSI\\controllers\\ReportController.js": {"path":"D:\\User\\Documents\\KULIAH - S1 SISTEM INFORMASI\\Semester 5\\Proyek Pengembangan Sistem Informasi\\SILAPOR-OOP\\SILAPOR-PPSI\\controllers\\ReportController.js","statementMap":{"0":{"start":{"line":3,"column":18},"end":{"line":3,"column":38}},"1":{"start":{"line":4,"column":13},"end":{"line":4,"column":28}},"2":{"start":{"line":5,"column":11},"end":{"line":5,"column":24}},"3":{"start":{"line":6,"column":22},"end":{"line":6,"column":58}},"4":{"start":{"line":13,"column":8},"end":{"line":13,"column":38}},"5":{"start":{"line":14,"column":8},"end":{"line":14,"column":32}},"6":{"start":{"line":15,"column":8},"end":{"line":15,"column":34}},"7":{"start":{"line":16,"column":8},"end":{"line":16,"column":49}},"8":{"start":{"line":19,"column":8},"end":{"line":19,"column":61}},"9":{"start":{"line":20,"column":8},"end":{"line":20,"column":71}},"10":{"start":{"line":21,"column":8},"end":{"line":21,"column":63}},"11":{"start":{"line":22,"column":8},"end":{"line":22,"column":57}},"12":{"start":{"line":23,"column":8},"end":{"line":23,"column":67}},"13":{"start":{"line":24,"column":8},"end":{"line":24,"column":61}},"14":{"start":{"line":25,"column":8},"end":{"line":25,"column":57}},"15":{"start":{"line":26,"column":8},"end":{"line":26,"column":67}},"16":{"start":{"line":27,"column":8},"end":{"line":27,"column":69}},"17":{"start":{"line":28,"column":8},"end":{"line":28,"column":55}},"18":{"start":{"line":29,"column":8},"end":{"line":29,"column":57}},"19":{"start":{"line":30,"column":8},"end":{"line":30,"column":67}},"20":{"start":{"line":31,"column":8},"end":{"line":31,"column":57}},"21":{"start":{"line":32,"column":8},"end":{"line":32,"column":67}},"22":{"start":{"line":33,"column":8},"end":{"line":33,"column":55}},"23":{"start":{"line":34,"column":8},"end":{"line":34,"column":65}},"24":{"start":{"line":35,"column":8},"end":{"line":35,"column":59}},"25":{"start":{"line":36,"column":8},"end":{"line":36,"column":69}},"26":{"start":{"line":37,"column":8},"end":{"line":37,"column":55}},"27":{"start":{"line":47,"column":8},"end":{"line":58,"column":11}},"28":{"start":{"line":63,"column":93},"end":{"line":63,"column":101}},"29":{"start":{"line":64,"column":26},"end":{"line":64,"column":40}},"30":{"start":{"line":67,"column":8},"end":{"line":70,"column":9}},"31":{"start":{"line":68,"column":12},"end":{"line":68,"column":56}},"32":{"start":{"line":69,"column":12},"end":{"line":69,"column":96}},"33":{"start":{"line":72,"column":30},"end":{"line":72,"column":89}},"34":{"start":{"line":74,"column":27},"end":{"line":84,"column":9}},"35":{"start":{"line":86,"column":8},"end":{"line":101,"column":9}},"36":{"start":{"line":87,"column":27},"end":{"line":87,"column":64}},"37":{"start":{"line":90,"column":12},"end":{"line":96,"column":13}},"38":{"start":{"line":91,"column":16},"end":{"line":91,"column":73}},"39":{"start":{"line":92,"column":16},"end":{"line":92,"column":84}},"40":{"start":{"line":93,"column":16},"end":{"line":93,"column":61}},"41":{"start":{"line":95,"column":16},"end":{"line":95,"column":57}},"42":{"start":{"line":98,"column":12},"end":{"line":98,"column":59}},"43":{"start":{"line":99,"column":12},"end":{"line":99,"column":56}},"44":{"start":{"line":100,"column":12},"end":{"line":100,"column":113}},"45":{"start":{"line":106,"column":23},"end":{"line":106,"column":33}},"46":{"start":{"line":107,"column":60},"end":{"line":107,"column":68}},"47":{"start":{"line":108,"column":26},"end":{"line":108,"column":40}},"48":{"start":{"line":109,"column":29},"end":{"line":109,"column":89}},"49":{"start":{"line":111,"column":8},"end":{"line":139,"column":9}},"50":{"start":{"line":112,"column":35},"end":{"line":112,"column":53}},"51":{"start":{"line":113,"column":12},"end":{"line":113,"column":63}},"52":{"start":{"line":113,"column":30},"end":{"line":113,"column":63}},"53":{"start":{"line":115,"column":28},"end":{"line":115,"column":81}},"54":{"start":{"line":117,"column":12},"end":{"line":117,"column":94}},"55":{"start":{"line":117,"column":26},"end":{"line":117,"column":94}},"56":{"start":{"line":120,"column":12},"end":{"line":122,"column":13}},"57":{"start":{"line":121,"column":17},"end":{"line":121,"column":117}},"58":{"start":{"line":124,"column":12},"end":{"line":124,"column":69}},"59":{"start":{"line":125,"column":12},"end":{"line":125,"column":63}},"60":{"start":{"line":126,"column":12},"end":{"line":126,"column":63}},"61":{"start":{"line":128,"column":12},"end":{"line":131,"column":13}},"62":{"start":{"line":129,"column":16},"end":{"line":129,"column":95}},"63":{"start":{"line":129,"column":41},"end":{"line":129,"column":95}},"64":{"start":{"line":130,"column":16},"end":{"line":130,"column":56}},"65":{"start":{"line":133,"column":12},"end":{"line":133,"column":33}},"66":{"start":{"line":134,"column":12},"end":{"line":134,"column":46}},"67":{"start":{"line":136,"column":12},"end":{"line":136,"column":57}},"68":{"start":{"line":137,"column":12},"end":{"line":137,"column":56}},"69":{"start":{"line":138,"column":12},"end":{"line":138,"column":68}},"70":{"start":{"line":144,"column":23},"end":{"line":144,"column":33}},"71":{"start":{"line":145,"column":26},"end":{"line":145,"column":40}},"72":{"start":{"line":147,"column":8},"end":{"line":162,"column":9}},"73":{"start":{"line":148,"column":35},"end":{"line":148,"column":53}},"74":{"start":{"line":149,"column":12},"end":{"line":149,"column":63}},"75":{"start":{"line":149,"column":30},"end":{"line":149,"column":63}},"76":{"start":{"line":151,"column":28},"end":{"line":151,"column":81}},"77":{"start":{"line":153,"column":12},"end":{"line":153,"column":98}},"78":{"start":{"line":153,"column":26},"end":{"line":153,"column":98}},"79":{"start":{"line":155,"column":12},"end":{"line":155,"column":91}},"80":{"start":{"line":155,"column":37},"end":{"line":155,"column":91}},"81":{"start":{"line":157,"column":12},"end":{"line":157,"column":36}},"82":{"start":{"line":158,"column":12},"end":{"line":158,"column":77}},"83":{"start":{"line":160,"column":12},"end":{"line":160,"column":57}},"84":{"start":{"line":161,"column":12},"end":{"line":161,"column":94}},"85":{"start":{"line":167,"column":31},"end":{"line":167,"column":64}},"86":{"start":{"line":168,"column":96},"end":{"line":168,"column":104}},"87":{"start":{"line":170,"column":8},"end":{"line":172,"column":9}},"88":{"start":{"line":171,"column":12},"end":{"line":171,"column":96}},"89":{"start":{"line":174,"column":8},"end":{"line":206,"column":9}},"90":{"start":{"line":175,"column":32},"end":{"line":175,"column":127}},"91":{"start":{"line":177,"column":12},"end":{"line":177,"column":132}},"92":{"start":{"line":177,"column":30},"end":{"line":177,"column":132}},"93":{"start":{"line":179,"column":12},"end":{"line":179,"column":40}},"94":{"start":{"line":180,"column":12},"end":{"line":180,"column":37}},"95":{"start":{"line":182,"column":28},"end":{"line":182,"column":67}},"96":{"start":{"line":183,"column":12},"end":{"line":183,"column":110}},"97":{"start":{"line":183,"column":26},"end":{"line":183,"column":110}},"98":{"start":{"line":186,"column":12},"end":{"line":188,"column":13}},"99":{"start":{"line":187,"column":16},"end":{"line":187,"column":127}},"100":{"start":{"line":191,"column":12},"end":{"line":191,"column":36}},"101":{"start":{"line":192,"column":12},"end":{"line":192,"column":58}},"102":{"start":{"line":193,"column":12},"end":{"line":193,"column":70}},"103":{"start":{"line":194,"column":12},"end":{"line":194,"column":47}},"104":{"start":{"line":195,"column":12},"end":{"line":195,"column":59}},"105":{"start":{"line":196,"column":12},"end":{"line":196,"column":69}},"106":{"start":{"line":197,"column":12},"end":{"line":197,"column":33}},"107":{"start":{"line":200,"column":33},"end":{"line":200,"column":82}},"108":{"start":{"line":201,"column":12},"end":{"line":201,"column":46}},"109":{"start":{"line":203,"column":12},"end":{"line":203,"column":59}},"110":{"start":{"line":204,"column":12},"end":{"line":204,"column":56}},"111":{"start":{"line":205,"column":12},"end":{"line":205,"column":103}},"112":{"start":{"line":211,"column":31},"end":{"line":211,"column":41}},"113":{"start":{"line":212,"column":29},"end":{"line":212,"column":84}},"114":{"start":{"line":214,"column":8},"end":{"line":241,"column":5}},"115":{"start":{"line":215,"column":24},"end":{"line":215,"column":63}},"116":{"start":{"line":216,"column":8},"end":{"line":216,"column":77}},"117":{"start":{"line":216,"column":22},"end":{"line":216,"column":77}},"118":{"start":{"line":219,"column":51},"end":{"line":219,"column":59}},"119":{"start":{"line":222,"column":8},"end":{"line":222,"column":65}},"120":{"start":{"line":223,"column":8},"end":{"line":223,"column":50}},"121":{"start":{"line":224,"column":8},"end":{"line":224,"column":59}},"122":{"start":{"line":227,"column":8},"end":{"line":229,"column":9}},"123":{"start":{"line":228,"column":12},"end":{"line":228,"column":52}},"124":{"start":{"line":232,"column":8},"end":{"line":232,"column":59}},"125":{"start":{"line":233,"column":8},"end":{"line":233,"column":30}},"126":{"start":{"line":235,"column":8},"end":{"line":235,"column":29}},"127":{"start":{"line":237,"column":8},"end":{"line":237,"column":35}},"128":{"start":{"line":239,"column":8},"end":{"line":239,"column":64}},"129":{"start":{"line":240,"column":8},"end":{"line":240,"column":62}},"130":{"start":{"line":249,"column":8},"end":{"line":253,"column":9}},"131":{"start":{"line":250,"column":12},"end":{"line":250,"column":86}},"132":{"start":{"line":252,"column":12},"end":{"line":252,"column":111}},"133":{"start":{"line":257,"column":8},"end":{"line":261,"column":9}},"134":{"start":{"line":258,"column":12},"end":{"line":258,"column":98}},"135":{"start":{"line":260,"column":12},"end":{"line":260,"column":111}},"136":{"start":{"line":266,"column":8},"end":{"line":266,"column":58}},"137":{"start":{"line":270,"column":8},"end":{"line":270,"column":57}},"138":{"start":{"line":275,"column":8},"end":{"line":288,"column":9}},"139":{"start":{"line":276,"column":30},"end":{"line":276,"column":44}},"140":{"start":{"line":277,"column":31},"end":{"line":280,"column":13}},"141":{"start":{"line":281,"column":28},"end":{"line":281,"column":104}},"142":{"start":{"line":282,"column":25},"end":{"line":282,"column":81}},"143":{"start":{"line":284,"column":12},"end":{"line":284,"column":79}},"144":{"start":{"line":286,"column":12},"end":{"line":286,"column":59}},"145":{"start":{"line":287,"column":12},"end":{"line":287,"column":103}},"146":{"start":{"line":292,"column":12},"end":{"line":303,"column":13}},"147":{"start":{"line":293,"column":35},"end":{"line":293,"column":49}},"148":{"start":{"line":296,"column":32},"end":{"line":296,"column":89}},"149":{"start":{"line":297,"column":29},"end":{"line":297,"column":86}},"150":{"start":{"line":299,"column":16},"end":{"line":299,"column":125}},"151":{"start":{"line":301,"column":16},"end":{"line":301,"column":69}},"152":{"start":{"line":302,"column":16},"end":{"line":302,"column":107}},"153":{"start":{"line":307,"column":8},"end":{"line":316,"column":9}},"154":{"start":{"line":309,"column":28},"end":{"line":309,"column":89}},"155":{"start":{"line":310,"column":25},"end":{"line":310,"column":122}},"156":{"start":{"line":312,"column":12},"end":{"line":312,"column":50}},"157":{"start":{"line":314,"column":12},"end":{"line":314,"column":75}},"158":{"start":{"line":315,"column":12},"end":{"line":315,"column":66}},"159":{"start":{"line":320,"column":8},"end":{"line":329,"column":9}},"160":{"start":{"line":322,"column":28},"end":{"line":322,"column":89}},"161":{"start":{"line":323,"column":25},"end":{"line":323,"column":86}},"162":{"start":{"line":325,"column":12},"end":{"line":325,"column":58}},"163":{"start":{"line":327,"column":12},"end":{"line":327,"column":71}},"164":{"start":{"line":328,"column":12},"end":{"line":328,"column":66}},"165":{"start":{"line":333,"column":8},"end":{"line":347,"column":9}},"166":{"start":{"line":335,"column":31},"end":{"line":335,"column":59}},"167":{"start":{"line":336,"column":35},"end":{"line":340,"column":14}},"168":{"start":{"line":341,"column":25},"end":{"line":341,"column":86}},"169":{"start":{"line":343,"column":12},"end":{"line":343,"column":103}},"170":{"start":{"line":345,"column":12},"end":{"line":345,"column":61}},"171":{"start":{"line":346,"column":12},"end":{"line":346,"column":66}},"172":{"start":{"line":353,"column":8},"end":{"line":353,"column":57}},"173":{"start":{"line":357,"column":8},"end":{"line":357,"column":58}},"174":{"start":{"line":362,"column":8},"end":{"line":362,"column":57}},"175":{"start":{"line":366,"column":8},"end":{"line":366,"column":58}},"176":{"start":{"line":371,"column":31},"end":{"line":371,"column":39}},"177":{"start":{"line":372,"column":26},"end":{"line":372,"column":40}},"178":{"start":{"line":374,"column":8},"end":{"line":391,"column":9}},"179":{"start":{"line":375,"column":28},"end":{"line":375,"column":67}},"180":{"start":{"line":376,"column":12},"end":{"line":376,"column":110}},"181":{"start":{"line":376,"column":26},"end":{"line":376,"column":110}},"182":{"start":{"line":378,"column":12},"end":{"line":378,"column":151}},"183":{"start":{"line":378,"column":45},"end":{"line":378,"column":151}},"184":{"start":{"line":380,"column":12},"end":{"line":380,"column":97}},"185":{"start":{"line":382,"column":12},"end":{"line":382,"column":39}},"186":{"start":{"line":383,"column":12},"end":{"line":383,"column":33}},"187":{"start":{"line":385,"column":28},"end":{"line":385,"column":143}},"188":{"start":{"line":387,"column":12},"end":{"line":387,"column":108}},"189":{"start":{"line":389,"column":12},"end":{"line":389,"column":56}},"190":{"start":{"line":390,"column":12},"end":{"line":390,"column":102}},"191":{"start":{"line":396,"column":8},"end":{"line":396,"column":57}},"192":{"start":{"line":401,"column":8},"end":{"line":401,"column":56}},"193":{"start":{"line":405,"column":31},"end":{"line":405,"column":41}},"194":{"start":{"line":406,"column":27},"end":{"line":406,"column":35}},"195":{"start":{"line":408,"column":8},"end":{"line":427,"column":9}},"196":{"start":{"line":409,"column":32},"end":{"line":409,"column":127}},"197":{"start":{"line":411,"column":12},"end":{"line":411,"column":132}},"198":{"start":{"line":411,"column":30},"end":{"line":411,"column":132}},"199":{"start":{"line":413,"column":12},"end":{"line":413,"column":44}},"200":{"start":{"line":414,"column":12},"end":{"line":414,"column":40}},"201":{"start":{"line":415,"column":12},"end":{"line":415,"column":37}},"202":{"start":{"line":417,"column":28},"end":{"line":417,"column":67}},"203":{"start":{"line":418,"column":12},"end":{"line":421,"column":13}},"204":{"start":{"line":419,"column":16},"end":{"line":419,"column":47}},"205":{"start":{"line":420,"column":16},"end":{"line":420,"column":37}},"206":{"start":{"line":423,"column":12},"end":{"line":423,"column":82}},"207":{"start":{"line":425,"column":12},"end":{"line":425,"column":59}},"208":{"start":{"line":426,"column":12},"end":{"line":426,"column":109}},"209":{"start":{"line":432,"column":8},"end":{"line":432,"column":59}},"210":{"start":{"line":436,"column":8},"end":{"line":436,"column":58}},"211":{"start":{"line":440,"column":0},"end":{"line":440,"column":34}}},"fnMap":{"0":{"name":"(anonymous_0)","decl":{"start":{"line":12,"column":4},"end":{"line":12,"column":5}},"loc":{"start":{"line":12,"column":24},"end":{"line":38,"column":5}},"line":12},"1":{"name":"(anonymous_1)","decl":{"start":{"line":248,"column":4},"end":{"line":248,"column":5}},"loc":{"start":{"line":248,"column":29},"end":{"line":254,"column":5}},"line":248},"2":{"name":"(anonymous_2)","decl":{"start":{"line":256,"column":4},"end":{"line":256,"column":5}},"loc":{"start":{"line":256,"column":34},"end":{"line":262,"column":5}},"line":256},"3":{"name":"(anonymous_3)","decl":{"start":{"line":265,"column":4},"end":{"line":265,"column":5}},"loc":{"start":{"line":265,"column":27},"end":{"line":267,"column":5}},"line":265},"4":{"name":"(anonymous_4)","decl":{"start":{"line":269,"column":4},"end":{"line":269,"column":5}},"loc":{"start":{"line":269,"column":32},"end":{"line":271,"column":5}},"line":269},"5":{"name":"(anonymous_5)","decl":{"start":{"line":274,"column":4},"end":{"line":274,"column":5}},"loc":{"start":{"line":274,"column":35},"end":{"line":289,"column":5}},"line":274},"6":{"name":"(anonymous_6)","decl":{"start":{"line":291,"column":8},"end":{"line":291,"column":9}},"loc":{"start":{"line":291,"column":40},"end":{"line":304,"column":9}},"line":291},"7":{"name":"(anonymous_7)","decl":{"start":{"line":306,"column":4},"end":{"line":306,"column":5}},"loc":{"start":{"line":306,"column":38},"end":{"line":317,"column":5}},"line":306},"8":{"name":"(anonymous_8)","decl":{"start":{"line":319,"column":4},"end":{"line":319,"column":5}},"loc":{"start":{"line":319,"column":39},"end":{"line":330,"column":5}},"line":319},"9":{"name":"(anonymous_9)","decl":{"start":{"line":332,"column":4},"end":{"line":332,"column":5}},"loc":{"start":{"line":332,"column":33},"end":{"line":348,"column":5}},"line":332},"10":{"name":"(anonymous_10)","decl":{"start":{"line":352,"column":4},"end":{"line":352,"column":5}},"loc":{"start":{"line":352,"column":27},"end":{"line":354,"column":5}},"line":352},"11":{"name":"(anonymous_11)","decl":{"start":{"line":356,"column":4},"end":{"line":356,"column":5}},"loc":{"start":{"line":356,"column":32},"end":{"line":358,"column":5}},"line":356},"12":{"name":"(anonymous_12)","decl":{"start":{"line":361,"column":4},"end":{"line":361,"column":5}},"loc":{"start":{"line":361,"column":27},"end":{"line":363,"column":5}},"line":361},"13":{"name":"(anonymous_13)","decl":{"start":{"line":365,"column":4},"end":{"line":365,"column":5}},"loc":{"start":{"line":365,"column":32},"end":{"line":367,"column":5}},"line":365},"14":{"name":"(anonymous_14)","decl":{"start":{"line":370,"column":4},"end":{"line":370,"column":5}},"loc":{"start":{"line":370,"column":32},"end":{"line":392,"column":5}},"line":370},"15":{"name":"(anonymous_15)","decl":{"start":{"line":394,"column":4},"end":{"line":394,"column":5}},"loc":{"start":{"line":394,"column":26},"end":{"line":397,"column":5}},"line":394},"16":{"name":"(anonymous_16)","decl":{"start":{"line":399,"column":4},"end":{"line":399,"column":5}},"loc":{"start":{"line":399,"column":31},"end":{"line":402,"column":5}},"line":399},"17":{"name":"(anonymous_17)","decl":{"start":{"line":404,"column":4},"end":{"line":404,"column":5}},"loc":{"start":{"line":404,"column":32},"end":{"line":428,"column":5}},"line":404},"18":{"name":"(anonymous_18)","decl":{"start":{"line":431,"column":4},"end":{"line":431,"column":5}},"loc":{"start":{"line":431,"column":28},"end":{"line":433,"column":5}},"line":431},"19":{"name":"(anonymous_19)","decl":{"start":{"line":435,"column":4},"end":{"line":435,"column":5}},"loc":{"start":{"line":435,"column":33},"end":{"line":437,"column":5}},"line":435}},"branchMap":{"0":{"loc":{"start":{"line":62,"column":41},"end":{"line":62,"column":56}},"type":"default-arg","locations":[{"start":{"line":62,"column":51},"end":{"line":62,"column":56}}],"line":62},"1":{"loc":{"start":{"line":67,"column":8},"end":{"line":70,"column":9}},"type":"if","locations":[{"start":{"line":67,"column":8},"end":{"line":70,"column":9}},{"start":{},"end":{}}],"line":67},"2":{"loc":{"start":{"line":67,"column":12},"end":{"line":67,"column":97}},"type":"binary-expr","locations":[{"start":{"line":67,"column":12},"end":{"line":67,"column":26}},{"start":{"line":67,"column":30},"end":{"line":67,"column":42}},{"start":{"line":67,"column":46},"end":{"line":67,"column":62}},{"start":{"line":67,"column":66},"end":{"line":67,"column":83}},{"start":{"line":67,"column":87},"end":{"line":67,"column":97}}],"line":67},"3":{"loc":{"start":{"line":72,"column":30},"end":{"line":72,"column":89}},"type":"cond-expr","locations":[{"start":{"line":72,"column":40},"end":{"line":72,"column":53}},{"start":{"line":72,"column":56},"end":{"line":72,"column":89}}],"line":72},"4":{"loc":{"start":{"line":80,"column":25},"end":{"line":80,"column":60}},"type":"cond-expr","locations":[{"start":{"line":80,"column":36},"end":{"line":80,"column":53}},{"start":{"line":80,"column":56},"end":{"line":80,"column":60}}],"line":80},"5":{"loc":{"start":{"line":90,"column":12},"end":{"line":96,"column":13}},"type":"if","locations":[{"start":{"line":90,"column":12},"end":{"line":96,"column":13}},{"start":{"line":94,"column":19},"end":{"line":96,"column":13}}],"line":90},"6":{"loc":{"start":{"line":105,"column":41},"end":{"line":105,"column":60}},"type":"default-arg","locations":[{"start":{"line":105,"column":56},"end":{"line":105,"column":60}}],"line":105},"7":{"loc":{"start":{"line":109,"column":29},"end":{"line":109,"column":89}},"type":"cond-expr","locations":[{"start":{"line":109,"column":44},"end":{"line":109,"column":67}},{"start":{"line":109,"column":70},"end":{"line":109,"column":89}}],"line":109},"8":{"loc":{"start":{"line":113,"column":12},"end":{"line":113,"column":63}},"type":"if","locations":[{"start":{"line":113,"column":12},"end":{"line":113,"column":63}},{"start":{},"end":{}}],"line":113},"9":{"loc":{"start":{"line":117,"column":12},"end":{"line":117,"column":94}},"type":"if","locations":[{"start":{"line":117,"column":12},"end":{"line":117,"column":94}},{"start":{},"end":{}}],"line":117},"10":{"loc":{"start":{"line":120,"column":12},"end":{"line":122,"column":13}},"type":"if","locations":[{"start":{"line":120,"column":12},"end":{"line":122,"column":13}},{"start":{},"end":{}}],"line":120},"11":{"loc":{"start":{"line":120,"column":16},"end":{"line":120,"column":60}},"type":"binary-expr","locations":[{"start":{"line":120,"column":16},"end":{"line":120,"column":29}},{"start":{"line":120,"column":33},"end":{"line":120,"column":60}}],"line":120},"12":{"loc":{"start":{"line":124,"column":34},"end":{"line":124,"column":68}},"type":"binary-expr","locations":[{"start":{"line":124,"column":34},"end":{"line":124,"column":45}},{"start":{"line":124,"column":49},"end":{"line":124,"column":68}}],"line":124},"13":{"loc":{"start":{"line":125,"column":29},"end":{"line":125,"column":62}},"type":"binary-expr","locations":[{"start":{"line":125,"column":29},"end":{"line":125,"column":44}},{"start":{"line":125,"column":48},"end":{"line":125,"column":62}}],"line":125},"14":{"loc":{"start":{"line":126,"column":32},"end":{"line":126,"column":62}},"type":"binary-expr","locations":[{"start":{"line":126,"column":32},"end":{"line":126,"column":41}},{"start":{"line":126,"column":45},"end":{"line":126,"column":62}}],"line":126},"15":{"loc":{"start":{"line":128,"column":12},"end":{"line":131,"column":13}},"type":"if","locations":[{"start":{"line":128,"column":12},"end":{"line":131,"column":13}},{"start":{},"end":{}}],"line":128},"16":{"loc":{"start":{"line":129,"column":16},"end":{"line":129,"column":95}},"type":"if","locations":[{"start":{"line":129,"column":16},"end":{"line":129,"column":95}},{"start":{},"end":{}}],"line":129},"17":{"loc":{"start":{"line":143,"column":41},"end":{"line":143,"column":60}},"type":"default-arg","locations":[{"start":{"line":143,"column":56},"end":{"line":143,"column":60}}],"line":143},"18":{"loc":{"start":{"line":149,"column":12},"end":{"line":149,"column":63}},"type":"if","locations":[{"start":{"line":149,"column":12},"end":{"line":149,"column":63}},{"start":{},"end":{}}],"line":149},"19":{"loc":{"start":{"line":153,"column":12},"end":{"line":153,"column":98}},"type":"if","locations":[{"start":{"line":153,"column":12},"end":{"line":153,"column":98}},{"start":{},"end":{}}],"line":153},"20":{"loc":{"start":{"line":155,"column":12},"end":{"line":155,"column":91}},"type":"if","locations":[{"start":{"line":155,"column":12},"end":{"line":155,"column":91}},{"start":{},"end":{}}],"line":155},"21":{"loc":{"start":{"line":166,"column":40},"end":{"line":166,"column":55}},"type":"default-arg","locations":[{"start":{"line":166,"column":50},"end":{"line":166,"column":55}}],"line":166},"22":{"loc":{"start":{"line":167,"column":31},"end":{"line":167,"column":64}},"type":"cond-expr","locations":[{"start":{"line":167,"column":41},"end":{"line":167,"column":51}},{"start":{"line":167,"column":54},"end":{"line":167,"column":64}}],"line":167},"23":{"loc":{"start":{"line":170,"column":8},"end":{"line":172,"column":9}},"type":"if","locations":[{"start":{"line":170,"column":8},"end":{"line":172,"column":9}},{"start":{},"end":{}}],"line":170},"24":{"loc":{"start":{"line":170,"column":12},"end":{"line":170,"column":110}},"type":"binary-expr","locations":[{"start":{"line":170,"column":12},"end":{"line":170,"column":30}},{"start":{"line":170,"column":34},"end":{"line":170,"column":49}},{"start":{"line":170,"column":53},"end":{"line":170,"column":74}},{"start":{"line":170,"column":78},"end":{"line":170,"column":97}},{"start":{"line":170,"column":101},"end":{"line":170,"column":110}}],"line":170},"25":{"loc":{"start":{"line":177,"column":12},"end":{"line":177,"column":132}},"type":"if","locations":[{"start":{"line":177,"column":12},"end":{"line":177,"column":132}},{"start":{},"end":{}}],"line":177},"26":{"loc":{"start":{"line":183,"column":12},"end":{"line":183,"column":110}},"type":"if","locations":[{"start":{"line":183,"column":12},"end":{"line":183,"column":110}},{"start":{},"end":{}}],"line":183},"27":{"loc":{"start":{"line":186,"column":12},"end":{"line":188,"column":13}},"type":"if","locations":[{"start":{"line":186,"column":12},"end":{"line":188,"column":13}},{"start":{},"end":{}}],"line":186},"28":{"loc":{"start":{"line":196,"column":33},"end":{"line":196,"column":68}},"type":"cond-expr","locations":[{"start":{"line":196,"column":44},"end":{"line":196,"column":61}},{"start":{"line":196,"column":64},"end":{"line":196,"column":68}}],"line":196},"29":{"loc":{"start":{"line":200,"column":33},"end":{"line":200,"column":82}},"type":"cond-expr","locations":[{"start":{"line":200,"column":43},"end":{"line":200,"column":59}},{"start":{"line":200,"column":62},"end":{"line":200,"column":82}}],"line":200},"30":{"loc":{"start":{"line":210,"column":42},"end":{"line":210,"column":57}},"type":"default-arg","locations":[{"start":{"line":210,"column":52},"end":{"line":210,"column":57}}],"line":210},"31":{"loc":{"start":{"line":212,"column":29},"end":{"line":212,"column":84}},"type":"cond-expr","locations":[{"start":{"line":212,"column":39},"end":{"line":212,"column":58}},{"start":{"line":212,"column":61},"end":{"line":212,"column":84}}],"line":212},"32":{"loc":{"start":{"line":216,"column":8},"end":{"line":216,"column":77}},"type":"if","locations":[{"start":{"line":216,"column":8},"end":{"line":216,"column":77}},{"start":{},"end":{}}],"line":216},"33":{"loc":{"start":{"line":222,"column":30},"end":{"line":222,"column":64}},"type":"binary-expr","locations":[{"start":{"line":222,"column":30},"end":{"line":222,"column":41}},{"start":{"line":222,"column":45},"end":{"line":222,"column":64}}],"line":222},"34":{"loc":{"start":{"line":223,"column":25},"end":{"line":223,"column":49}},"type":"binary-expr","locations":[{"start":{"line":223,"column":25},"end":{"line":223,"column":31}},{"start":{"line":223,"column":35},"end":{"line":223,"column":49}}],"line":223},"35":{"loc":{"start":{"line":224,"column":28},"end":{"line":224,"column":58}},"type":"binary-expr","locations":[{"start":{"line":224,"column":28},"end":{"line":224,"column":37}},{"start":{"line":224,"column":41},"end":{"line":224,"column":58}}],"line":224},"36":{"loc":{"start":{"line":227,"column":8},"end":{"line":229,"column":9}},"type":"if","locations":[{"start":{"line":227,"column":8},"end":{"line":229,"column":9}},{"start":{},"end":{}}],"line":227},"37":{"loc":{"start":{"line":310,"column":25},"end":{"line":310,"column":122}},"type":"cond-expr","locations":[{"start":{"line":310,"column":54},"end":{"line":310,"column":115}},{"start":{"line":310,"column":118},"end":{"line":310,"column":122}}],"line":310},"38":{"loc":{"start":{"line":310,"column":25},"end":{"line":310,"column":51}},"type":"binary-expr","locations":[{"start":{"line":310,"column":25},"end":{"line":310,"column":33}},{"start":{"line":310,"column":37},"end":{"line":310,"column":51}}],"line":310},"39":{"loc":{"start":{"line":376,"column":12},"end":{"line":376,"column":110}},"type":"if","locations":[{"start":{"line":376,"column":12},"end":{"line":376,"column":110}},{"start":{},"end":{}}],"line":376},"40":{"loc":{"start":{"line":378,"column":12},"end":{"line":378,"column":151}},"type":"if","locations":[{"start":{"line":378,"column":12},"end":{"line":378,"column":151}},{"start":{},"end":{}}],"line":378},"41":{"loc":{"start":{"line":411,"column":12},"end":{"line":411,"column":132}},"type":"if","locations":[{"start":{"line":411,"column":12},"end":{"line":411,"column":132}},{"start":{},"end":{}}],"line":411},"42":{"loc":{"start":{"line":418,"column":12},"end":{"line":421,"column":13}},"type":"if","locations":[{"start":{"line":418,"column":12},"end":{"line":421,"column":13}},{"start":{},"end":{}}],"line":418}},"s":{"0":1,"1":1,"2":1,"3":1,"4":123,"5":123,"6":123,"7":123,"8":123,"9":123,"10":123,"11":123,"12":123,"13":123,"14":123,"15":123,"16":123,"17":123,"18":123,"19":123,"20":123,"21":123,"22":123,"23":123,"24":123,"25":123,"26":123,"27":5,"28":6,"29":6,"30":6,"31":2,"32":2,"33":4,"34":4,"35":4,"36":4,"37":2,"38":1,"39":1,"40":1,"41":1,"42":2,"43":2,"44":2,"45":7,"46":7,"47":7,"48":7,"49":7,"50":7,"51":7,"52":3,"53":7,"54":5,"55":2,"56":3,"57":1,"58":2,"59":2,"60":2,"61":2,"62":2,"63":2,"64":2,"65":2,"66":2,"67":2,"68":2,"69":2,"70":6,"71":6,"72":6,"73":6,"74":6,"75":3,"76":6,"77":4,"78":2,"79":2,"80":2,"81":2,"82":2,"83":2,"84":2,"85":12,"86":12,"87":12,"88":2,"89":10,"90":10,"91":8,"92":2,"93":6,"94":6,"95":6,"96":6,"97":2,"98":4,"99":2,"100":2,"101":2,"102":2,"103":2,"104":2,"105":2,"106":2,"107":2,"108":2,"109":2,"110":2,"111":2,"112":8,"113":8,"114":8,"115":8,"116":6,"117":2,"118":4,"119":4,"120":4,"121":4,"122":4,"123":2,"124":4,"125":4,"126":4,"127":4,"128":2,"129":2,"130":2,"131":2,"132":1,"133":2,"134":2,"135":1,"136":3,"137":3,"138":0,"139":0,"140":0,"141":0,"142":0,"143":0,"144":0,"145":0,"146":3,"147":3,"148":3,"149":3,"150":2,"151":1,"152":1,"153":1,"154":1,"155":1,"156":0,"157":1,"158":1,"159":1,"160":1,"161":1,"162":0,"163":1,"164":1,"165":6,"166":6,"167":5,"168":4,"169":3,"170":3,"171":3,"172":3,"173":4,"174":3,"175":3,"176":4,"177":4,"178":4,"179":4,"180":3,"181":1,"182":2,"183":1,"184":1,"185":1,"186":1,"187":1,"188":1,"189":1,"190":1,"191":6,"192":6,"193":4,"194":4,"195":4,"196":4,"197":3,"198":1,"199":2,"200":2,"201":2,"202":2,"203":2,"204":1,"205":1,"206":2,"207":1,"208":1,"209":4,"210":4,"211":1},"f":{"0":123,"1":2,"2":2,"3":3,"4":3,"5":0,"6":3,"7":1,"8":1,"9":6,"10":3,"11":4,"12":3,"13":3,"14":4,"15":6,"16":6,"17":4,"18":4,"19":4},"b":{"0":[0],"1":[2,4],"2":[6,6,4,4,4],"3":[2,2],"4":[4,0],"5":[1,1],"6":[0],"7":[3,4],"8":[3,4],"9":[2,3],"10":[1,2],"11":[3,2],"12":[2,0],"13":[2,0],"14":[2,0],"15":[2,0],"16":[2,0],"17":[0],"18":[3,3],"19":[2,2],"20":[2,0],"21":[0],"22":[6,6],"23":[2,10],"24":[12,10,10,10,10],"25":[2,6],"26":[2,4],"27":[2,2],"28":[2,0],"29":[1,1],"30":[0],"31":[4,4],"32":[2,4],"33":[4,0],"34":[4,0],"35":[4,0],"36":[2,2],"37":[1,0],"38":[1,1],"39":[1,2],"40":[1,1],"41":[1,2],"42":[1,1]},"_coverageSchema":"1a1c01bbd47fc00a2c39e90264f33305004495a9","hash":"88585624ff9f4a6e3aa58f6b221bee042764c2eb"}
,"D:\\User\\Documents\\KULIAH - S1 SISTEM INFORMASI\\Semester 5\\Proyek Pengembangan Sistem Informasi\\SILAPOR-OOP\\SILAPOR-PPSI\\controllers\\UserController.js": {"path":"D:\\User\\Documents\\KULIAH - S1 SISTEM INFORMASI\\Semester 5\\Proyek Pengembangan Sistem Informasi\\SILAPOR-OOP\\SILAPOR-PPSI\\controllers\\UserController.js","statementMap":{"0":{"start":{"line":3,"column":13},"end":{"line":3,"column":28}},"1":{"start":{"line":4,"column":11},"end":{"line":4,"column":24}},"2":{"start":{"line":5,"column":15},"end":{"line":5,"column":34}},"3":{"start":{"line":12,"column":8},"end":{"line":12,"column":32}},"4":{"start":{"line":15,"column":8},"end":{"line":15,"column":51}},"5":{"start":{"line":16,"column":8},"end":{"line":16,"column":53}},"6":{"start":{"line":17,"column":8},"end":{"line":17,"column":57}},"7":{"start":{"line":18,"column":8},"end":{"line":18,"column":53}},"8":{"start":{"line":19,"column":8},"end":{"line":19,"column":53}},"9":{"start":{"line":20,"column":8},"end":{"line":20,"column":65}},"10":{"start":{"line":21,"column":8},"end":{"line":21,"column":73}},"11":{"start":{"line":22,"column":8},"end":{"line":22,"column":69}},"12":{"start":{"line":28,"column":21},"end":{"line":28,"column":45}},"13":{"start":{"line":29,"column":8},"end":{"line":29,"column":43}},"14":{"start":{"line":35,"column":8},"end":{"line":48,"column":9}},"15":{"start":{"line":37,"column":26},"end":{"line":40,"column":14}},"16":{"start":{"line":42,"column":30},"end":{"line":42,"column":91}},"17":{"start":{"line":44,"column":12},"end":{"line":44,"column":90}},"18":{"start":{"line":46,"column":12},"end":{"line":46,"column":58}},"19":{"start":{"line":47,"column":12},"end":{"line":47,"column":102}},"20":{"start":{"line":52,"column":8},"end":{"line":61,"column":9}},"21":{"start":{"line":53,"column":30},"end":{"line":53,"column":46}},"22":{"start":{"line":56,"column":12},"end":{"line":56,"column":69}},"23":{"start":{"line":57,"column":12},"end":{"line":57,"column":44}},"24":{"start":{"line":59,"column":12},"end":{"line":59,"column":57}},"25":{"start":{"line":60,"column":12},"end":{"line":60,"column":98}},"26":{"start":{"line":65,"column":8},"end":{"line":83,"column":9}},"27":{"start":{"line":66,"column":30},"end":{"line":66,"column":46}},"28":{"start":{"line":67,"column":31},"end":{"line":70,"column":14}},"29":{"start":{"line":72,"column":12},"end":{"line":74,"column":13}},"30":{"start":{"line":73,"column":16},"end":{"line":73,"column":92}},"31":{"start":{"line":77,"column":30},"end":{"line":77,"column":91}},"32":{"start":{"line":79,"column":12},"end":{"line":79,"column":94}},"33":{"start":{"line":81,"column":12},"end":{"line":81,"column":66}},"34":{"start":{"line":82,"column":12},"end":{"line":82,"column":100}},"35":{"start":{"line":87,"column":8},"end":{"line":100,"column":9}},"36":{"start":{"line":88,"column":30},"end":{"line":88,"column":46}},"37":{"start":{"line":89,"column":62},"end":{"line":89,"column":70}},"38":{"start":{"line":91,"column":12},"end":{"line":94,"column":14}},"39":{"start":{"line":95,"column":12},"end":{"line":95,"column":44}},"40":{"start":{"line":98,"column":12},"end":{"line":98,"column":57}},"41":{"start":{"line":99,"column":12},"end":{"line":99,"column":105}},"42":{"start":{"line":104,"column":8},"end":{"line":133,"column":9}},"43":{"start":{"line":105,"column":72},"end":{"line":105,"column":80}},"44":{"start":{"line":108,"column":33},"end":{"line":108,"column":78}},"45":{"start":{"line":109,"column":12},"end":{"line":118,"column":13}},"46":{"start":{"line":111,"column":34},"end":{"line":111,"column":95}},"47":{"start":{"line":112,"column":16},"end":{"line":117,"column":19}},"48":{"start":{"line":120,"column":35},"end":{"line":120,"column":69}},"49":{"start":{"line":122,"column":12},"end":{"line":127,"column":15}},"50":{"start":{"line":129,"column":12},"end":{"line":129,"column":44}},"51":{"start":{"line":131,"column":12},"end":{"line":131,"column":57}},"52":{"start":{"line":132,"column":12},"end":{"line":132,"column":101}},"53":{"start":{"line":139,"column":8},"end":{"line":139,"column":71}},"54":{"start":{"line":143,"column":45},"end":{"line":143,"column":53}},"55":{"start":{"line":146,"column":8},"end":{"line":154,"column":9}},"56":{"start":{"line":147,"column":12},"end":{"line":152,"column":13}},"57":{"start":{"line":148,"column":32},"end":{"line":148,"column":92}},"58":{"start":{"line":149,"column":16},"end":{"line":151,"column":17}},"59":{"start":{"line":150,"column":20},"end":{"line":150,"column":43}},"60":{"start":{"line":15
[...]
n":46}},"2":{"start":{"line":3,"column":13},"end":{"line":3,"column":28}},"3":{"start":{"line":4,"column":11},"end":{"line":4,"column":24}},"4":{"start":{"line":5,"column":17},"end":{"line":5,"column":41}},"5":{"start":{"line":6,"column":20},"end":{"line":6,"column":62}},"6":{"start":{"line":10,"column":8},"end":{"line":10,"column":72}},"7":{"start":{"line":11,"column":8},"end":{"line":11,"column":56}},"8":{"start":{"line":13,"column":8},"end":{"line":13,"column":69}},"9":{"start":{"line":13,"column":42},"end":{"line":13,"column":69}},"10":{"start":{"line":18,"column":8},"end":{"line":39,"column":10}},"11":{"start":{"line":44,"column":8},"end":{"line":44,"column":30}},"12":{"start":{"line":44,"column":19},"end":{"line":44,"column":30}},"13":{"start":{"line":45,"column":8},"end":{"line":45,"column":58}},"14":{"start":{"line":50,"column":24},"end":{"line":50,"column":63}},"15":{"start":{"line":51,"column":20},"end":{"line":51,"column":39}},"16":{"start":{"line":53,"column":28},"end":{"line":68,"column":10}},"17":{"start":{"line":57,"column":16},"end":{"line":65,"column":17}},"18":{"start":{"line":58,"column":20},"end":{"line":60,"column":21}},"19":{"start":{"line":59,"column":24},"end":{"line":59,"column":91}},"20":{"start":{"line":61,"column":20},"end":{"line":61,"column":53}},"21":{"start":{"line":63,"column":20},"end":{"line":63,"column":65}},"22":{"start":{"line":64,"column":20},"end":{"line":64,"column":87}},"23":{"start":{"line":67,"column":27},"end":{"line":67,"column":37}},"24":{"start":{"line":70,"column":20},"end":{"line":76,"column":10}},"25":{"start":{"line":75,"column":30},"end":{"line":75,"column":33}},"26":{"start":{"line":77,"column":8},"end":{"line":77,"column":25}},"27":{"start":{"line":79,"column":8},"end":{"line":79,"column":61}},"28":{"start":{"line":84,"column":8},"end":{"line":91,"column":11}},"29":{"start":{"line":85,"column":26},"end":{"line":89,"column":13}},"30":{"start":{"line":86,"column":16},"end":{"line":86,"column":66}},"31":{"start":{"line":86,"column":45},"end":{"line":86,"column":66}},"32":{"start":{"line":87,"column":16},"end":{"line":87,"column":56}},"33":{"start":{"line":87,"column":34},"end":{"line":87,"column":56}},"34":{"start":{"line":88,"column":16},"end":{"line":88,"column":54}},"35":{"start":{"line":88,"column":33},"end":{"line":88,"column":45}},"36":{"start":{"line":90,"column":12},"end":{"line":90,"column":21}},"37":{"start":{"line":96,"column":29},"end":{"line":96,"column":82}},"38":{"start":{"line":97,"column":8},"end":{"line":99,"column":9}},"39":{"start":{"line":98,"column":12},"end":{"line":98,"column":62}},"40":{"start":{"line":101,"column":21},"end":{"line":101,"column":53}},"41":{"start":{"line":102,"column":27},"end":{"line":102,"column":62}},"42":{"start":{"line":104,"column":27},"end":{"line":104,"column":88}},"43":{"start":{"line":105,"column":26},"end":{"line":105,"column":86}},"44":{"start":{"line":107,"column":8},"end":{"line":107,"column":49}},"45":{"start":{"line":109,"column":24},"end":{"line":109,"column":104}},"46":{"start":{"line":111,"column":8},"end":{"line":125,"column":11}},"47":{"start":{"line":112,"column":12},"end":{"line":124,"column":15}},"48":{"start":{"line":113,"column":16},"end":{"line":116,"column":17}},"49":{"start":{"line":114,"column":20},"end":{"line":114,"column":64}},"50":{"start":{"line":115,"column":20},"end":{"line":115,"column":99}},"51":{"start":{"line":118,"column":30},"end":{"line":118,"column":64}},"52":{"start":{"line":119,"column":16},"end":{"line":121,"column":17}},"53":{"start":{"line":120,"column":20},"end":{"line":120,"column":89}},"54":{"start":{"line":123,"column":16},"end":{"line":123,"column":51}},"55":{"start":{"line":130,"column":8},"end":{"line":136,"column":9}},"56":{"start":{"line":131,"column":12},"end":{"line":131,"column":73}},"57":{"start":{"line":131,"column":45},"end":{"line":131,"column":73}},"58":{"start":{"line":132,"column":12},"end":{"line":132,"column":71}},"59":{"start":{"line":132,"column":44},"end":{"line":132,"column":71}},"60":{"start":{"line":133,"column":12},"end":{"line":133,"column":54}},"61":{"start":{"line":135,"column":12},"end":{"line":135,"column":79}},"62":{"start":{"line":140,"column":0},"end":{"line":140,"column":33}}},"fnMap":{"0":{"name":"(anonymous_0)","decl":{"start":{"line":9,"column":4},"end":{"line":9,"column":5}},"loc":{"start":{"line":9,"column":18},"end":{"line":14,"column":5}},"line":9},"1":{"name":"(anonymous_1)","decl":{"start":{"line":55,"column":22},"end":{"line":55,"column":23}},"loc":{"start":{"line":55,"column":36},"end":{"line":66,"column":13}},"line":55},"2":{"name":"(anonymous_2)","decl":{"start":{"line":67,"column":21},"end":{"line":67,"column":22}},"loc":{"start":{"line":67,"column":27},"end":{"line":67,"column":37}},"line":67},"3":{"name":"(anonymous_3)","decl":{"start":{"line":75,"column":24},"end":{"line":75,"column":25}},"loc":{"start":{"line":75,"column":30},"end":{"line":75,"column":33}},"line":75},"4":{"name":"(anonymous_4)","decl":{"start":{"line":84,"column":27},"end":{"line":84,"column":28}},"loc":{"start":{"line":84,"column":40},"end":{"line":91,"column":9}},"line":84},"5":{"name":"(anonymous_5)","decl":{"start":{"line":85,"column":26},"end":{"line":85,"column":27}},"loc":{"start":{"line":85,"column":33},"end":{"line":89,"column":13}},"line":85},"6":{"name":"(anonymous_6)","decl":{"start":{"line":88,"column":27},"end":{"line":88,"column":28}},"loc":{"start":{"line":88,"column":33},"end":{"line":88,"column":45}},"line":88},"7":{"name":"(anonymous_7)","decl":{"start":{"line":95,"column":4},"end":{"line":95,"column":5}},"loc":{"start":{"line":95,"column":31},"end":{"line":126,"column":5}},"line":95},"8":{"name":"(anonymous_8)","decl":{"start":{"line":111,"column":27},"end":{"line":111,"column":28}},"loc":{"start":{"line":111,"column":48},"end":{"line":125,"column":9}},"line":111},"9":{"name":"(anonymous_9)","decl":{"start":{"line":112,"column":26},"end":{"line":112,"column":27}},"loc":{"start":{"line":112,"column":41},"end":{"line":124,"column":13}},"line":112},"10":{"name":"(anonymous_10)","decl":{"start":{"line":129,"column":4},"end":{"line":129,"column":5}},"loc":{"start":{"line":129,"column":39},"end":{"line":137,"column":5}},"line":129}},"branchMap":{"0":{"loc":{"start":{"line":13,"column":8},"end":{"line":13,"column":69}},"type":"if","locations":[{"start":{"line":13,"column":8},"end":{"line":13,"column":69}},{"start":{},"end":{}}],"line":13},"1":{"loc":{"start":{"line":19,"column":24},"end":{"line":19,"column":49}},"type":"binary-expr","locations":[{"start":{"line":19,"column":24},"end":{"line":19,"column":42}},{"start":{"line":19,"column":46},"end":{"line":19,"column":49}}],"line":19},"2":{"loc":{"start":{"line":20,"column":27},"end":{"line":20,"column":55}},"type":"binary-expr","locations":[{"start":{"line":20,"column":27},"end":{"line":20,"column":48}},{"start":{"line":20,"column":52},"end":{"line":20,"column":55}}],"line":20},"3":{"loc":{"start":{"line":21,"column":25},"end":{"line":21,"column":51}},"type":"binary-expr","locations":[{"start":{"line":21,"column":25},"end":{"line":21,"column":44}},{"start":{"line":21,"column":48},"end":{"line":21,"column":51}}],"line":21},"4":{"loc":{"start":{"line":22,"column":20},"end":{"line":22,"column":41}},"type":"binary-expr","locations":[{"start":{"line":22,"column":20},"end":{"line":22,"column":34}},{"start":{"line":22,"column":38},"end":{"line":22,"column":41}}],"line":22},"5":{"loc":{"start":{"line":24,"column":20},"end":{"line":24,"column":41}},"type":"binary-expr","locations":[{"start":{"line":24,"column":20},"end":{"line":24,"column":34}},{"start":{"line":24,"column":38},"end":{"line":24,"column":41}}],"line":24},"6":{"loc":{"start":{"line":26,"column":23},"end":{"line":26,"column":47}},"type":"binary-expr","locations":[{"start":{"line":26,"column":23},"end":{"line":26,"column":40}},{"start":{"line":26,"column":44},"end":{"line":26,"column":47}}],"line":26},"7":{"loc":{"start":{"line":28,"column":31},"end":{"line":28,"column":63}},"type":"binary-expr","locations":[{"start":{"line":28,"column":31},"end":{"line":28,"column":56}},{"start":{"line":28,"column":60},"end":{"line":28,"column":63}}],"line":28},"8":{"loc":{"start":{"line":29,"column":23},"end":{"line":29,"column":47}},"type":"binary-expr","locations":[{"start":{"line":29,"column":23},"end":{"line":29,"column":40}},{"start":{"line":29,"column":44},"end":{"line":29,"column":47}}],"line":29},"9":{"loc":{"start":{"line":30,"column":29},"end":{"line":30,"column":59}},"type":"binary-expr","locations":[{"start":{"line":30,"column":29},"end":{"line":30,"column":52}},{"start":{"line":30,"column":56},"end":{"line":30,"column":59}}],"line":30},"10":{"loc":{"start":{"line":31,"column":23},"end":{"line":31,"column":48}},"type":"binary-expr","locations":[{"start":{"line":31,"column":23},"end":{"line":31,"column":41}},{"start":{"line":31,"column":45},"end":{"line":31,"column":48}}],"line":31},"11":{"loc":{"start":{"line":32,"column":24},"end":{"line":32,"column":50}},"type":"binary-expr","locations":[{"start":{"line":32,"column":24},"end":{"line":32,"column":43}},{"start":{"line":32,"column":47},"end":{"line":32,"column":50}}],"line":32},"12":{"loc":{"start":{"line":33,"column":25},"end":{"line":33,"column":52}},"type":"binary-expr","locations":[{"start":{"line":33,"column":25},"end":{"line":33,"column":45}},{"start":{"line":33,"column":49},"end":{"line":33,"column":52}}],"line":33},"13":{"loc":{"start":{"line":34,"column":23},"end":{"line":34,"column":54}},"type":"binary-expr","locations":[{"start":{"line":34,"column":23},"end":{"line":34,"column":47}},{"start":{"line":34,"column":51},"end":{"line":34,"column":54}}],"line":34},"14":{"loc":{"start":{"line":36,"column":24},"end":{"line":38,"column":22}},"type":"cond-expr","locations":[{"start":{"line":37,"column":18},"end":{"line":37,"column":73}},{"start":{"line":38,"column":18},"end":{"line":38,"column":22}}],"line":36},"15":{"loc":{"start":{"line":44,"column":8},"end":{"line":44,"column":30}},"type":"if","locations":[{"start":{"line":44,"column":8},"end":{"line":44,"column":30}},{"start":{},"end":{}}],"line":44},"16":{"loc":{"start":{"line":58,"column":20},"end":{"line":60,"column":21}},"type":"if","locations":[{"start":{"line":58,"column":20},"end":{"line":60,"column":21}},{"start":{},"end":{}}],"line":58},"17":{"loc":{"start":{"line":58,"column":24},"end":{"line":58,"column":61}},"type":"binary-expr","locations":[{"start":{"line":58,"column":24},"end":{"line":58,"column":33}},{"start":{"line":58,"column":37},"end":{"line":58,"column":61}}],"line":58},"18":{"loc":{"start":{"line":83,"column":27},"end":{"line":83,"column":39}},"type":"default-arg","locations":[{"start":{"line":83,"column":37},"end":{"line":83,"column":39}}],"line":83},"19":{"loc":{"start":{"line":83,"column":41},"end":{"line":83,"column":52}},"type":"default-arg","locations":[{"start":{"line":83,"column":49},"end":{"line":83,"column":52}}],"line":83},"20":{"loc":{"start":{"line":86,"column":16},"end":{"line":86,"column":66}},"type":"if","locations":[{"start":{"line":86,"column":16},"end":{"line":86,"column":66}},{"start":{},"end":{}}],"line":86},"21":{"loc":{"start":{"line":87,"column":16},"end":{"line":87,"column":56}},"type":"if","locations":[{"start":{"line":87,"column":16},"end":{"line":87,"column":56}},{"start":{},"end":{}}],"line":87},"22":{"loc":{"start":{"line":97,"column":8},"end":{"line":99,"column":9}},"type":"if","locations":[{"start":{"line":97,"column":8},"end":{"line":99,"column":9}},{"start":{},"end":{}}],"line":97},"23":{"loc":{"start":{"line":113,"column":16},"end":{"line":116,"column":17}},"type":"if","locations":[{"start":{"line":113,"column":16},"end":{"line":116,"column":17}},{"start":{},"end":{}}],"line":113},"24":{"loc":{"start":{"line":119,"column":16},"end":{"line":121,"column":17}},"type":"if","locations":[{"start":{"line":119,"column":16},"end":{"line":121,"column":17}},{"start":{},"end":{}}],"line":119},"25":{"loc":{"start":{"line":131,"column":12},"end":{"line":131,"column":73}},"type":"if","locations":[{"start":{"line":131,"column":12},"end":{"line":131,"column":73}},{"start":{},"end":{}}],"line":131},"26":{"loc":{"start":{"line":132,"column":12},"end":{"line":132,"column":71}},"type":"if","locations":[{"start":{"line":132,"column":12},"end":{"line":132,"column":71}},{"start":{},"end":{}}],"line":132}},"s":{"0":2,"1":2,"2":2,"3":2,"4":2,"5":2,"6":22,"7":22,"8":22,"9":1,"10":12,"11":36,"12":22,"13":14,"14":12,"15":12,"16":12,"17":4,"18":4,"19":2,"20":2,"21":1,"22":1,"23":1,"24":12,"25":1,"26":12,"27":12,"28":11,"29":11,"30":21,"31":10,"32":11,"33":1,"34":10,"35":10,"36":11,"37":13,"38":13,"39":1,"40":12,"41":12,"42":12,"43":12,"44":12,"45":12,"46":12,"47":12,"48":12,"49":1,"50":1,"51":11,"52":11,"53":1,"54":10,"55":4,"56":4,"57":3,"58":3,"59":1,"60":3,"61":1,"62":2},"f":{"0":22,"1":4,"2":1,"3":1,"4":11,"5":21,"6":10,"7":13,"8":12,"9":12,"10":4},"b":{"0":[1,21],"1":[12,0],"2":[12,7],"3":[12,7],"4":[12,7],"5":[12,7],"6":[12,7],"7":[12,7],"8":[12,7],"9":[12,7],"10":[12,8],"11":[12,8],"12":[12,8],"13":[12,8],"14":[5,7],"15":[22,14],"16":[2,2],"17":[4,3],"18":[11],"19":[11],"20":[10,11],"21":[1,10],"22":[1,12],"23":[1,11],"24":[1,10],"25":[3,1],"26":[1,2]},"_coverageSchema":"1a1c01bbd47fc00a2c39e90264f33305004495a9","hash":"7f975e9cc66e0760beb3b63ea77f85823c4b2c5d"}
,"D:\\User\\Documents\\KULIAH - S1 SISTEM INFORMASI\\Semester 5\\Proyek Pengembangan Sistem Informasi\\SILAPOR-OOP\\SILAPOR-PPSI\\services\\EmailService.js": {"path":"D:\\User\\Documents\\KULIAH - S1 SISTEM INFORMASI\\Semester 5\\Proyek Pengembangan Sistem Informasi\\SILAPOR-OOP\\SILAPOR-PPSI\\services\\EmailService.js","statementMap":{"0":{"start":{"line":1,"column":19},"end":{"line":1,"column":40}},"1":{"start":{"line":2,"column":12},"end":{"line":2,"column":26}},"2":{"start":{"line":3,"column":13},"end":{"line":3,"column":28}},"3":{"start":{"line":7,"column":8},"end":{"line":13,"column":11}},"4":{"start":{"line":14,"column":8},"end":{"line":14,"column":67}},"5":{"start":{"line":15,"column":8},"end":{"line":15,"column":63}},"6":{"start":{"line":19,"column":27},"end":{"line":19,"column":78}},"7":{"start":{"line":20,"column":34},"end":{"line":20,"column":79}},"8":{"start":{"line":22,"column":26},"end":{"line":25,"column":10}},"9":{"start":{"line":27,"column":8},"end":{"line":32,"column":11}},"10":{"start":{"line":36,"column":26},"end":{"line":36,"column":79}},"11":{"start":{"line":38,"column":26},"end":{"line":40,"column":67}},"12":{"start":{"line":42,"column":8},"end":{"line":47,"column":11}},"13":{"start":{"line":51,"column":0},"end":{"line":51,"column":30}}},"fnMap":{"0":{"name":"(anonymous_0)","decl":{"start":{"line":6,"column":4},"end":{"line":6,"column":5}},"loc":{"start":{"line":6,"column":18},"end":{"line":16,"column":5}},"line":6},"1":{"name":"(anonymous_1)","decl":{"start":{"line":18,"column":4},"end":{"line":18,"column":5}},"loc":{"start":{"line":18,"column":45},"end":{"line":33,"column":5}},"line":18},"2":{"name":"(anonymous_2)","decl":{"start":{"line":35,"column":4},"end":{"line":35,"column":5}},"loc":{"start":{"line":35,"column":46},"end":{"line":48,"column":5}},"line":35}},"branchMap":{},"s":{"0":2,"1":2,"2":2,"3":6,"4":6,"5":6,"6":3,"7":3,"8":3,"9":2,"10":2,"11":2,"12":2,"13":2},"f":{"0":6,"1":3,"2":2},"b":{},"_coverageSchema":"1a1c01bbd47fc00a2c39e90264f33305004495a9","hash":"47229f2e490cb73fbdfcca7cbb7f386f5404aa29"}
,"D:\\User\\Documents\\KULIAH - S1 SISTEM INFORMASI\\Semester 5\\Proyek Pengembangan Sistem Informasi\\SILAPOR-OOP\\SILAPOR-PPSI\\services\\ReportService.js": {"path":"D:\\User\\Documents\\KULIAH - S1 SISTEM INFORMASI\\Semester 5\\Proyek Pengembangan Sistem Informasi\\SILAPOR-OOP\\SILAPOR-PPSI\\services\\ReportService.js","statementMap":{"0":{"start":{"line":3,"column":19},"end":{"line":3,"column":40}},"1":{"start":{"line":4,"column":13},"end":{"line":4,"column":28}},"2":{"start":{"line":5,"column":11},"end":{"line":5,"column":24}},"3":{"start":{"line":9,"column":8},"end":{"line":15,"column":11}},"4":{"start":{"line":16,"column":8},"end":{"line":16,"column":80}},"5":{"start":{"line":25,"column":19},"end":{"line":25,"column":36}},"6":{"start":{"line":26,"column":8},"end":{"line":30,"column":9}},"7":{"start":{"line":27,"column":12},"end":{"line":27,"column":88}},"8":{"start":{"line":29,"column":12},"end":{"line":29,"column":75}},"9":{"start":{"line":37,"column":28},"end":{"line":52,"column":9}},"10":{"start":{"line":54,"column":8},"end":{"line":60,"column":11}},"11":{"start":{"line":55,"column":12},"end":{"line":59,"column":13}},"12":{"start":{"line":56,"column":16},"end":{"line":56,"column":57}},"13":{"start":{"line":58,"column":16},"end":{"line":58,"column":62}},"14":{"start":{"line":68,"column":8},"end":{"line":73,"column":9}},"15":{"start":{"line":69,"column":29},"end":{"line":69,"column":92}},"16":{"start":{"line":70,"column":12},"end":{"line":72,"column":13}},"17":{"start":{"line":71,"column":16},"end":{"line":71,"column":40}},"18":{"start":{"line":81,"column":25},"end":{"line":81,"column":55}},"19":{"start":{"line":82,"column":8},"end":{"line":84,"column":9}},"20":{"start":{"line":83,"column":12},"end":{"line":83,"column":36}},"21":{"start":{"line":88,"column":0},"end":{"line":88,"column":31}}},"fnMap":{"0":{"name":"(anonymous_0)","decl":{"start":{"line":8,"column":4},"end":{"line":8,"column":5}},"loc":{"start":{"line":8,"column":18},"end":{"line":17,"column":5}},"line":8},"1":{"name":"(anonymous_1)","decl":{"start":{"line":24,"column":4},"end":{"line":24,"column":5}},"loc":{"start":{"line":24,"column":42},"end":{"line":31,"column":5}},"line":24},"2":{"name":"(anonymous_2)","decl":{"start":{"line":36,"column":4},"end":{"line":36,"column":5}},"loc":{"start":{"line":36,"column":29},"end":{"line":61,"column":5}},"line":36},"3":{"name":"(anonymous_3)","decl":{"start":{"line":54,"column":47},"end":{"line":54,"column":48}},"loc":{"start":{"line":54,"column":62},"end":{"line":60,"column":9}},"line":54},"4":{"name":"(anonymous_4)","decl":{"start":{"line":67,"column":4},"end":{"line":67,"column":5}},"loc":{"start":{"line":67,"column":29},"end":{"line":74,"column":5}},"line":67},"5":{"name":"(anonymous_5)","decl":{"start":{"line":80,"column":4},"end":{"line":80,"column":5}},"loc":{"start":{"line":80,"column":28},"end":{"line":85,"column":5}},"line":80}},"branchMap":{"0":{"loc":{"start":{"line":26,"column":8},"end":{"line":30,"column":9}},"type":"if","locations":[{"start":{"line":26,"column":8},"end":{"line":30,"column":9}},{"start":{"line":28,"column":15},"end":{"line":30,"column":9}}],"line":26},"1":{"loc":{"start":{"line":55,"column":12},"end":{"line":59,"column":13}},"type":"if","locations":[{"start":{"line":55,"column":12},"end":{"line":59,"column":13}},{"start":{"line":57,"column":19},"end":{"line":59,"column":13}}],"line":55},"2":{"loc":{"start":{"line":68,"column":8},"end":{"line":73,"column":9}},"type":"if","locations":[{"start":{"line":68,"column":8},"end":{"line":73,"column":9}},{"start":{},"end":{}}],"line":68},"3":{"loc":{"start":{"line":69,"column":39},"end":{"line":69,"column":72}},"type":"binary-expr","locations":[{"start":{"line":69,"column":39},"end":{"line":69,"column":59}},{"start":{"line":69,"column":63},"end":{"line":69,"column":72}}],"line":69},"4":{"loc":{"start":{"line":70,"column":12},"end":{"line":72,"column":13}},"type":"if","locations":[{"start":{"line":70,"column":12},"end":{"line":72,"column":13}},{"start":{},"end":{}}],"line":70},"5":{"loc":{"start":{"line":82,"column":8},"end":{"line":84,"column":9}},"type":"if","locations":[{"start":{"line":82,"column":8},"end":{"line":84,"column":9}},{"start":{},"end":{}}],"line":82}},"s":{"0":1,"1":1,"2":1,"3":23,"4":23,"5":4,"6":4,"7":2,"8":2,"9":5,"10":5,"11":5,"12":1,"13":4,"14":6,"15":5,"16":5,"17":4,"18":8,"19":8,"20":6,"21":1},"f":{"0":23,"1":4,"2":5,"3":5,"4":6,"5":8},"b":{"0":[2,2],"1":[1,4],"2":[5,1],"3":[5,1],"4":[4,1],"5":[6,2]},"_coverageSchema":"1a1c01bbd47fc00a2c39e90264f33305004495a9","hash":"a24a1bc1881609cb8670670ea30cd2778036e733"}
}
