TN:
SF:controllers\AuthController.js
FN:13,(anonymous_0)
FN:84,(anonymous_1)
FN:109,(anonymous_2)
FN:134,(anonymous_3)
FN:163,(anonymous_4)
FN:184,(anonymous_5)
FN:203,(anonymous_6)
FN:230,(anonymous_7)
FN:234,(anonymous_8)
FN:240,(anonymous_9)
FN:244,(anonymous_10)
FN:248,(anonymous_11)
FN:258,(anonymous_12)
FN:272,(anonymous_13)
FN:286,(anonymous_14)
FNF:15
FNH:15
FNDA:58,(anonymous_0)
FNDA:3,(anonymous_1)
FNDA:5,(anonymous_2)
FNDA:7,(anonymous_3)
FNDA:3,(anonymous_4)
FNDA:4,(anonymous_5)
FNDA:5,(anonymous_6)
FNDA:1,(anonymous_7)
FNDA:1,(anonymous_8)
FNDA:6,(anonymous_9)
FNDA:6,(anonymous_10)
FNDA:2,(anonymous_11)
FNDA:3,(anonymous_12)
FNDA:3,(anonymous_13)
FNDA:9,(anonymous_14)
DA:1,1
DA:2,1
DA:3,1
DA:4,1
DA:5,1
DA:7,1
DA:14,58
DA:15,58
DA:17,58
DA:18,58
DA:19,58
DA:20,58
DA:21,58
DA:22,58
DA:23,58
DA:24,58
DA:25,58
DA:26,58
DA:27,58
DA:28,58
DA:29,58
DA:30,58
DA:34,4
DA:35,4
DA:39,2
DA:40,2
DA:45,2
DA:50,8
DA:51,8
DA:55,12
DA:56,12
DA:58,12
DA:59,12
DA:60,10
DA:62,8
DA:63,8
DA:65,6
DA:66,2
DA:69,4
DA:71,2
DA:72,2
DA:74,2
DA:76,2
DA:78,2
DA:79,2
DA:85,3
DA:86,3
DA:87,3
DA:88,2
DA:89,1
DA:92,1
DA:93,1
DA:95,1
DA:100,1
DA:102,1
DA:104,1
DA:105,1
DA:110,5
DA:111,5
DA:112,5
DA:113,4
DA:115,4
DA:116,3
DA:118,2
DA:119,1
DA:122,1
DA:123,1
DA:124,1
DA:125,1
DA:127,1
DA:129,1
DA:130,1
DA:135,7
DA:136,7
DA:137,7
DA:139,6
DA:140,5
DA:142,4
DA:143,4
DA:145,3
DA:151,3
DA:153,3
DA:154,2
DA:156,1
DA:158,1
DA:159,1
DA:164,3
DA:165,3
DA:166,3
DA:167,2
DA:169,1
DA:171,1
DA:172,1
DA:173,1
DA:175,1
DA:177,1
DA:179,1
DA:180,1
DA:185,4
DA:186,4
DA:187,4
DA:188,3
DA:190,3
DA:192,2
DA:193,1
DA:196,1
DA:198,1
DA:199,1
DA:204,5
DA:205,5
DA:206,5
DA:207,4
DA:209,4
DA:210,3
DA:211,1
DA:214,2
DA:215,1
DA:218,1
DA:219,1
DA:220,1
DA:221,1
DA:223,1
DA:225,1
DA:226,1
DA:231,1
DA:235,1
DA:236,1
DA:241,6
DA:245,6
DA:249,2
DA:250,2
DA:251,1
DA:253,1
DA:254,1
DA:259,3
DA:260,3
DA:261,3
DA:263,2
DA:265,1
DA:267,1
DA:268,1
DA:273,3
DA:274,3
DA:275,3
DA:277,2
DA:279,1
DA:281,1
DA:282,1
DA:287,9
DA:288,9
DA:289,9
DA:291,9
DA:292,8
DA:295,7
DA:296,4
DA:297,2
DA:298,2
DA:299,1
DA:302,4
DA:306,7
DA:307,7
DA:308,7
DA:310,7
DA:312,7
DA:314,1
DA:315,1
DA:320,1
LF:167
LH:167
BRDA:60,0,0,2
BRDA:60,0,1,8
BRDA:63,1,0,2
BRDA:63,1,1,6
BRDA:65,2,0,2
BRDA:65,2,1,4
BRDA:69,3,0,2
BRDA:69,3,1,2
BRDA:74,4,0,1
BRDA:74,4,1,1
BRDA:88,5,0,1
BRDA:88,5,1,1
BRDA:115,6,0,1
BRDA:115,6,1,3
BRDA:116,7,0,1
BRDA:116,7,1,2
BRDA:118,8,0,1
BRDA:118,8,1,1
BRDA:118,9,0,2
BRDA:118,9,1,2
BRDA:139,10,0,1
BRDA:139,10,1,5
BRDA:140,11,0,1
BRDA:140,11,1,4
BRDA:143,12,0,1
BRDA:143,12,1,3
BRDA:153,13,0,1
BRDA:153,13,1,2
BRDA:154,14,0,1
BRDA:154,14,1,1
BRDA:167,15,0,1
BRDA:167,15,1,1
BRDA:190,16,0,1
BRDA:190,16,1,2
BRDA:192,17,0,1
BRDA:192,17,1,1
BRDA:192,18,0,2
BRDA:192,18,1,2
BRDA:209,19,0,1
BRDA:209,19,1,3
BRDA:210,20,0,1
BRDA:210,20,1,2
BRDA:210,21,0,3
BRDA:210,21,1,3
BRDA:214,22,0,1
BRDA:214,22,1,1
BRDA:263,23,0,1
BRDA:263,23,1,1
BRDA:277,24,0,1
BRDA:277,24,1,1
BRDA:292,25,0,1
BRDA:292,25,1,7
BRDA:295,26,0,4
BRDA:295,26,1,3
BRDA:296,27,0,2
BRDA:296,27,1,2
BRDA:296,28,0,4
BRDA:296,28,1,4
BRDA:298,29,0,1
BRDA:298,29,1,1
BRDA:306,30,0,7
BRDA:306,30,1,1
BRDA:307,31,0,7
BRDA:307,31,1,2
BRDA:308,32,0,7
BRDA:308,32,1,2
BRF:66
BRH:66
end_of_record
TN:
SF:controllers\ClaimController.js
FN:5,(anonymous_0)
FN:38,(anonymous_1)
FN:68,(anonymous_2)
FN:81,(anonymous_3)
FN:95,(anonymous_4)
FN:109,(anonymous_5)
FNF:6
FNH:6
FNDA:13,(anonymous_0)
FNDA:3,(anonymous_1)
FNDA:3,(anonymous_2)
FNDA:2,(anonymous_3)
FNDA:3,(anonymous_4)
FNDA:3,(anonymous_5)
DA:6,13
DA:7,13
DA:8,13
DA:10,13
DA:11,13
DA:12,13
DA:13,13
DA:25,5
DA:38,3
DA:39,3
DA:40,3
DA:41,3
DA:44,3
DA:54,6
DA:59,4
DA:69,3
DA:70,3
DA:71,3
DA:72,2
DA:74,2
DA:76,1
DA:77,1
DA:82,2
DA:84,2
DA:85,2
DA:86,1
DA:88,1
DA:90,1
DA:91,1
DA:96,3
DA:97,3
DA:98,3
DA:100,3
DA:102,2
DA:104,1
DA:105,1
DA:110,3
DA:111,3
DA:112,3
DA:114,3
DA:116,2
DA:118,1
DA:119,1
DA:124,1
LF:44
LH:44
BRF:0
BRH:0
end_of_record
TN:
SF:controllers\HistoryController.js
FN:8,(anonymous_0)
FN:52,(anonymous_1)
FN:83,(anonymous_2)
FN:100,(anonymous_3)
FN:118,(anonymous_4)
FN:136,(anonymous_5)
FN:145,(anonymous_6)
FN:155,(anonymous_7)
FN:165,(anonymous_8)
FNF:9
FNH:9
FNDA:22,(anonymous_0)
FNDA:6,(anonymous_1)
FNDA:1,(anonymous_2)
FNDA:3,(anonymous_3)
FNDA:3,(anonymous_4)
FNDA:3,(anonymous_5)
FNDA:1,(anonymous_6)
FNDA:3,(anonymous_7)
FNDA:1,(anonymous_8)
DA:1,1
DA:2,1
DA:9,22
DA:10,22
DA:11,22
DA:13,22
DA:14,22
DA:15,22
DA:16,22
DA:17,22
DA:18,22
DA:23,1
DA:24,1
DA:26,1
DA:27,1
DA:29,1
DA:33,0
DA:37,12
DA:38,12
DA:40,12
DA:49,8
DA:53,6
DA:55,6
DA:56,5
DA:58,4
DA:69,4
DA:77,1
DA:78,1
DA:84,1
DA:85,1
DA:86,0
DA:88,0
DA:95,1
DA:96,1
DA:101,3
DA:102,3
DA:103,2
DA:105,2
DA:107,1
DA:113,1
DA:114,1
DA:119,3
DA:120,3
DA:121,2
DA:123,2
DA:125,1
DA:131,1
DA:132,1
DA:137,3
DA:138,3
DA:139,3
DA:141,2
DA:143,1
DA:145,1
DA:146,1
DA:147,1
DA:150,1
DA:151,1
DA:156,3
DA:157,3
DA:159,3
DA:161,2
DA:163,1
DA:165,1
DA:166,1
DA:167,1
DA:170,1
DA:171,1
DA:176,1
LF:69
LH:66
BRDA:26,0,0,0
BRDA:26,0,1,1
BRDA:27,1,0,0
BRDA:27,1,1,1
BRDA:36,2,0,6
BRDA:38,3,0,6
BRDA:38,3,1,6
BRDA:56,4,0,1
BRDA:56,4,1,4
BRDA:62,5,0,4
BRDA:62,5,1,2
BRDA:63,6,0,4
BRDA:63,6,1,2
BRDA:105,7,0,1
BRDA:105,7,1,1
BRDA:123,8,0,1
BRDA:123,8,1,1
BRDA:141,9,0,1
BRDA:141,9,1,1
BRDA:146,10,0,0
BRDA:146,10,1,1
BRDA:151,11,0,1
BRDA:151,11,1,0
BRDA:161,12,0,1
BRDA:161,12,1,1
BRDA:166,13,0,0
BRDA:166,13,1,1
BRDA:171,14,0,1
BRDA:171,14,1,0
BRF:29
BRH:23
end_of_record
TN:
SF:controllers\LandingController.js
FN:7,(anonymous_0)
FN:47,(anonymous_1)
FNF:2
FNH:2
FNDA:12,(anonymous_0)
FNDA:10,(anonymous_1)
DA:8,12
DA:9,12
DA:12,12
DA:18,19
DA:27,9
DA:31,8
DA:36,8
DA:38,8
DA:48,10
DA:50,10
DA:51,9
DA:54,9
DA:58,8
DA:61,7
DA:69,3
DA:70,3
DA:75,1
LF:17
LH:17
BRDA:58,0,0,2
BRDA:58,0,1,6
BRF:2
BRH:2
end_of_record
TN:
SF:controllers\ReportController.js
FN:12,(anonymous_0)
FN:248,(anonymous_1)
FN:256,(anonymous_2)
FN:265,(anonymous_3)
FN:269,(anonymous_4)
FN:274,(anonymous_5)
FN:291,(anonymous_6)
FN:306,(anonymous_7)
FN:319,(anonymous_8)
FN:332,(anonymous_9)
FN:352,(anonymous_10)
FN:356,(anonymous_11)
FN:361,(anonymous_12)
FN:365,(anonymous_13)
FN:370,(anonymous_14)
FN:394,(anonymous_15)
FN:399,(anonymous_16)
FN:404,(anonymous_17)
FN:431,(anonymous_18)
FN:435,(anonymous_19)
FNF:20
FNH:19
FNDA:123,(anonymous_0)
FNDA:2,(anonymous_1)
FNDA:2,(anonymous_2)
FNDA:3,(anonymous_3)
FNDA:3,(anonymous_4)
FNDA:0,(anonymous_5)
FNDA:3,(anonymous_6)
FNDA:1,(anonymous_7)
FNDA:1,(anonymous_8)
FNDA:6,(anonymous_9)
FNDA:3,(anonymous_10)
FNDA:4,(anonymous_11)
FNDA:3,(anonymous_12)
FNDA:3,(anonymous_13)
FNDA:4,(anonymous_14)
FNDA:6,(anonymous_15)
FNDA:6,(anonymous_16)
FNDA:4,(anonymous_17)
FNDA:4,(anonymous_18)
FNDA:4,(anonymous_19)
DA:3,1
DA:4,1
DA:5,1
DA:6,1
DA:13,123
DA:14,123
DA:15,123
DA:16,123
DA:19,123
DA:20,123
DA:21,123
DA:22,123
DA:23,123
DA:24,123
DA:25,123
DA:26,123
DA:27,123
DA:28,123
DA:29,123
DA:30,123
DA:31,123
DA:32,123
DA:33,123
DA:34,123
DA:35,123
DA:36,123
DA:37,123
DA:47,5
DA:63,6
DA:64,6
DA:67,6
DA:68,2
DA:69,2
DA:72,4
DA:74,4
DA:86,4
DA:87,4
DA:90,2
DA:91,1
DA:92,1
DA:93,1
DA:95,1
DA:98,2
DA:99,2
DA:100,2
DA:106,7
DA:107,7
DA:108,7
DA:109,7
DA:111,7
DA:112,7
DA:113,7
DA:115,7
DA:117,5
DA:120,3
DA:121,1
DA:124,2
DA:125,2
DA:126,2
DA:128,2
DA:129,2
DA:130,2
DA:133,2
DA:134,2
DA:136,2
DA:137,2
DA:138,2
DA:144,6
DA:145,6
DA:147,6
DA:148,6
DA:149,6
DA:151,6
DA:153,4
DA:155,2
DA:157,2
DA:158,2
DA:160,2
DA:161,2
DA:167,12
DA:168,12
DA:170,12
DA:171,2
DA:174,10
DA:175,10
DA:177,8
DA:179,6
DA:180,6
DA:182,6
DA:183,6
DA:186,4
DA:187,2
DA:191,2
DA:192,2
DA:193,2
DA:194,2
DA:195,2
DA:196,2
DA:197,2
DA:200,2
DA:201,2
DA:203,2
DA:204,2
DA:205,2
DA:211,8
DA:212,8
DA:214,8
DA:215,8
DA:216,6
DA:219,4
DA:222,4
DA:223,4
DA:224,4
DA:227,4
DA:228,2
DA:232,4
DA:233,4
DA:235,4
DA:237,4
DA:239,2
DA:240,2
DA:249,2
DA:250,2
DA:252,1
DA:257,2
DA:258,2
DA:260,1
DA:266,3
DA:270,3
DA:275,0
DA:276,0
DA:277,0
DA:281,0
DA:282,0
DA:284,0
DA:286,0
DA:287,0
DA:292,3
DA:293,3
DA:296,3
DA:297,3
DA:299,2
DA:301,1
DA:302,1
DA:307,1
DA:309,1
DA:310,1
DA:312,0
DA:314,1
DA:315,1
DA:320,1
DA:322,1
DA:323,1
DA:325,0
DA:327,1
DA:328,1
DA:333,6
DA:335,6
DA:336,5
DA:341,4
DA:343,3
DA:345,3
DA:346,3
DA:353,3
DA:357,4
DA:362,3
DA:366,3
DA:371,4
DA:372,4
DA:374,4
DA:375,4
DA:376,3
DA:378,2
DA:380,1
DA:382,1
DA:383,1
DA:385,1
DA:387,1
DA:389,1
DA:390,1
DA:396,6
DA:401,6
DA:405,4
DA:406,4
DA:408,4
DA:409,4
DA:411,3
DA:413,2
DA:414,2
DA:415,2
DA:417,2
DA:418,2
DA:419,1
DA:420,1
DA:423,2
DA:425,1
DA:426,1
DA:432,4
DA:436,4
DA:440,1
LF:200
LH:190
BRDA:62,0,0,0
BRDA:67,1,0,2
BRDA:67,1,1,4
BRDA:67,2,0,6
BRDA:67,2,1,6
BRDA:67,2,2,4
BRDA:67,2,3,4
BRDA:67,2,4,4
BRDA:72,3,0,2
BRDA:72,3,1,2
BRDA:80,4,0,4
BRDA:80,4,1,0
BRDA:90,5,0,1
BRDA:90,5,1,1
BRDA:105,6,0,0
BRDA:109,7,0,3
BRDA:109,7,1,4
BRDA:113,8,0,3
BRDA:113,8,1,4
BRDA:117,9,0,2
BRDA:117,9,1,3
BRDA:120,10,0,1
BRDA:120,10,1,2
BRDA:120,11,0,3
BRDA:120,11,1,2
BRDA:124,12,0,2
BRDA:124,12,1,0
BRDA:125,13,0,2
BRDA:125,13,1,0
BRDA:126,14,0,2
BRDA:126,14,1,0
BRDA:128,15,0,2
BRDA:128,15,1,0
BRDA:129,16,0,2
BRDA:129,16,1,0
BRDA:143,17,0,0
BRDA:149,18,0,3
BRDA:149,18,1,3
BRDA:153,19,0,2
BRDA:153,19,1,2
BRDA:155,20,0,2
BRDA:155,20,1,0
BRDA:166,21,0,0
BRDA:167,22,0,6
BRDA:167,22,1,6
BRDA:170,23,0,2
BRDA:170,23,1,10
BRDA:170,24,0,12
BRDA:170,24,1,10
BRDA:170,24,2,10
BRDA:170,24,3,10
BRDA:170,24,4,10
BRDA:177,25,0,2
BRDA:177,25,1,6
BRDA:183,26,0,2
BRDA:183,26,1,4
BRDA:186,27,0,2
BRDA:186,27,1,2
BRDA:196,28,0,2
BRDA:196,28,1,0
BRDA:200,29,0,1
BRDA:200,29,1,1
BRDA:210,30,0,0
BRDA:212,31,0,4
BRDA:212,31,1,4
BRDA:216,32,0,2
BRDA:216,32,1,4
BRDA:222,33,0,4
BRDA:222,33,1,0
BRDA:223,34,0,4
BRDA:223,34,1,0
BRDA:224,35,0,4
BRDA:224,35,1,0
BRDA:227,36,0,2
BRDA:227,36,1,2
BRDA:310,37,0,1
BRDA:310,37,1,0
BRDA:310,38,0,1
BRDA:310,38,1,1
BRDA:376,39,0,1
BRDA:376,39,1,2
BRDA:378,40,0,1
BRDA:378,40,1,1
BRDA:411,41,0,1
BRDA:411,41,1,2
BRDA:418,42,0,1
BRDA:418,42,1,1
BRF:87
BRH:70
end_of_record
TN:
SF:controllers\UserController.js
FN:11,(anonymous_0)
FN:34,(anonymous_1)
FN:51,(anonymous_2)
FN:64,(anonymous_3)
FN:86,(anonymous_4)
FN:103,(anonymous_5)
FN:167,(anonymous_6)
FN:179,(anonymous_7)
FN:191,(anonymous_8)
FNF:9
FNH:8
FNDA:10,(anonymous_0)
FNDA:1,(anonymous_1)
FNDA:1,(anonymous_2)
FNDA:2,(anonymous_3)
FNDA:1,(anonymous_4)
FNDA:2,(anonymous_5)
FNDA:2,(anonymous_6)
FNDA:0,(anonymous_7)
FNDA:1,(anonymous_8)
DA:3,1
DA:4,1
DA:5,1
DA:12,10
DA:15,10
DA:16,10
DA:17,10
DA:18,10
DA:19,10
DA:20,10
DA:21,10
DA:22,10
DA:28,1
DA:29,1
DA:35,1
DA:37,1
DA:42,1
DA:44,1
DA:46,0
DA:47,0
DA:52,1
DA:53,1
DA:56,1
DA:57,1
DA:59,0
DA:60,0
DA:65,2
DA:66,2
DA:67,2
DA:72,2
DA:73,1
DA:77,1
DA:79,1
DA:81,0
DA:82,0
DA:87,1
DA:88,1
DA:89,1
DA:91,1
DA:95,1
DA:98,0
DA:99,0
DA:104,2
DA:105,2
DA:108,2
DA:109,2
DA:111,1
DA:112,1
DA:120,1
DA:122,1
DA:129,1
DA:131,0
DA:132,0
DA:139,3
DA:143,1
DA:146,1
DA:147,0
DA:148,0
DA:149,0
DA:150,0
DA:153,0
DA:157,1
DA:158,1
DA:159,1
DA:161,1
DA:163,1
DA:168,2
DA:169,2
DA:170,2
DA:172,1
DA:174,0
DA:175,0
DA:180,0
DA:181,0
DA:182,0
DA:184,0
DA:186,0
DA:187,0
DA:192,1
DA:193,1
DA:194,1
DA:196,1
DA:198,0
DA:199,0
DA:204,1
LF:85
LH:60
BRDA:72,0,0,1
BRDA:72,0,1,1
BRDA:109,1,0,1
BRDA:109,1,1,1
BRDA:146,2,0,0
BRDA:146,2,1,1
BRDA:147,3,0,0
BRDA:147,3,1,0
BRDA:147,4,0,0
BRDA:147,4,1,0
BRDA:149,5,0,0
BRDA:149,5,1,0
BRDA:157,6,0,1
BRDA:157,6,1,0
BRDA:158,7,0,1
BRDA:158,7,1,1
BRDA:159,8,0,1
BRDA:159,8,1,1
BRDA:170,9,0,1
BRDA:170,9,1,1
BRDA:182,10,0,0
BRDA:182,10,1,0
BRDA:194,11,0,0
BRDA:194,11,1,1
BRF:24
BRH:13
end_of_record
TN:
SF:controllers\VerificationController.js
FN:5,(anonymous_0)
FN:30,(anonymous_1)
FN:47,(anonymous_2)
FNF:3
FNH:3
FNDA:6,(anonymous_0)
FNDA:2,(anonymous_1)
FNDA:4,(anonymous_2)
DA:6,6
DA:7,6
DA:9,6
DA:10,6
DA:19,2
DA:20,1
DA:21,1
DA:22,1
DA:24,1
DA:25,1
DA:26,1
DA:31,2
DA:32,2
DA:38,1
DA:40,1
DA:42,1
DA:43,1
DA:48,4
DA:49,4
DA:50,4
DA:52,4
DA:53,3
DA:54,1
DA:57,2
DA:59,2
DA:61,2
DA:63,1
DA:64,1
DA:69,1
LF:29
LH:29
BRDA:18,0,0,1
BRDA:19,1,0,1
BRDA:19,1,1,1
BRDA:53,2,0,1
BRDA:53,2,1,2
BRF:5
BRH:5
end_of_record
TN:
SF:middleware\AuthMiddleware.js
FN:4,(anonymous_0)
FN:13,(anonymous_1)
FNF:2
FNH:2
FNDA:1,(anonymous_0)
FNDA:3,(anonymous_1)
DA:1,1
DA:5,1
DA:14,3
DA:16,3
DA:17,1
DA:20,2
DA:21,2
DA:23,1
DA:25,1
DA:27,1
DA:29,1
DA:30,1
DA:35,1
LF:13
LH:13
BRDA:16,0,0,1
BRDA:16,0,1,2
BRF:2
BRH:2
end_of_record
TN:
SF:middleware\CheckRoleMiddleware.js
FN:2,(anonymous_0)
FN:10,(anonymous_1)
FN:11,(anonymous_2)
FNF:3
FNH:3
FNDA:1,(anonymous_0)
FNDA:4,(anonymous_1)
FNDA:4,(anonymous_2)
DA:3,1
DA:11,4
DA:12,4
DA:13,2
DA:16,2
DA:17,1
DA:19,1
DA:25,1
LF:8
LH:8
BRDA:12,0,0,2
BRDA:12,0,1,2
BRDA:12,1,0,4
BRDA:12,1,1,3
BRDA:16,2,0,1
BRDA:16,2,1,1
BRF:6
BRH:6
end_of_record
TN:
SF:middleware\UploadMiddleware.js
FN:7,(anonymous_0)
FN:13,(anonymous_1)
FN:23,(anonymous_2)
FN:25,(anonymous_3)
FN:28,(anonymous_4)
FN:44,(anonymous_5)
FN:61,(anonymous_6)
FN:71,(anonymous_7)
FNF:8
FNH:7
FNDA:9,(anonymous_0)
FNDA:2,(anonymous_1)
FNDA:12,(anonymous_2)
FNDA:0,(anonymous_3)
FNDA:2,(anonymous_4)
FNDA:3,(anonymous_5)
FNDA:10,(anonymous_6)
FNDA:1,(anonymous_7)
DA:2,1
DA:3,1
DA:4,1
DA:8,9
DA:9,9
DA:10,9
DA:14,2
DA:15,1
DA:16,1
DA:24,12
DA:26,0
DA:29,2
DA:30,2
DA:31,1
DA:33,1
DA:45,3
DA:46,3
DA:48,3
DA:49,2
DA:55,1
DA:62,10
DA:64,10
DA:72,1
DA:79,1
LF:24
LH:23
BRDA:14,0,0,1
BRDA:14,0,1,1
BRDA:30,1,0,1
BRDA:30,1,1,1
BRDA:48,2,0,2
BRDA:48,2,1,1
BRDA:48,3,0,3
BRDA:48,3,1,2
BRF:8
BRH:8
end_of_record
TN:
SF:middleware\ValidTokenMiddleware.js
FN:4,(anonymous_0)
FN:13,(anonymous_1)
FN:20,(anonymous_2)
FNF:3
FNH:3
FNDA:1,(anonymous_0)
FNDA:3,(anonymous_1)
FNDA:2,(anonymous_2)
DA:1,1
DA:5,1
DA:14,3
DA:16,3
DA:17,1
DA:20,2
DA:21,2
DA:22,1
DA:23,1
DA:24,1
DA:30,1
DA:31,1
DA:36,1
DA:38,1
LF:14
LH:14
BRDA:16,0,0,1
BRDA:16,0,1,2
BRDA:21,1,0,1
BRDA:21,1,1,1
BRF:4
BRH:4
end_of_record
TN:
SF:models\claim.js
FN:4,(anonymous_0)
FN:6,(anonymous_1)
FNF:2
FNH:2
FNDA:2,(anonymous_0)
FNDA:2,(anonymous_1)
DA:2,2
DA:4,2
DA:7,2
DA:12,2
DA:18,2
DA:57,2
LF:6
LH:6
BRF:0
BRH:0
end_of_record
TN:
SF:models\laporan.js
FN:4,(anonymous_0)
FN:6,(anonymous_1)
FNF:2
FNH:2
FNDA:2,(anonymous_0)
FNDA:2,(anonymous_1)
DA:2,2
DA:4,2
DA:7,2
DA:12,2
DA:18,2
DA:74,2
LF:6
LH:6
BRF:0
BRH:0
end_of_record
TN:
SF:models\user.js
FN:4,(anonymous_0)
FN:6,(anonymous_1)
FNF:2
FNH:2
FNDA:3,(anonymous_0)
FNDA:2,(anonymous_1)
DA:2,3
DA:4,3
DA:7,2
DA:12,2
DA:19,3
DA:95,3
LF:6
LH:6
BRF:0
BRH:0
end_of_record
TN:
SF:services\DocumentService.js
FN:9,(anonymous_0)
FN:55,(anonymous_1)
FN:67,(anonymous_2)
FN:75,(anonymous_3)
FN:84,(anonymous_4)
FN:85,(anonymous_5)
FN:88,(anonymous_6)
FN:95,(anonymous_7)
FN:111,(anonymous_8)
FN:112,(anonymous_9)
FN:129,(anonymous_10)
FNF:11
FNH:11
FNDA:22,(anonymous_0)
FNDA:4,(anonymous_1)
FNDA:1,(anonymous_2)
FNDA:1,(anonymous_3)
FNDA:11,(anonymous_4)
FNDA:21,(anonymous_5)
FNDA:10,(anonymous_6)
FNDA:13,(anonymous_7)
FNDA:12,(anonymous_8)
FNDA:12,(anonymous_9)
FNDA:4,(anonymous_10)
DA:1,2
DA:2,2
DA:3,2
DA:4,2
DA:5,2
DA:6,2
DA:10,22
DA:11,22
DA:13,22
DA:18,12
DA:44,36
DA:45,14
DA:50,12
DA:51,12
DA:53,12
DA:57,4
DA:58,4
DA:59,2
DA:61,2
DA:63,1
DA:64,1
DA:67,1
DA:70,12
DA:75,1
DA:77,12
DA:79,12
DA:84,11
DA:85,11
DA:86,21
DA:87,11
DA:88,10
DA:90,11
DA:96,13
DA:97,13
DA:98,1
DA:101,12
DA:102,12
DA:104,12
DA:105,12
DA:107,12
DA:109,12
DA:111,12
DA:112,12
DA:113,12
DA:114,1
DA:115,1
DA:118,11
DA:119,11
DA:120,1
DA:123,10
DA:130,4
DA:131,4
DA:132,3
DA:133,3
DA:135,1
DA:140,2
LF:56
LH:56
BRDA:13,0,0,1
BRDA:13,0,1,21
BRDA:19,1,0,12
BRDA:19,1,1,0
BRDA:20,2,0,12
BRDA:20,2,1,7
BRDA:21,3,0,12
BRDA:21,3,1,7
BRDA:22,4,0,12
BRDA:22,4,1,7
BRDA:24,5,0,12
BRDA:24,5,1,7
BRDA:26,6,0,12
BRDA:26,6,1,7
BRDA:28,7,0,12
BRDA:28,7,1,7
BRDA:29,8,0,12
BRDA:29,8,1,7
BRDA:30,9,0,12
BRDA:30,9,1,7
BRDA:31,10,0,12
BRDA:31,10,1,8
BRDA:32,11,0,12
BRDA:32,11,1,8
BRDA:33,12,0,12
BRDA:33,12,1,8
BRDA:34,13,0,12
BRDA:34,13,1,8
BRDA:36,14,0,5
BRDA:36,14,1,7
BRDA:44,15,0,22
BRDA:44,15,1,14
BRDA:58,16,0,2
BRDA:58,16,1,2
BRDA:58,17,0,4
BRDA:58,17,1,3
BRDA:83,18,0,11
BRDA:83,19,0,11
BRDA:86,20,0,10
BRDA:86,20,1,11
BRDA:87,21,0,1
BRDA:87,21,1,10
BRDA:97,22,0,1
BRDA:97,22,1,12
BRDA:113,23,0,1
BRDA:113,23,1,11
BRDA:119,24,0,1
BRDA:119,24,1,10
BRDA:131,25,0,3
BRDA:131,25,1,1
BRDA:132,26,0,1
BRDA:132,26,1,2
BRF:52
BRH:51
end_of_record
TN:
SF:services\EmailService.js
FN:6,(anonymous_0)
FN:18,(anonymous_1)
FN:35,(anonymous_2)
FNF:3
FNH:3
FNDA:6,(anonymous_0)
FNDA:3,(anonymous_1)
FNDA:2,(anonymous_2)
DA:1,2
DA:2,2
DA:3,2
DA:7,6
DA:14,6
DA:15,6
DA:19,3
DA:20,3
DA:22,3
DA:27,2
DA:36,2
DA:38,2
DA:42,2
DA:51,2
LF:14
LH:14
BRF:0
BRH:0
end_of_record
TN:
SF:services\ReportService.js
FN:8,(anonymous_0)
FN:24,(anonymous_1)
FN:36,(anonymous_2)
FN:54,(anonymous_3)
FN:67,(anonymous_4)
FN:80,(anonymous_5)
FNF:6
FNH:6
FNDA:23,(anonymous_0)
FNDA:4,(anonymous_1)
FNDA:5,(anonymous_2)
FNDA:5,(anonymous_3)
FNDA:6,(anonymous_4)
FNDA:8,(anonymous_5)
DA:3,1
DA:4,1
DA:5,1
DA:9,23
DA:16,23
DA:25,4
DA:26,4
DA:27,2
DA:29,2
DA:37,5
DA:54,5
DA:55,5
DA:56,1
DA:58,4
DA:68,6
DA:69,5
DA:70,5
DA:71,4
DA:81,8
DA:82,8
DA:83,6
DA:88,1
LF:22
LH:22
BRDA:26,0,0,2
BRDA:26,0,1,2
BRDA:55,1,0,1
BRDA:55,1,1,4
BRDA:68,2,0,5
BRDA:68,2,1,1
BRDA:69,3,0,5
BRDA:69,3,1,1
BRDA:70,4,0,4
BRDA:70,4,1,1
BRDA:82,5,0,6
BRDA:82,5,1,2
BRF:12
BRH:12
end_of_record
