TN:
SF:controllers\AuthController.js
FN:13,(anonymous_0)
FN:84,(anonymous_1)
FN:109,(anonymous_2)
FN:134,(anonymous_3)
FN:163,(anonymous_4)
FN:184,(anonymous_5)
FN:203,(anonymous_6)
FN:230,(anonymous_7)
FN:234,(anonymous_8)
FN:240,(anonymous_9)
FN:244,(anonymous_10)
FN:248,(anonymous_11)
FN:258,(anonymous_12)
FN:272,(anonymous_13)
FN:286,(anonymous_14)
FNF:15
FNH:15
FNDA:58,(anonymous_0)
FNDA:3,(anonymous_1)
FNDA:5,(anonymous_2)
FNDA:7,(anonymous_3)
FNDA:3,(anonymous_4)
FNDA:4,(anonymous_5)
FNDA:5,(anonymous_6)
FNDA:1,(anonymous_7)
FNDA:1,(anonymous_8)
FNDA:6,(anonymous_9)
FNDA:6,(anonymous_10)
FNDA:2,(anonymous_11)
FNDA:3,(anonymous_12)
FNDA:3,(anonymous_13)
FNDA:9,(anonymous_14)
DA:1,1
DA:2,1
DA:3,1
DA:4,1
DA:5,1
DA:7,1
DA:14,58
DA:15,58
DA:17,58
DA:18,58
DA:19,58
DA:20,58
DA:21,58
DA:22,58
DA:23,58
DA:24,58
DA:25,58
DA:26,58
DA:27,58
DA:28,58
DA:29,58
DA:30,58
DA:34,4
DA:35,4
DA:39,2
DA:40,2
DA:45,2
DA:50,8
DA:51,8
DA:55,12
DA:56,12
DA:58,12
DA:59,12
DA:60,10
DA:62,8
DA:63,8
DA:65,6
DA:66,2
DA:69,4
DA:71,2
DA:72,2
DA:74,2
DA:76,2
DA:78,2
DA:79,2
DA:85,3
DA:86,3
DA:87,3
DA:88,2
DA:89,1
DA:92,1
DA:93,1
DA:95,1
DA:100,1
DA:102,1
DA:104,1
DA:105,1
DA:110,5
DA:111,5
DA:112,5
DA:113,4
DA:115,4
DA:116,3
DA:118,2
DA:119,1
DA:122,1
DA:123,1
DA:124,1
DA:125,1
DA:127,1
DA:129,1
DA:130,1
DA:135,7
DA:136,7
DA:137,7
DA:139,6
DA:140,5
DA:142,4
DA:143,4
DA:145,3
DA:151,3
DA:153,3
DA:154,2
DA:156,1
DA:158,1
DA:159,1
DA:164,3
DA:165,3
DA:166,3
DA:167,2
DA:169,1
DA:171,1
DA:172,1
DA:173,1
DA:175,1
DA:177,1
DA:179,1
DA:180,1
DA:185,4
DA:186,4
DA:187,4
DA:188,3
DA:190,3
DA:192,2
DA:193,1
DA:196,1
DA:198,1
DA:199,1
DA:204,5
DA:205,5
DA:206,5
DA:207,4
DA:209,4
DA:210,3
DA:211,1
DA:214,2
DA:215,1
DA:218,1
DA:219,1
DA:220,1
DA:221,1
DA:223,1
DA:225,1
DA:226,1
DA:231,1
DA:235,1
DA:236,1
DA:241,6
DA:245,6
DA:249,2
DA:250,2
DA:251,1
DA:253,1
DA:254,1
DA:259,3
DA:260,3
DA:261,3
DA:263,2
DA:265,1
DA:267,1
DA:268,1
DA:273,3
DA:274,3
DA:275,3
DA:277,2
DA:279,1
DA:281,1
DA:282,1
DA:287,9
DA:288,9
DA:289,9
DA:291,9
DA:292,8
DA:295,7
DA:296,4
DA:297,2
DA:298,2
DA:299,1
DA:302,4
DA:306,7
DA:307,7
DA:308,7
DA:310,7
DA:312,7
DA:314,1
DA:315,1
DA:320,1
LF:167
LH:167
BRDA:60,0,0,2
BRDA:60,0,1,8
BRDA:63,1,0,2
BRDA:63,1,1,6
BRDA:65,2,0,2
BRDA:65,2,1,4
BRDA:69,3,0,2
BRDA:69,3,1,2
BRDA:74,4,0,1
BRDA:74,4,1,1
BRDA:88,5,0,1
BRDA:88,5,1,1
BRDA:115,6,0,1
BRDA:115,6,1,3
BRDA:116,7,0,1
BRDA:116,7,1,2
BRDA:118,8,0,1
BRDA:118,8,1,1
BRDA:118,9,0,2
BRDA:118,9,1,2
BRDA:139,10,0,1
BRDA:139,10,1,5
BRDA:140,11,0,1
BRDA:140,11,1,4
BRDA:143,12,0,1
BRDA:143,12,1,3
BRDA:153,13,0,1
BRDA:153,13,1,2
BRDA:154,14,0,1
BRDA:154,14,1,1
BRDA:167,15,0,1
BRDA:167,15,1,1
BRDA:190,16,0,1
BRDA:190,16,1,2
BRDA:192,17,0,1
BRDA:192,17,1,1
BRDA:192,18,0,2
BRDA:192,18,1,2
BRDA:209,19,0,1
BRDA:209,19,1,3
BRDA:210,20,0,1
BRDA:210,20,1,2
BRDA:210,21,0,3
BRDA:210,21,1,3
BRDA:214,22,0,1
BRDA:214,22,1,1
BRDA:263,23,0,1
BRDA:263,23,1,1
BRDA:277,24,0,1
BRDA:277,24,1,1
BRDA:292,25,0,1
BRDA:292,25,1,7
BRDA:295,26,0,4
BRDA:295,26,1,3
BRDA:296,27,0,2
BRDA:296,27,1,2
BRDA:296,28,0,4
BRDA:296,28,1,4
BRDA:298,29,0,1
BRDA:298,29,1,1
BRDA:306,30,0,7
BRDA:306,30,1,1
BRDA:307,31,0,7
BRDA:307,31,1,2
BRDA:308,32,0,7
BRDA:308,32,1,2
BRF:66
BRH:66
end_of_record
